â § Running Flake8...
â  Running PyLint...
â ¼ Running MyPy...
                                    Jack-O-Linter Results                                    
â”â”â”â”â”â”â”â”â”â”³â”â”â”â”â”â”â”â”â”³â”â”â”â”â”â”â”â”â”â”â”â”â”â”â”â”â”â”â”â”â”â”â”â”â”â”â”â”â”â”â”â”â”â”â”â”â”³â”â”â”â”â”â”â”â”â”â”â”â”â”â”â”â”â”â”â”â”â”â”â”â”â”â”â”â”â”â”â”â”â”â”â”â”â”“
â”ƒ Tool   â”ƒ  Score â”ƒ Errors                             â”ƒ Warnings                           â”ƒ
â”¡â”â”â”â”â”â”â”â”â•‡â”â”â”â”â”â”â”â”â•‡â”â”â”â”â”â”â”â”â”â”â”â”â”â”â”â”â”â”â”â”â”â”â”â”â”â”â”â”â”â”â”â”â”â”â”â”â•‡â”â”â”â”â”â”â”â”â”â”â”â”â”â”â”â”â”â”â”â”â”â”â”â”â”â”â”â”â”â”â”â”â”â”â”â”â”©
â”‚ MyPy   â”‚  98.93 â”‚ src/requests/compat.py:64: error:  â”‚ src/requests/cookies.py:20: note:  â”‚
â”‚        â”‚        â”‚ Name "json" already defined (by an â”‚ See                                â”‚
â”‚        â”‚        â”‚ import)                            â”‚ https://mypy.readthedocs.io/en/stâ€¦ â”‚
â”‚        â”‚        â”‚ src/requests/compat.py:69: error:  â”‚ src/requests/help.py:31: note:     â”‚
â”‚        â”‚        â”‚ Incompatible import of             â”‚ Hint: "python3 -m pip install      â”‚
â”‚        â”‚        â”‚ "JSONDecodeError" (imported name   â”‚ types-pyOpenSSL"                   â”‚
â”‚        â”‚        â”‚ has type "type", local name has    â”‚ src/requests/help.py:31: note: (or â”‚
â”‚        â”‚        â”‚ type "type")                       â”‚ run "mypy --install-types" to      â”‚
â”‚        â”‚        â”‚ src/requests/compat.py:93: error:  â”‚ install all missing stub packages) â”‚
â”‚        â”‚        â”‚ Module "urllib.request" has no     â”‚                                    â”‚
â”‚        â”‚        â”‚ attribute                          â”‚                                    â”‚
â”‚        â”‚        â”‚ "proxy_bypass_environment"         â”‚                                    â”‚
â”‚        â”‚        â”‚ src/requests/cookies.py:20: error: â”‚                                    â”‚
â”‚        â”‚        â”‚ Cannot find implementation or      â”‚                                    â”‚
â”‚        â”‚        â”‚ library stub for module named      â”‚                                    â”‚
â”‚        â”‚        â”‚ "dummy_threading"                  â”‚                                    â”‚
â”‚        â”‚        â”‚ src/requests/cookies.py:20: error: â”‚                                    â”‚
â”‚        â”‚        â”‚ Name "threading" already defined   â”‚                                    â”‚
â”‚        â”‚        â”‚ (by an import)                     â”‚                                    â”‚
â”‚        â”‚        â”‚ src/requests/models.py:72: error:  â”‚                                    â”‚
â”‚        â”‚        â”‚ "LookupDict" has no attribute      â”‚                                    â”‚
â”‚        â”‚        â”‚ "moved"                            â”‚                                    â”‚
â”‚        â”‚        â”‚ src/requests/models.py:73: error:  â”‚                                    â”‚
â”‚        â”‚        â”‚ "LookupDict" has no attribute      â”‚                                    â”‚
â”‚        â”‚        â”‚ "found"                            â”‚                                    â”‚
â”‚        â”‚        â”‚ src/requests/models.py:74: error:  â”‚                                    â”‚
â”‚        â”‚        â”‚ "LookupDict" has no attribute      â”‚                                    â”‚
â”‚        â”‚        â”‚ "other"                            â”‚                                    â”‚
â”‚        â”‚        â”‚ src/requests/models.py:75: error:  â”‚                                    â”‚
â”‚        â”‚        â”‚ "LookupDict" has no attribute      â”‚                                    â”‚
â”‚        â”‚        â”‚ "temporary_redirect"               â”‚                                    â”‚
â”‚        â”‚        â”‚ src/requests/models.py:76: error:  â”‚                                    â”‚
â”‚        â”‚        â”‚ "LookupDict" has no attribute      â”‚                                    â”‚
â”‚        â”‚        â”‚ "permanent_redirect"               â”‚                                    â”‚
â”‚        â”‚        â”‚ src/requests/adapters.py:63:       â”‚                                    â”‚
â”‚        â”‚        â”‚ error: Name "SOCKSProxyManager"    â”‚                                    â”‚
â”‚        â”‚        â”‚ already defined (possibly by an    â”‚                                    â”‚
â”‚        â”‚        â”‚ import)                            â”‚                                    â”‚
â”‚        â”‚        â”‚ src/requests/adapters.py:87:       â”‚                                    â”‚
â”‚        â”‚        â”‚ error: Incompatible types in       â”‚                                    â”‚
â”‚        â”‚        â”‚ assignment (expression has type    â”‚                                    â”‚
â”‚        â”‚        â”‚ "None", variable has type          â”‚                                    â”‚
â”‚        â”‚        â”‚ "SSLContext")                      â”‚                                    â”‚
â”‚        â”‚        â”‚ src/requests/adapters.py:95:       â”‚                                    â”‚
â”‚        â”‚        â”‚ error: Invalid type comment or     â”‚                                    â”‚
â”‚        â”‚        â”‚ annotation                         â”‚                                    â”‚
â”‚        â”‚        â”‚ src/requests/adapters.py:117:      â”‚                                    â”‚
â”‚        â”‚        â”‚ error: Incompatible types in       â”‚                                    â”‚
â”‚        â”‚        â”‚ assignment (expression has type    â”‚                                    â”‚
â”‚        â”‚        â”‚ "str", target has type             â”‚                                    â”‚
â”‚        â”‚        â”‚ "SSLContext")                      â”‚                                    â”‚
â”‚        â”‚        â”‚ src/requests/adapters.py:119:      â”‚                                    â”‚
â”‚        â”‚        â”‚ error: Incompatible types in       â”‚                                    â”‚
â”‚        â”‚        â”‚ assignment (expression has type    â”‚                                    â”‚
â”‚        â”‚        â”‚ "str", target has type             â”‚                                    â”‚
â”‚        â”‚        â”‚ "SSLContext")                      â”‚                                    â”‚
â”‚        â”‚        â”‚ src/requests/adapters.py:120:      â”‚                                    â”‚
â”‚        â”‚        â”‚ error: Incompatible types in       â”‚                                    â”‚
â”‚        â”‚        â”‚ assignment (expression has type    â”‚                                    â”‚
â”‚        â”‚        â”‚ "str", target has type             â”‚                                    â”‚
â”‚        â”‚        â”‚ "SSLContext")                      â”‚                                    â”‚
â”‚        â”‚        â”‚ src/requests/adapters.py:123:      â”‚                                    â”‚
â”‚        â”‚        â”‚ error: Incompatible types in       â”‚                                    â”‚
â”‚        â”‚        â”‚ assignment (expression has type    â”‚                                    â”‚
â”‚        â”‚        â”‚ "str", target has type             â”‚                                    â”‚
â”‚        â”‚        â”‚ "SSLContext")                      â”‚                                    â”‚
â”‚        â”‚        â”‚ src/requests/adapters.py:124:      â”‚                                    â”‚
â”‚        â”‚        â”‚ error: Incompatible types in       â”‚                                    â”‚
â”‚        â”‚        â”‚ assignment (expression has type    â”‚                                    â”‚
â”‚        â”‚        â”‚ "str", target has type             â”‚                                    â”‚
â”‚        â”‚        â”‚ "SSLContext")                      â”‚                                    â”‚
â”‚        â”‚        â”‚ src/requests/adapters.py:128:      â”‚                                    â”‚
â”‚        â”‚        â”‚ error: Incompatible types in       â”‚                                    â”‚
â”‚        â”‚        â”‚ assignment (expression has type    â”‚                                    â”‚
â”‚        â”‚        â”‚ "str", target has type             â”‚                                    â”‚
â”‚        â”‚        â”‚ "SSLContext")                      â”‚                                    â”‚
â”‚        â”‚        â”‚ src/requests/__init__.py:50:       â”‚                                    â”‚
â”‚        â”‚        â”‚ error: Incompatible types in       â”‚                                    â”‚
â”‚        â”‚        â”‚ assignment (expression has type    â”‚                                    â”‚
â”‚        â”‚        â”‚ "None", variable has type "str")   â”‚                                    â”‚
â”‚        â”‚        â”‚ src/requests/__init__.py:55:       â”‚                                    â”‚
â”‚        â”‚        â”‚ error: Incompatible types in       â”‚                                    â”‚
â”‚        â”‚        â”‚ assignment (expression has type    â”‚                                    â”‚
â”‚        â”‚        â”‚ "None", variable has type "str")   â”‚                                    â”‚
â”‚        â”‚        â”‚ src/requests/__init__.py:128:      â”‚                                    â”‚
â”‚        â”‚        â”‚ error: Incompatible types in       â”‚                                    â”‚
â”‚        â”‚        â”‚ assignment (expression has type    â”‚                                    â”‚
â”‚        â”‚        â”‚ "None", variable has type Module)  â”‚                                    â”‚
â”‚        â”‚        â”‚ src/requests/help.py:16: error:    â”‚                                    â”‚
â”‚        â”‚        â”‚ Incompatible types in assignment   â”‚                                    â”‚
â”‚        â”‚        â”‚ (expression has type "None",       â”‚                                    â”‚
â”‚        â”‚        â”‚ variable has type Module)          â”‚                                    â”‚
â”‚        â”‚        â”‚ src/requests/help.py:21: error:    â”‚                                    â”‚
â”‚        â”‚        â”‚ Incompatible types in assignment   â”‚                                    â”‚
â”‚        â”‚        â”‚ (expression has type "None",       â”‚                                    â”‚
â”‚        â”‚        â”‚ variable has type Module)          â”‚                                    â”‚
â”‚        â”‚        â”‚ src/requests/help.py:26: error:    â”‚                                    â”‚
â”‚        â”‚        â”‚ Incompatible types in assignment   â”‚                                    â”‚
â”‚        â”‚        â”‚ (expression has type "None",       â”‚                                    â”‚
â”‚        â”‚        â”‚ variable has type Module)          â”‚                                    â”‚
â”‚        â”‚        â”‚ src/requests/help.py:30: error:    â”‚                                    â”‚
â”‚        â”‚        â”‚ Incompatible import of             â”‚                                    â”‚
â”‚        â”‚        â”‚ "cryptography" (imported name has  â”‚                                    â”‚
â”‚        â”‚        â”‚ type Module, local name has type   â”‚                                    â”‚
â”‚        â”‚        â”‚ "object")                          â”‚                                    â”‚
â”‚        â”‚        â”‚ src/requests/help.py:31: error:    â”‚                                    â”‚
â”‚        â”‚        â”‚ Library stubs not installed for    â”‚                                    â”‚
â”‚        â”‚        â”‚ "OpenSSL"                          â”‚                                    â”‚
â”‚        â”‚        â”‚ src/requests/help.py:31: error:    â”‚                                    â”‚
â”‚        â”‚        â”‚ Name "OpenSSL" already defined on  â”‚                                    â”‚
â”‚        â”‚        â”‚ line 27                            â”‚                                    â”‚
â”œâ”€â”€â”€â”€â”€â”€â”€â”€â”¼â”€â”€â”€â”€â”€â”€â”€â”€â”¼â”€â”€â”€â”€â”€â”€â”€â”€â”€â”€â”€â”€â”€â”€â”€â”€â”€â”€â”€â”€â”€â”€â”€â”€â”€â”€â”€â”€â”€â”€â”€â”€â”€â”€â”€â”€â”¼â”€â”€â”€â”€â”€â”€â”€â”€â”€â”€â”€â”€â”€â”€â”€â”€â”€â”€â”€â”€â”€â”€â”€â”€â”€â”€â”€â”€â”€â”€â”€â”€â”€â”€â”€â”€â”¤
â”‚ Flake8 â”‚ 100.00 â”‚ No Errors                          â”‚ No Warnings                        â”‚
â”œâ”€â”€â”€â”€â”€â”€â”€â”€â”¼â”€â”€â”€â”€â”€â”€â”€â”€â”¼â”€â”€â”€â”€â”€â”€â”€â”€â”€â”€â”€â”€â”€â”€â”€â”€â”€â”€â”€â”€â”€â”€â”€â”€â”€â”€â”€â”€â”€â”€â”€â”€â”€â”€â”€â”€â”¼â”€â”€â”€â”€â”€â”€â”€â”€â”€â”€â”€â”€â”€â”€â”€â”€â”€â”€â”€â”€â”€â”€â”€â”€â”€â”€â”€â”€â”€â”€â”€â”€â”€â”€â”€â”€â”¤
â”‚ PyLint â”‚  83.10 â”‚ src/requests/__init__.py:58:0:     â”‚ src/requests/__init__.py:165:0:    â”‚
â”‚        â”‚        â”‚ C0116: Missing function or method  â”‚ W0622: Redefining built-in         â”‚
â”‚        â”‚        â”‚ docstring                          â”‚ 'ConnectionError'                  â”‚
â”‚        â”‚        â”‚ (missing-function-docstring)       â”‚ (redefined-builtin)                â”‚
â”‚        â”‚        â”‚ src/requests/__init__.py:101:18:   â”‚ src/requests/__init__.py:58:41:    â”‚
â”‚        â”‚        â”‚ C0209: Formatting a regular string â”‚ W0621: Redefining name             â”‚
â”‚        â”‚        â”‚ which could be an f-string         â”‚ 'chardet_version' from outer scope â”‚
â”‚        â”‚        â”‚ (consider-using-f-string)          â”‚ (line 53) (redefined-outer-name)   â”‚
â”‚        â”‚        â”‚ src/requests/__init__.py:114:8:    â”‚ src/requests/__init__.py:58:58:    â”‚
â”‚        â”‚        â”‚ C0209: Formatting a regular string â”‚ W0621: Redefining name             â”‚
â”‚        â”‚        â”‚ which could be an f-string         â”‚ 'charset_normalizer_version' from  â”‚
â”‚        â”‚        â”‚ (consider-using-f-string)          â”‚ outer scope (line 48)              â”‚
â”‚        â”‚        â”‚ src/requests/__init__.py:143:0:    â”‚ (redefined-outer-name)             â”‚
â”‚        â”‚        â”‚ C0413: Import "from                â”‚ src/requests/__init__.py:67:18:    â”‚
â”‚        â”‚        â”‚ urllib3.exceptions import          â”‚ W0621: Redefining name 'patch'     â”‚
â”‚        â”‚        â”‚ DependencyWarning" should be       â”‚ from outer scope (line 164)        â”‚
â”‚        â”‚        â”‚ placed at the top of the module    â”‚ (redefined-outer-name)             â”‚
â”‚        â”‚        â”‚ (wrong-import-position)            â”‚ src/requests/__init__.py:93:24:    â”‚
â”‚        â”‚        â”‚ src/requests/__init__.py:148:0:    â”‚ W0621: Redefining name             â”‚
â”‚        â”‚        â”‚ C0413: Import "import logging"     â”‚ 'cryptography_version' from outer  â”‚
â”‚        â”‚        â”‚ should be placed at the top of the â”‚ scope (line 136)                   â”‚
â”‚        â”‚        â”‚ module (wrong-import-position)     â”‚ (redefined-outer-name)             â”‚
â”‚        â”‚        â”‚ src/requests/__init__.py:149:0:    â”‚ src/requests/cookies.py:131:56:    â”‚
â”‚        â”‚        â”‚ C0413: Import "from logging import â”‚ W0212: Access to a protected       â”‚
â”‚        â”‚        â”‚ NullHandler" should be placed at   â”‚ member _original_response of a     â”‚
â”‚        â”‚        â”‚ the top of the module              â”‚ client class (protected-access)    â”‚
â”‚        â”‚        â”‚ (wrong-import-position)            â”‚ src/requests/cookies.py:136:23:    â”‚
â”‚        â”‚        â”‚ src/requests/__init__.py:151:0:    â”‚ W0212: Access to a protected       â”‚
â”‚        â”‚        â”‚ C0413: Import "from . import       â”‚ member _original_response of a     â”‚
â”‚        â”‚        â”‚ packages, utils" should be placed  â”‚ client class (protected-access)    â”‚
â”‚        â”‚        â”‚ at the top of the module           â”‚ src/requests/cookies.py:194:4:     â”‚
â”‚        â”‚        â”‚ (wrong-import-position)            â”‚ W0237: Parameter 'key' has been    â”‚
â”‚        â”‚        â”‚ src/requests/__init__.py:152:0:    â”‚ renamed to 'name' in overriding    â”‚
â”‚        â”‚        â”‚ C0413: Import "from .__version__   â”‚ 'RequestsCookieJar.get' method     â”‚
â”‚        â”‚        â”‚ import __author__,                 â”‚ (arguments-renamed)                â”‚
â”‚        â”‚        â”‚ __author_email__, __build__,       â”‚ src/requests/cookies.py:358:4:     â”‚
â”‚        â”‚        â”‚ __cake__, __copyright__,           â”‚ W0221: Number of parameters was 1  â”‚
â”‚        â”‚        â”‚ __description__, __license__,      â”‚ in 'MutableMapping.update' and is  â”‚
â”‚        â”‚        â”‚ __title__, __url__, __version__"   â”‚ now 2 in overriding                â”‚
â”‚        â”‚        â”‚ should be placed at the top of the â”‚ 'RequestsCookieJar.update' method  â”‚
â”‚        â”‚        â”‚ module (wrong-import-position)     â”‚ (arguments-differ)                 â”‚
â”‚        â”‚        â”‚ src/requests/__init__.py:164:0:    â”‚ src/requests/cookies.py:358:4:     â”‚
â”‚        â”‚        â”‚ C0413: Import "from .api import    â”‚ W0221: Variadics removed in        â”‚
â”‚        â”‚        â”‚ delete, get, head, options, patch, â”‚ overriding                         â”‚
â”‚        â”‚        â”‚ post, put, request" should be      â”‚ 'RequestsCookieJar.update' method  â”‚
â”‚        â”‚        â”‚ placed at the top of the module    â”‚ (arguments-differ)                 â”‚
â”‚        â”‚        â”‚ (wrong-import-position)            â”‚ src/requests/cookies.py:500:12:    â”‚
â”‚        â”‚        â”‚ src/requests/__init__.py:165:0:    â”‚ W0707: Consider explicitly         â”‚
â”‚        â”‚        â”‚ C0413: Import "from .exceptions    â”‚ re-raising using 'except           â”‚
â”‚        â”‚        â”‚ import ConnectionError,            â”‚ ValueError as exc' and 'raise      â”‚
â”‚        â”‚        â”‚ ConnectTimeout, FileModeWarning,   â”‚ TypeError(f"max-age:               â”‚
â”‚        â”‚        â”‚ HTTPError, JSONDecodeError,        â”‚ {morsel['max-age']} must be        â”‚
â”‚        â”‚        â”‚ ReadTimeout, RequestException,     â”‚ integer") from exc'                â”‚
â”‚        â”‚        â”‚ Timeout, TooManyRedirects,         â”‚ (raise-missing-from)               â”‚
â”‚        â”‚        â”‚ URLRequired" should be placed at   â”‚ src/requests/auth.py:181:9: W0511: â”‚
â”‚        â”‚        â”‚ the top of the module              â”‚ XXX not implemented yet (fixme)    â”‚
â”‚        â”‚        â”‚ (wrong-import-position)            â”‚ src/requests/auth.py:215:13:       â”‚
â”‚        â”‚        â”‚ src/requests/__init__.py:177:0:    â”‚ W0511: XXX handle auth-int.        â”‚
â”‚        â”‚        â”‚ C0413: Import "from .models import â”‚ (fixme)                            â”‚
â”‚        â”‚        â”‚ PreparedRequest, Request,          â”‚ src/requests/auth.py:220:9: W0511: â”‚
â”‚        â”‚        â”‚ Response" should be placed at the  â”‚ XXX should the partial digests be  â”‚
â”‚        â”‚        â”‚ top of the module                  â”‚ encoded too? (fixme)               â”‚
â”‚        â”‚        â”‚ (wrong-import-position)            â”‚ src/requests/auth.py:17:0: W0622:  â”‚
â”‚        â”‚        â”‚ src/requests/__init__.py:178:0:    â”‚ Redefining built-in 'str'          â”‚
â”‚        â”‚        â”‚ C0413: Import "from .sessions      â”‚ (redefined-builtin)                â”‚
â”‚        â”‚        â”‚ import Session, session" should be â”‚ src/requests/auth.py:236:0: W0613: â”‚
â”‚        â”‚        â”‚ placed at the top of the module    â”‚ Unused argument 'kwargs'           â”‚
â”‚        â”‚        â”‚ (wrong-import-position)            â”‚ (unused-argument)                  â”‚
â”‚        â”‚        â”‚ src/requests/__init__.py:179:0:    â”‚ src/requests/auth.py:267:12:       â”‚
â”‚        â”‚        â”‚ C0413: Import "from .status_codes  â”‚ W0104: Statement seems to have no  â”‚
â”‚        â”‚        â”‚ import codes" should be placed at  â”‚ effect (pointless-statement)       â”‚
â”‚        â”‚        â”‚ the top of the module              â”‚ src/requests/auth.py:270:35:       â”‚
â”‚        â”‚        â”‚ (wrong-import-position)            â”‚ W0212: Access to a protected       â”‚
â”‚        â”‚        â”‚ src/requests/__init__.py:143:0:    â”‚ member _cookies of a client class  â”‚
â”‚        â”‚        â”‚ C0411: third party import          â”‚ (protected-access)                 â”‚
â”‚        â”‚        â”‚ "urllib3.exceptions.DependencyWarâ€¦ â”‚ src/requests/auth.py:271:33:       â”‚
â”‚        â”‚        â”‚ should be placed before local      â”‚ W0212: Access to a protected       â”‚
â”‚        â”‚        â”‚ import                             â”‚ member _cookies of a client class  â”‚
â”‚        â”‚        â”‚ "exceptions.RequestsDependencyWarâ€¦ â”‚ (protected-access)                 â”‚
â”‚        â”‚        â”‚ (wrong-import-order)               â”‚ src/requests/sessions.py:240:35:   â”‚
â”‚        â”‚        â”‚ src/requests/__init__.py:148:0:    â”‚ W0212: Access to a protected       â”‚
â”‚        â”‚        â”‚ C0411: standard import "logging"   â”‚ member _cookies of a client class  â”‚
â”‚        â”‚        â”‚ should be placed before third      â”‚ (protected-access)                 â”‚
â”‚        â”‚        â”‚ party imports "urllib3",           â”‚ src/requests/sessions.py:241:26:   â”‚
â”‚        â”‚        â”‚ "urllib3.exceptions.DependencyWarâ€¦ â”‚ W0212: Access to a protected       â”‚
â”‚        â”‚        â”‚ and local import                   â”‚ member _cookies of a client class  â”‚
â”‚        â”‚        â”‚ "exceptions.RequestsDependencyWarâ€¦ â”‚ (protected-access)                 â”‚
â”‚        â”‚        â”‚ (wrong-import-order)               â”‚ src/requests/sessions.py:242:45:   â”‚
â”‚        â”‚        â”‚ src/requests/__init__.py:149:0:    â”‚ W0212: Access to a protected       â”‚
â”‚        â”‚        â”‚ C0411: standard import             â”‚ member _cookies of a client class  â”‚
â”‚        â”‚        â”‚ "logging.NullHandler" should be    â”‚ (protected-access)                 â”‚
â”‚        â”‚        â”‚ placed before third party imports  â”‚ src/requests/sessions.py:251:25:   â”‚
â”‚        â”‚        â”‚ "urllib3",                         â”‚ W0212: Access to a protected       â”‚
â”‚        â”‚        â”‚ "urllib3.exceptions.DependencyWarâ€¦ â”‚ member _body_position of a client  â”‚
â”‚        â”‚        â”‚ and local import                   â”‚ class (protected-access)           â”‚
â”‚        â”‚        â”‚ "exceptions.RequestsDependencyWarâ€¦ â”‚ src/requests/sessions.py:739:16:   â”‚
â”‚        â”‚        â”‚ (wrong-import-order)               â”‚ W0212: Access to a protected       â”‚
â”‚        â”‚        â”‚ src/requests/__init__.py:143:0:    â”‚ member _next of a client class     â”‚
â”‚        â”‚        â”‚ C0412: Imports from package        â”‚ (protected-access)                 â”‚
â”‚        â”‚        â”‚ urllib3 are not grouped            â”‚ src/requests/sessions.py:746:12:   â”‚
â”‚        â”‚        â”‚ (ungrouped-imports)                â”‚ W0104: Statement seems to have no  â”‚
â”‚        â”‚        â”‚ src/requests/cookies.py:40:4:      â”‚ effect (pointless-statement)       â”‚
â”‚        â”‚        â”‚ C0116: Missing function or method  â”‚ src/requests/sessions.py:33:0:     â”‚
â”‚        â”‚        â”‚ docstring                          â”‚ W0611: Unused REDIRECT_STATI       â”‚
â”‚        â”‚        â”‚ (missing-function-docstring)       â”‚ imported from models               â”‚
â”‚        â”‚        â”‚ src/requests/cookies.py:43:4:      â”‚ (unused-import)                    â”‚
â”‚        â”‚        â”‚ C0116: Missing function or method  â”‚ src/requests/sessions.py:41:0:     â”‚
â”‚        â”‚        â”‚ docstring                          â”‚ W0611: Unused                      â”‚
â”‚        â”‚        â”‚ (missing-function-docstring)       â”‚ should_bypass_proxies imported     â”‚
â”‚        â”‚        â”‚ src/requests/cookies.py:46:4:      â”‚ from utils (unused-import)         â”‚
â”‚        â”‚        â”‚ C0116: Missing function or method  â”‚ src/requests/hooks.py:19:1: W0511: â”‚
â”‚        â”‚        â”‚ docstring                          â”‚ TODO: response is the only one     â”‚
â”‚        â”‚        â”‚ (missing-function-docstring)       â”‚ (fixme)                            â”‚
â”‚        â”‚        â”‚ src/requests/cookies.py:49:4:      â”‚ src/requests/compat.py:102:0:      â”‚
â”‚        â”‚        â”‚ C0116: Missing function or method  â”‚ W0622: Redefining built-in 'str'   â”‚
â”‚        â”‚        â”‚ docstring                          â”‚ (redefined-builtin)                â”‚
â”‚        â”‚        â”‚ (missing-function-docstring)       â”‚ src/requests/compat.py:103:0:      â”‚
â”‚        â”‚        â”‚ src/requests/cookies.py:69:4:      â”‚ W0622: Redefining built-in 'bytes' â”‚
â”‚        â”‚        â”‚ C0116: Missing function or method  â”‚ (redefined-builtin)                â”‚
â”‚        â”‚        â”‚ docstring                          â”‚ src/requests/compat.py:32:4:       â”‚
â”‚        â”‚        â”‚ (missing-function-docstring)       â”‚ W0621: Redefining name 'chardet'   â”‚
â”‚        â”‚        â”‚ src/requests/cookies.py:72:4:      â”‚ from outer scope (line 42)         â”‚
â”‚        â”‚        â”‚ C0116: Missing function or method  â”‚ (redefined-outer-name)             â”‚
â”‚        â”‚        â”‚ docstring                          â”‚ src/requests/compat.py:102:0:      â”‚
â”‚        â”‚        â”‚ (missing-function-docstring)       â”‚ W0127: Assigning the same variable â”‚
â”‚        â”‚        â”‚ src/requests/cookies.py:75:4:      â”‚ 'str' to itself                    â”‚
â”‚        â”‚        â”‚ C0116: Missing function or method  â”‚ (self-assigning-variable)          â”‚
â”‚        â”‚        â”‚ docstring                          â”‚ src/requests/compat.py:103:0:      â”‚
â”‚        â”‚        â”‚ (missing-function-docstring)       â”‚ W0127: Assigning the same variable â”‚
â”‚        â”‚        â”‚ src/requests/cookies.py:84:4:      â”‚ 'bytes' to itself                  â”‚
â”‚        â”‚        â”‚ C0116: Missing function or method  â”‚ (self-assigning-variable)          â”‚
â”‚        â”‚        â”‚ docstring                          â”‚ src/requests/compat.py:60:4:       â”‚
â”‚        â”‚        â”‚ (missing-function-docstring)       â”‚ W0611: Unused simplejson imported  â”‚
â”‚        â”‚        â”‚ src/requests/cookies.py:87:4:      â”‚ as json (unused-import)            â”‚
â”‚        â”‚        â”‚ C0116: Missing function or method  â”‚ src/requests/compat.py:64:4:       â”‚
â”‚        â”‚        â”‚ docstring                          â”‚ W0611: Unused import json          â”‚
â”‚        â”‚        â”‚ (missing-function-docstring)       â”‚ (unused-import)                    â”‚
â”‚        â”‚        â”‚ src/requests/cookies.py:91:4:      â”‚ src/requests/compat.py:67:4:       â”‚
â”‚        â”‚        â”‚ C0116: Missing function or method  â”‚ W0611: Unused JSONDecodeError      â”‚
â”‚        â”‚        â”‚ docstring                          â”‚ imported from simplejson           â”‚
â”‚        â”‚        â”‚ (missing-function-docstring)       â”‚ (unused-import)                    â”‚
â”‚        â”‚        â”‚ src/requests/cookies.py:95:4:      â”‚ src/requests/compat.py:72:0:       â”‚
â”‚        â”‚        â”‚ C0116: Missing function or method  â”‚ W0611: Unused OrderedDict imported â”‚
â”‚        â”‚        â”‚ docstring                          â”‚ from collections (unused-import)   â”‚
â”‚        â”‚        â”‚ (missing-function-docstring)       â”‚ src/requests/compat.py:73:0:       â”‚
â”‚        â”‚        â”‚ src/requests/cookies.py:99:4:      â”‚ W0611: Unused Callable imported    â”‚
â”‚        â”‚        â”‚ C0116: Missing function or method  â”‚ from collections.abc               â”‚
â”‚        â”‚        â”‚ docstring                          â”‚ (unused-import)                    â”‚
â”‚        â”‚        â”‚ (missing-function-docstring)       â”‚ src/requests/compat.py:73:0:       â”‚
â”‚        â”‚        â”‚ src/requests/cookies.py:117:4:     â”‚ W0611: Unused Mapping imported     â”‚
â”‚        â”‚        â”‚ C0116: Missing function or method  â”‚ from collections.abc               â”‚
â”‚        â”‚        â”‚ docstring                          â”‚ (unused-import)                    â”‚
â”‚        â”‚        â”‚ (missing-function-docstring)       â”‚ src/requests/compat.py:73:0:       â”‚
â”‚        â”‚        â”‚ src/requests/cookies.py:120:4:     â”‚ W0611: Unused MutableMapping       â”‚
â”‚        â”‚        â”‚ C0116: Missing function or method  â”‚ imported from collections.abc      â”‚
â”‚        â”‚        â”‚ docstring                          â”‚ (unused-import)                    â”‚
â”‚        â”‚        â”‚ (missing-function-docstring)       â”‚ src/requests/compat.py:74:0:       â”‚
â”‚        â”‚        â”‚ src/requests/cookies.py:166:8:     â”‚ W0611: Unused cookiejar imported   â”‚
â”‚        â”‚        â”‚ R1704: Redefining argument with    â”‚ from http as cookielib             â”‚
â”‚        â”‚        â”‚ the local name 'domain'            â”‚ (unused-import)                    â”‚
â”‚        â”‚        â”‚ (redefined-argument-from-local)    â”‚ src/requests/compat.py:75:0:       â”‚
â”‚        â”‚        â”‚ src/requests/cookies.py:166:16:    â”‚ W0611: Unused Morsel imported from â”‚
â”‚        â”‚        â”‚ R1704: Redefining argument with    â”‚ http.cookies (unused-import)       â”‚
â”‚        â”‚        â”‚ the local name 'path'              â”‚ src/requests/compat.py:76:0:       â”‚
â”‚        â”‚        â”‚ (redefined-argument-from-local)    â”‚ W0611: Unused StringIO imported    â”‚
â”‚        â”‚        â”‚ src/requests/cookies.py:166:22:    â”‚ from io (unused-import)            â”‚
â”‚        â”‚        â”‚ R1704: Redefining argument with    â”‚ src/requests/compat.py:81:0:       â”‚
â”‚        â”‚        â”‚ the local name 'name'              â”‚ W0611: Unused quote imported from  â”‚
â”‚        â”‚        â”‚ (redefined-argument-from-local)    â”‚ urllib.parse (unused-import)       â”‚
â”‚        â”‚        â”‚ src/requests/cookies.py:206:4:     â”‚ src/requests/compat.py:81:0:       â”‚
â”‚        â”‚        â”‚ R1710: Either all return           â”‚ W0611: Unused quote_plus imported  â”‚
â”‚        â”‚        â”‚ statements in a function should    â”‚ from urllib.parse (unused-import)  â”‚
â”‚        â”‚        â”‚ return an expression, or none of   â”‚ src/requests/compat.py:81:0:       â”‚
â”‚        â”‚        â”‚ them should.                       â”‚ W0611: Unused unquote imported     â”‚
â”‚        â”‚        â”‚ (inconsistent-return-statements)   â”‚ from urllib.parse (unused-import)  â”‚
â”‚        â”‚        â”‚ src/requests/cookies.py:398:8:     â”‚ src/requests/compat.py:81:0:       â”‚
â”‚        â”‚        â”‚ C0103: Variable name "toReturn"    â”‚ W0611: Unused unquote_plus         â”‚
â”‚        â”‚        â”‚ doesn't conform to snake_case      â”‚ imported from urllib.parse         â”‚
â”‚        â”‚        â”‚ naming style (invalid-name)        â”‚ (unused-import)                    â”‚
â”‚        â”‚        â”‚ src/requests/cookies.py:409:24:    â”‚ src/requests/compat.py:81:0:       â”‚
â”‚        â”‚        â”‚ C0103: Variable name "toReturn"    â”‚ W0611: Unused urldefrag imported   â”‚
â”‚        â”‚        â”‚ doesn't conform to snake_case      â”‚ from urllib.parse (unused-import)  â”‚
â”‚        â”‚        â”‚ naming style (invalid-name)        â”‚ src/requests/compat.py:81:0:       â”‚
â”‚        â”‚        â”‚ src/requests/auth.py:37:12: C0209: â”‚ W0611: Unused urlencode imported   â”‚
â”‚        â”‚        â”‚ Formatting a regular string which  â”‚ from urllib.parse (unused-import)  â”‚
â”‚        â”‚        â”‚ could be an f-string               â”‚ src/requests/compat.py:81:0:       â”‚
â”‚        â”‚        â”‚ (consider-using-f-string)          â”‚ W0611: Unused urljoin imported     â”‚
â”‚        â”‚        â”‚ src/requests/auth.py:47:12: C0209: â”‚ from urllib.parse (unused-import)  â”‚
â”‚        â”‚        â”‚ Formatting a regular string which  â”‚ src/requests/compat.py:81:0:       â”‚
â”‚        â”‚        â”‚ could be an f-string               â”‚ W0611: Unused urlparse imported    â”‚
â”‚        â”‚        â”‚ (consider-using-f-string)          â”‚ from urllib.parse (unused-import)  â”‚
â”‚        â”‚        â”‚ src/requests/auth.py:69:0: R0903:  â”‚ src/requests/compat.py:81:0:       â”‚
â”‚        â”‚        â”‚ Too few public methods (1/2)       â”‚ W0611: Unused urlsplit imported    â”‚
â”‚        â”‚        â”‚ (too-few-public-methods)           â”‚ from urllib.parse (unused-import)  â”‚
â”‚        â”‚        â”‚ src/requests/auth.py:99:0: R0903:  â”‚ src/requests/compat.py:81:0:       â”‚
â”‚        â”‚        â”‚ Too few public methods (1/2)       â”‚ W0611: Unused urlunparse imported  â”‚
â”‚        â”‚        â”‚ (too-few-public-methods)           â”‚ from urllib.parse (unused-import)  â”‚
â”‚        â”‚        â”‚ src/requests/auth.py:116:4: C0116: â”‚ src/requests/compat.py:93:0:       â”‚
â”‚        â”‚        â”‚ Missing function or method         â”‚ W0611: Unused getproxies imported  â”‚
â”‚        â”‚        â”‚ docstring                          â”‚ from urllib.request                â”‚
â”‚        â”‚        â”‚ (missing-function-docstring)       â”‚ (unused-import)                    â”‚
â”‚        â”‚        â”‚ src/requests/auth.py:126:4: R0914: â”‚ src/requests/compat.py:93:0:       â”‚
â”‚        â”‚        â”‚ Too many local variables (28/15)   â”‚ W0611: Unused                      â”‚
â”‚        â”‚        â”‚ (too-many-locals)                  â”‚ getproxies_environment imported    â”‚
â”‚        â”‚        â”‚ src/requests/auth.py:143:11:       â”‚ from urllib.request                â”‚
â”‚        â”‚        â”‚ R1714: Consider merging these      â”‚ (unused-import)                    â”‚
â”‚        â”‚        â”‚ comparisons with 'in' by using     â”‚ src/requests/compat.py:93:0:       â”‚
â”‚        â”‚        â”‚ '_algorithm in ('MD5',             â”‚ W0611: Unused parse_http_list      â”‚
â”‚        â”‚        â”‚ 'MD5-SESS')'. Use a set instead if â”‚ imported from urllib.request       â”‚
â”‚        â”‚        â”‚ elements are hashable.             â”‚ (unused-import)                    â”‚
â”‚        â”‚        â”‚ (consider-using-in)                â”‚ src/requests/compat.py:93:0:       â”‚
â”‚        â”‚        â”‚ src/requests/auth.py:176:13:       â”‚ W0611: Unused proxy_bypass         â”‚
â”‚        â”‚        â”‚ C3001: Lambda expression assigned  â”‚ imported from urllib.request       â”‚
â”‚        â”‚        â”‚ to a variable. Define a function   â”‚ (unused-import)                    â”‚
â”‚        â”‚        â”‚ using the "def" keyword instead.   â”‚ src/requests/compat.py:93:0:       â”‚
â”‚        â”‚        â”‚ (unnecessary-lambda-assignment)    â”‚ W0611: Unused                      â”‚
â”‚        â”‚        â”‚ src/requests/auth.py:176:8: C0103: â”‚ proxy_bypass_environment imported  â”‚
â”‚        â”‚        â”‚ Variable name "KD" doesn't conform â”‚ from urllib.request                â”‚
â”‚        â”‚        â”‚ to snake_case naming style         â”‚ (unused-import)                    â”‚
â”‚        â”‚        â”‚ (invalid-name)                     â”‚ src/requests/models.py:41:0:       â”‚
â”‚        â”‚        â”‚ src/requests/auth.py:189:8: C0103: â”‚ W0622: Redefining built-in         â”‚
â”‚        â”‚        â”‚ Variable name "A1" doesn't conform â”‚ 'ConnectionError'                  â”‚
â”‚        â”‚        â”‚ to snake_case naming style         â”‚ (redefined-builtin)                â”‚
â”‚        â”‚        â”‚ (invalid-name)                     â”‚ src/requests/models.py:387:8:      â”‚
â”‚        â”‚        â”‚ src/requests/auth.py:190:8: C0103: â”‚ W0212: Access to a protected       â”‚
â”‚        â”‚        â”‚ Variable name "A2" doesn't conform â”‚ member _cookies of a client class  â”‚
â”‚        â”‚        â”‚ to snake_case naming style         â”‚ (protected-access)                 â”‚
â”‚        â”‚        â”‚ (invalid-name)                     â”‚ src/requests/models.py:390:8:      â”‚
â”‚        â”‚        â”‚ src/requests/auth.py:192:8: C0103: â”‚ W0212: Access to a protected       â”‚
â”‚        â”‚        â”‚ Variable name "HA1" doesn't        â”‚ member _body_position of a client  â”‚
â”‚        â”‚        â”‚ conform to snake_case naming style â”‚ class (protected-access)           â”‚
â”‚        â”‚        â”‚ (invalid-name)                     â”‚ src/requests/models.py:406:12:     â”‚
â”‚        â”‚        â”‚ src/requests/auth.py:193:8: C0103: â”‚ W0707: Consider explicitly         â”‚
â”‚        â”‚        â”‚ Variable name "HA2" doesn't        â”‚ re-raising using 'except Exception â”‚
â”‚        â”‚        â”‚ conform to snake_case naming style â”‚ as exc' and 'raise UnicodeError    â”‚
â”‚        â”‚        â”‚ (invalid-name)                     â”‚ from exc' (raise-missing-from)     â”‚
â”‚        â”‚        â”‚ src/requests/auth.py:207:12:       â”‚ src/requests/models.py:435:12:     â”‚
â”‚        â”‚        â”‚ C0103: Variable name "HA1" doesn't â”‚ W0707: Consider explicitly         â”‚
â”‚        â”‚        â”‚ conform to snake_case naming style â”‚ re-raising using 'raise            â”‚
â”‚        â”‚        â”‚ (invalid-name)                     â”‚ InvalidURL(*e.args) from e'        â”‚
â”‚        â”‚        â”‚ src/requests/auth.py:126:4: R0912: â”‚ (raise-missing-from)               â”‚
â”‚        â”‚        â”‚ Too many branches (18/12)          â”‚ src/requests/models.py:454:16:     â”‚
â”‚        â”‚        â”‚ (too-many-branches)                â”‚ W0707: Consider explicitly         â”‚
â”‚        â”‚        â”‚ src/requests/auth.py:126:4: R0915: â”‚ re-raising using 'except           â”‚
â”‚        â”‚        â”‚ Too many statements (66/50)        â”‚ UnicodeError as exc' and 'raise    â”‚
â”‚        â”‚        â”‚ (too-many-statements)              â”‚ InvalidURL('URL has an invalid     â”‚
â”‚        â”‚        â”‚ src/requests/sessions.py:106:0:    â”‚ label.') from exc'                 â”‚
â”‚        â”‚        â”‚ C0115: Missing class docstring     â”‚ (raise-missing-from)               â”‚
â”‚        â”‚        â”‚ (missing-class-docstring)          â”‚ src/requests/models.py:512:16:     â”‚
â”‚        â”‚        â”‚ src/requests/sessions.py:159:4:    â”‚ W0707: Consider explicitly         â”‚
â”‚        â”‚        â”‚ R0913: Too many arguments (9/5)    â”‚ re-raising using 'raise            â”‚
â”‚        â”‚        â”‚ (too-many-arguments)               â”‚ InvalidJSONError(ve, request=self) â”‚
â”‚        â”‚        â”‚ src/requests/sessions.py:159:4:    â”‚ from ve' (raise-missing-from)      â”‚
â”‚        â”‚        â”‚ R0917: Too many positional         â”‚ src/requests/models.py:588:33:     â”‚
â”‚        â”‚        â”‚ arguments (9/5)                    â”‚ W0613: Unused argument 'url'       â”‚
â”‚        â”‚        â”‚ (too-many-positional-arguments)    â”‚ (unused-argument)                  â”‚
â”‚        â”‚        â”‚ src/requests/sessions.py:159:4:    â”‚ src/requests/models.py:715:12:     â”‚
â”‚        â”‚        â”‚ R0914: Too many local variables    â”‚ W0104: Statement seems to have no  â”‚
â”‚        â”‚        â”‚ (20/15) (too-many-locals)          â”‚ effect (pointless-statement)       â”‚
â”‚        â”‚        â”‚ src/requests/sessions.py:225:16:   â”‚ src/requests/models.py:822:20:     â”‚
â”‚        â”‚        â”‚ E1101: Instance of 'LookupDict'    â”‚ W0707: Consider explicitly         â”‚
â”‚        â”‚        â”‚ has no 'temporary_redirect' member â”‚ re-raising using 'raise            â”‚
â”‚        â”‚        â”‚ (no-member)                        â”‚ ChunkedEncodingError(e) from e'    â”‚
â”‚        â”‚        â”‚ src/requests/sessions.py:226:16:   â”‚ (raise-missing-from)               â”‚
â”‚        â”‚        â”‚ E1101: Instance of 'LookupDict'    â”‚ src/requests/models.py:824:20:     â”‚
â”‚        â”‚        â”‚ has no 'permanent_redirect' member â”‚ W0707: Consider explicitly         â”‚
â”‚        â”‚        â”‚ (no-member)                        â”‚ re-raising using 'raise            â”‚
â”‚        â”‚        â”‚ src/requests/sessions.py:159:4:    â”‚ ContentDecodingError(e) from e'    â”‚
â”‚        â”‚        â”‚ R0912: Too many branches (13/12)   â”‚ (raise-missing-from)               â”‚
â”‚        â”‚        â”‚ (too-many-branches)                â”‚ src/requests/models.py:826:20:     â”‚
â”‚        â”‚        â”‚ src/requests/sessions.py:159:4:    â”‚ W0707: Consider explicitly         â”‚
â”‚        â”‚        â”‚ R0915: Too many statements (51/50) â”‚ re-raising using 'raise            â”‚
â”‚        â”‚        â”‚ (too-many-statements)              â”‚ ConnectionError(e) from e'         â”‚
â”‚        â”‚        â”‚ src/requests/sessions.py:340:35:   â”‚ (raise-missing-from)               â”‚
â”‚        â”‚        â”‚ E1101: Instance of 'LookupDict'    â”‚ src/requests/models.py:828:20:     â”‚
â”‚        â”‚        â”‚ has no 'see_other' member          â”‚ W0707: Consider explicitly         â”‚
â”‚        â”‚        â”‚ (no-member)                        â”‚ re-raising using 'raise            â”‚
â”‚        â”‚        â”‚ src/requests/sessions.py:345:35:   â”‚ RequestsSSLError(e) from e'        â”‚
â”‚        â”‚        â”‚ E1101: Instance of 'LookupDict'    â”‚ (raise-missing-from)               â”‚
â”‚        â”‚        â”‚ has no 'found' member (no-member)  â”‚ src/requests/models.py:971:20:     â”‚
â”‚        â”‚        â”‚ src/requests/sessions.py:350:35:   â”‚ W0707: Consider explicitly         â”‚
â”‚        â”‚        â”‚ E1101: Instance of 'LookupDict'    â”‚ re-raising using 'raise            â”‚
â”‚        â”‚        â”‚ has no 'moved' member (no-member)  â”‚ RequestsJSONDecodeError(e.msg,     â”‚
â”‚        â”‚        â”‚ src/requests/sessions.py:356:0:    â”‚ e.doc, e.pos) from e'              â”‚
â”‚        â”‚        â”‚ R0902: Too many instance           â”‚ (raise-missing-from)               â”‚
â”‚        â”‚        â”‚ attributes (12/7)                  â”‚ src/requests/models.py:978:12:     â”‚
â”‚        â”‚        â”‚ (too-many-instance-attributes)     â”‚ W0707: Consider explicitly         â”‚
â”‚        â”‚        â”‚ src/requests/sessions.py:500:4:    â”‚ re-raising using 'raise            â”‚
â”‚        â”‚        â”‚ R0913: Too many arguments (17/5)   â”‚ RequestsJSONDecodeError(e.msg,     â”‚
â”‚        â”‚        â”‚ (too-many-arguments)               â”‚ e.doc, e.pos) from e'              â”‚
â”‚        â”‚        â”‚ src/requests/sessions.py:500:4:    â”‚ (raise-missing-from)               â”‚
â”‚        â”‚        â”‚ R0917: Too many positional         â”‚ src/requests/models.py:13:0:       â”‚
â”‚        â”‚        â”‚ arguments (17/5)                   â”‚ W0611: Unused import               â”‚
â”‚        â”‚        â”‚ (too-many-positional-arguments)    â”‚ encodings.idna (unused-import)     â”‚
â”‚        â”‚        â”‚ src/requests/sessions.py:500:4:    â”‚ src/requests/status_codes.py:120:â€¦ â”‚
â”‚        â”‚        â”‚ R0914: Too many local variables    â”‚ W0622: Redefining built-in         â”‚
â”‚        â”‚        â”‚ (22/15) (too-many-locals)          â”‚ '__doc__' (redefined-builtin)      â”‚
â”‚        â”‚        â”‚ src/requests/sessions.py:724:22:   â”‚ src/requests/status_codes.py:120:â€¦ â”‚
â”‚        â”‚        â”‚ R1721: Unnecessary use of a        â”‚ W0603: Using the global statement  â”‚
â”‚        â”‚        â”‚ comprehension, use list(gen)       â”‚ (global-statement)                 â”‚
â”‚        â”‚        â”‚ instead.                           â”‚ src/requests/api.py:73:11: W3101:  â”‚
â”‚        â”‚        â”‚ (unnecessary-comprehension)        â”‚ Missing timeout argument for       â”‚
â”‚        â”‚        â”‚ src/requests/sessions.py:750:4:    â”‚ method 'request' can cause your    â”‚
â”‚        â”‚        â”‚ R0913: Too many arguments (6/5)    â”‚ program to hang indefinitely       â”‚
â”‚        â”‚        â”‚ (too-many-arguments)               â”‚ (missing-timeout)                  â”‚
â”‚        â”‚        â”‚ src/requests/sessions.py:750:4:    â”‚ src/requests/api.py:85:11: W3101:  â”‚
â”‚        â”‚        â”‚ R0917: Too many positional         â”‚ Missing timeout argument for       â”‚
â”‚        â”‚        â”‚ arguments (6/5)                    â”‚ method 'request' can cause your    â”‚
â”‚        â”‚        â”‚ (too-many-positional-arguments)    â”‚ program to hang indefinitely       â”‚
â”‚        â”‚        â”‚ src/requests/hooks.py:15:0: C0116: â”‚ (missing-timeout)                  â”‚
â”‚        â”‚        â”‚ Missing function or method         â”‚ src/requests/api.pyğŸ’¯11: W3101:    â”‚
â”‚        â”‚        â”‚ docstring                          â”‚ Missing timeout argument for       â”‚
â”‚        â”‚        â”‚ (missing-function-docstring)       â”‚ method 'request' can cause your    â”‚
â”‚        â”‚        â”‚ src/requests/compat.py:23:4:       â”‚ program to hang indefinitely       â”‚
â”‚        â”‚        â”‚ C0103: Constant name               â”‚ (missing-timeout)                  â”‚
â”‚        â”‚        â”‚ "is_urllib3_1" doesn't conform to  â”‚ src/requests/api.py:115:11: W3101: â”‚
â”‚        â”‚        â”‚ UPPER_CASE naming style            â”‚ Missing timeout argument for       â”‚
â”‚        â”‚        â”‚ (invalid-name)                     â”‚ method 'request' can cause your    â”‚
â”‚        â”‚        â”‚ src/requests/compat.py:58:0:       â”‚ program to hang indefinitely       â”‚
â”‚        â”‚        â”‚ C0103: Constant name               â”‚ (missing-timeout)                  â”‚
â”‚        â”‚        â”‚ "has_simplejson" doesn't conform   â”‚ src/requests/api.py:130:11: W3101: â”‚
â”‚        â”‚        â”‚ to UPPER_CASE naming style         â”‚ Missing timeout argument for       â”‚
â”‚        â”‚        â”‚ (invalid-name)                     â”‚ method 'request' can cause your    â”‚
â”‚        â”‚        â”‚ src/requests/compat.py:62:4:       â”‚ program to hang indefinitely       â”‚
â”‚        â”‚        â”‚ C0103: Constant name               â”‚ (missing-timeout)                  â”‚
â”‚        â”‚        â”‚ "has_simplejson" doesn't conform   â”‚ src/requests/api.py:145:11: W3101: â”‚
â”‚        â”‚        â”‚ to UPPER_CASE naming style         â”‚ Missing timeout argument for       â”‚
â”‚        â”‚        â”‚ (invalid-name)                     â”‚ method 'request' can cause your    â”‚
â”‚        â”‚        â”‚ src/requests/compat.py:67:4:       â”‚ program to hang indefinitely       â”‚
â”‚        â”‚        â”‚ E0401: Unable to import            â”‚ (missing-timeout)                  â”‚
â”‚        â”‚        â”‚ 'simplejson' (import-error)        â”‚ src/requests/api.py:157:11: W3101: â”‚
â”‚        â”‚        â”‚ src/requests/compat.py:72:0:       â”‚ Missing timeout argument for       â”‚
â”‚        â”‚        â”‚ C0413: Import "from collections    â”‚ method 'request' can cause your    â”‚
â”‚        â”‚        â”‚ import OrderedDict" should be      â”‚ program to hang indefinitely       â”‚
â”‚        â”‚        â”‚ placed at the top of the module    â”‚ (missing-timeout)                  â”‚
â”‚        â”‚        â”‚ (wrong-import-position)            â”‚ src/requests/utils.py:34:0: W0622: â”‚
â”‚        â”‚        â”‚ src/requests/compat.py:73:0:       â”‚ Redefining built-in 'bytes'        â”‚
â”‚        â”‚        â”‚ C0413: Import "from                â”‚ (redefined-builtin)                â”‚
â”‚        â”‚        â”‚ collections.abc import Callable,   â”‚ src/requests/utils.py:44:0: W0622: â”‚
â”‚        â”‚        â”‚ Mapping, MutableMapping" should be â”‚ Redefining built-in 'str'          â”‚
â”‚        â”‚        â”‚ placed at the top of the module    â”‚ (redefined-builtin)                â”‚
â”‚        â”‚        â”‚ (wrong-import-position)            â”‚ src/requests/utils.py:652:16:      â”‚
â”‚        â”‚        â”‚ src/requests/compat.py:74:0:       â”‚ W0707: Consider explicitly         â”‚
â”‚        â”‚        â”‚ C0413: Import "from http import    â”‚ re-raising using 'except           â”‚
â”‚        â”‚        â”‚ cookiejar as cookielib" should be  â”‚ ValueError as exc' and 'raise      â”‚
â”‚        â”‚        â”‚ placed at the top of the module    â”‚ InvalidURL(f"Invalid               â”‚
â”‚        â”‚        â”‚ (wrong-import-position)            â”‚ percent-escape sequence: '{h}'")   â”‚
â”‚        â”‚        â”‚ src/requests/compat.py:75:0:       â”‚ from exc' (raise-missing-from)     â”‚
â”‚        â”‚        â”‚ C0413: Import "from http.cookies   â”‚ src/requests/utils.py:999:18:      â”‚
â”‚        â”‚        â”‚ import Morsel" should be placed at â”‚ W0612: Unused variable 'host'      â”‚
â”‚        â”‚        â”‚ the top of the module              â”‚ (unused-variable)                  â”‚
â”‚        â”‚        â”‚ (wrong-import-position)            â”‚ src/requests/utils.py:999:24:      â”‚
â”‚        â”‚        â”‚ src/requests/compat.py:76:0:       â”‚ W0612: Unused variable 'port'      â”‚
â”‚        â”‚        â”‚ C0413: Import "from io import      â”‚ (unused-variable)                  â”‚
â”‚        â”‚        â”‚ StringIO" should be placed at the  â”‚ src/requests/utils.py:1073:41:     â”‚
â”‚        â”‚        â”‚ top of the module                  â”‚ W0612: Unused variable 'fragment'  â”‚
â”‚        â”‚        â”‚ (wrong-import-position)            â”‚ (unused-variable)                  â”‚
â”‚        â”‚        â”‚ src/requests/compat.py:81:0:       â”‚ src/requests/utils.py:1090:8:      â”‚
â”‚        â”‚        â”‚ C0413: Import "from urllib.parse   â”‚ W0212: Access to a protected       â”‚
â”‚        â”‚        â”‚ import quote, quote_plus, unquote, â”‚ member _body_position of a client  â”‚
â”‚        â”‚        â”‚ unquote_plus, urldefrag,           â”‚ class (protected-access)           â”‚
â”‚        â”‚        â”‚ urlencode, urljoin, urlparse,      â”‚ src/requests/utils.py:1093:22:     â”‚
â”‚        â”‚        â”‚ urlsplit, urlunparse" should be    â”‚ W0212: Access to a protected       â”‚
â”‚        â”‚        â”‚ placed at the top of the module    â”‚ member _body_position of a client  â”‚
â”‚        â”‚        â”‚ (wrong-import-position)            â”‚ class (protected-access)           â”‚
â”‚        â”‚        â”‚ src/requests/compat.py:93:0:       â”‚ src/requests/utils.py:1095:12:     â”‚
â”‚        â”‚        â”‚ C0413: Import "from urllib.request â”‚ W0707: Consider explicitly         â”‚
â”‚        â”‚        â”‚ import getproxies,                 â”‚ re-raising using 'except OSError   â”‚
â”‚        â”‚        â”‚ getproxies_environment,            â”‚ as exc' and 'raise                 â”‚
â”‚        â”‚        â”‚ parse_http_list, proxy_bypass,     â”‚ UnrewindableBodyError('An error    â”‚
â”‚        â”‚        â”‚ proxy_bypass_environment" should   â”‚ occurred when rewinding request    â”‚
â”‚        â”‚        â”‚ be placed at the top of the module â”‚ body for redirect.') from exc'     â”‚
â”‚        â”‚        â”‚ (wrong-import-position)            â”‚ (raise-missing-from)               â”‚
â”‚        â”‚        â”‚ src/requests/compat.py:101:0:      â”‚ src/requests/utils.py:28:0: W0611: â”‚
â”‚        â”‚        â”‚ C0103: Class name "builtin_str"    â”‚ Unused HEADER_VALIDATORS imported  â”‚
â”‚        â”‚        â”‚ doesn't conform to PascalCase      â”‚ from _internal_utils               â”‚
â”‚        â”‚        â”‚ naming style (invalid-name)        â”‚ (unused-import)                    â”‚
â”‚        â”‚        â”‚ src/requests/compat.py:102:0:      â”‚ src/requests/utils.py:28:0: W0611: â”‚
â”‚        â”‚        â”‚ C0103: Class name "str" doesn't    â”‚ Unused to_native_string imported   â”‚
â”‚        â”‚        â”‚ conform to PascalCase naming style â”‚ from _internal_utils               â”‚
â”‚        â”‚        â”‚ (invalid-name)                     â”‚ (unused-import)                    â”‚
â”‚        â”‚        â”‚ src/requests/compat.py:103:0:      â”‚ src/requests/exceptions.py:59:0:   â”‚
â”‚        â”‚        â”‚ C0103: Class name "bytes" doesn't  â”‚ W0622: Redefining built-in         â”‚
â”‚        â”‚        â”‚ conform to PascalCase naming style â”‚ 'ConnectionError'                  â”‚
â”‚        â”‚        â”‚ (invalid-name)                     â”‚ (redefined-builtin)                â”‚
â”‚        â”‚        â”‚ src/requests/compat.py:72:0:       â”‚ src/requests/adapters.py:686:17:   â”‚
â”‚        â”‚        â”‚ C0411: standard import             â”‚ W0511: TODO: Remove this in 3.0.0: â”‚
â”‚        â”‚        â”‚ "collections.OrderedDict" should   â”‚ see #2811 (fixme)                  â”‚
â”‚        â”‚        â”‚ be placed before third party       â”‚ src/requests/adapters.py:35:0:     â”‚
â”‚        â”‚        â”‚ import "urllib3.__version__"       â”‚ W0622: Redefining built-in         â”‚
â”‚        â”‚        â”‚ (wrong-import-order)               â”‚ 'ConnectionError'                  â”‚
â”‚        â”‚        â”‚ src/requests/compat.py:73:0:       â”‚ (redefined-builtin)                â”‚
â”‚        â”‚        â”‚ C0411: standard import             â”‚ src/requests/adapters.py:140:4:    â”‚
â”‚        â”‚        â”‚ "collections.abc.Callable" should  â”‚ W0246: Useless parent or super()   â”‚
â”‚        â”‚        â”‚ be placed before third party       â”‚ delegation in method '__init__'    â”‚
â”‚        â”‚        â”‚ import "urllib3.__version__"       â”‚ (useless-parent-delegation)        â”‚
â”‚        â”‚        â”‚ (wrong-import-order)               â”‚ src/requests/adapters.py:474:12:   â”‚
â”‚        â”‚        â”‚ src/requests/compat.py:74:0:       â”‚ W0707: Consider explicitly         â”‚
â”‚        â”‚        â”‚ C0411: standard import             â”‚ re-raising using 'raise            â”‚
â”‚        â”‚        â”‚ "http.cookiejar" should be placed  â”‚ InvalidURL(e, request=request)     â”‚
â”‚        â”‚        â”‚ before third party import          â”‚ from e' (raise-missing-from)       â”‚
â”‚        â”‚        â”‚ "urllib3.__version__"              â”‚ src/requests/adapters.py:590:8:    â”‚
â”‚        â”‚        â”‚ (wrong-import-order)               â”‚ W0107: Unnecessary pass statement  â”‚
â”‚        â”‚        â”‚ src/requests/compat.py:75:0:       â”‚ (unnecessary-pass)                 â”‚
â”‚        â”‚        â”‚ C0411: standard import             â”‚ src/requests/adapters.py:637:12:   â”‚
â”‚        â”‚        â”‚ "http.cookies.Morsel" should be    â”‚ W0707: Consider explicitly         â”‚
â”‚        â”‚        â”‚ placed before third party import   â”‚ re-raising using 'raise            â”‚
â”‚        â”‚        â”‚ "urllib3.__version__"              â”‚ InvalidURL(e, request=request)     â”‚
â”‚        â”‚        â”‚ (wrong-import-order)               â”‚ from e' (raise-missing-from)       â”‚
â”‚        â”‚        â”‚ src/requests/compat.py:76:0:       â”‚ src/requests/adapters.py:657:16:   â”‚
â”‚        â”‚        â”‚ C0411: standard import             â”‚ W0707: Consider explicitly         â”‚
â”‚        â”‚        â”‚ "io.StringIO" should be placed     â”‚ re-raising using 'except           â”‚
â”‚        â”‚        â”‚ before third party import          â”‚ ValueError as exc' and 'raise      â”‚
â”‚        â”‚        â”‚ "urllib3.__version__"              â”‚ ValueError(f'Invalid timeout       â”‚
â”‚        â”‚        â”‚ (wrong-import-order)               â”‚ {timeout}. Pass a (connect, read)  â”‚
â”‚        â”‚        â”‚ src/requests/compat.py:81:0:       â”‚ timeout tuple, or a single float   â”‚
â”‚        â”‚        â”‚ C0411: standard import             â”‚ to set both timeouts to the same   â”‚
â”‚        â”‚        â”‚ "urllib.parse.quote" should be     â”‚ value.') from exc'                 â”‚
â”‚        â”‚        â”‚ placed before third party import   â”‚ (raise-missing-from)               â”‚
â”‚        â”‚        â”‚ "urllib3.__version__"              â”‚ src/requests/adapters.py:682:12:   â”‚
â”‚        â”‚        â”‚ (wrong-import-order)               â”‚ W0707: Consider explicitly         â”‚
â”‚        â”‚        â”‚ src/requests/compat.py:93:0:       â”‚ re-raising using 'raise            â”‚
â”‚        â”‚        â”‚ C0411: standard import             â”‚ ConnectionError(err,               â”‚
â”‚        â”‚        â”‚ "urllib.request.getproxies" should â”‚ request=request) from err'         â”‚
â”‚        â”‚        â”‚ be placed before third party       â”‚ (raise-missing-from)               â”‚
â”‚        â”‚        â”‚ import "urllib3.__version__"       â”‚ src/requests/adapters.py:688:20:   â”‚
â”‚        â”‚        â”‚ (wrong-import-order)               â”‚ W0707: Consider explicitly         â”‚
â”‚        â”‚        â”‚ src/requests/models.py:296:0:      â”‚ re-raising using 'raise            â”‚
â”‚        â”‚        â”‚ C0301: Line too long (102/100)     â”‚ ConnectTimeout(e, request=request) â”‚
â”‚        â”‚        â”‚ (line-too-long)                    â”‚ from e' (raise-missing-from)       â”‚
â”‚        â”‚        â”‚ src/requests/models.py:1:0: C0302: â”‚ src/requests/adapters.py:691:16:   â”‚
â”‚        â”‚        â”‚ Too many lines in module           â”‚ W0707: Consider explicitly         â”‚
â”‚        â”‚        â”‚ (1037/1000) (too-many-lines)       â”‚ re-raising using 'raise            â”‚
â”‚        â”‚        â”‚ src/requests/models.py:72:4:       â”‚ RetryError(e, request=request)     â”‚
â”‚        â”‚        â”‚ E1101: Instance of 'LookupDict'    â”‚ from e' (raise-missing-from)       â”‚
â”‚        â”‚        â”‚ has no 'moved' member (no-member)  â”‚ src/requests/adapters.py:694:16:   â”‚
â”‚        â”‚        â”‚ src/requests/models.py:73:4:       â”‚ W0707: Consider explicitly         â”‚
â”‚        â”‚        â”‚ E1101: Instance of 'LookupDict'    â”‚ re-raising using 'raise            â”‚
â”‚        â”‚        â”‚ has no 'found' member (no-member)  â”‚ ProxyError(e, request=request)     â”‚
â”‚        â”‚        â”‚ src/requests/models.py:74:4:       â”‚ from e' (raise-missing-from)       â”‚
â”‚        â”‚        â”‚ E1101: Instance of 'LookupDict'    â”‚ src/requests/adapters.py:698:16:   â”‚
â”‚        â”‚        â”‚ has no 'other' member (no-member)  â”‚ W0707: Consider explicitly         â”‚
â”‚        â”‚        â”‚ src/requests/models.py:75:4:       â”‚ re-raising using 'raise            â”‚
â”‚        â”‚        â”‚ E1101: Instance of 'LookupDict'    â”‚ SSLError(e, request=request) from  â”‚
â”‚        â”‚        â”‚ has no 'temporary_redirect' member â”‚ e' (raise-missing-from)            â”‚
â”‚        â”‚        â”‚ (no-member)                        â”‚ src/requests/adapters.py:700:12:   â”‚
â”‚        â”‚        â”‚ src/requests/models.py:76:4:       â”‚ W0707: Consider explicitly         â”‚
â”‚        â”‚        â”‚ E1101: Instance of 'LookupDict'    â”‚ re-raising using 'raise            â”‚
â”‚        â”‚        â”‚ has no 'permanent_redirect' member â”‚ ConnectionError(e,                 â”‚
â”‚        â”‚        â”‚ (no-member)                        â”‚ request=request) from e'           â”‚
â”‚        â”‚        â”‚ src/requests/models.py:84:0:       â”‚ (raise-missing-from)               â”‚
â”‚        â”‚        â”‚ C0115: Missing class docstring     â”‚ src/requests/adapters.py:703:12:   â”‚
â”‚        â”‚        â”‚ (missing-class-docstring)          â”‚ W0707: Consider explicitly         â”‚
â”‚        â”‚        â”‚ src/requests/models.py:115:8:      â”‚ re-raising using 'raise            â”‚
â”‚        â”‚        â”‚ R1705: Unnecessary "elif" after    â”‚ ConnectionError(e,                 â”‚
â”‚        â”‚        â”‚ "return", remove the leading "el"  â”‚ request=request) from e'           â”‚
â”‚        â”‚        â”‚ from "elif" (no-else-return)       â”‚ (raise-missing-from)               â”‚
â”‚        â”‚        â”‚ src/requests/models.py:137:4:      â”‚ src/requests/adapters.py:706:12:   â”‚
â”‚        â”‚        â”‚ R0914: Too many local variables    â”‚ W0707: Consider explicitly         â”‚
â”‚        â”‚        â”‚ (16/15) (too-many-locals)          â”‚ re-raising using 'raise            â”‚
â”‚        â”‚        â”‚ src/requests/models.py:146:8:      â”‚ ProxyError(e) from e'              â”‚
â”‚        â”‚        â”‚ R1720: Unnecessary "elif" after    â”‚ (raise-missing-from)               â”‚
â”‚        â”‚        â”‚ "raise", remove the leading "el"   â”‚ src/requests/adapters.py:711:16:   â”‚
â”‚        â”‚        â”‚ from "elif" (no-else-raise)        â”‚ W0707: Consider explicitly         â”‚
â”‚        â”‚        â”‚ src/requests/models.py:137:4:      â”‚ re-raising using 'raise            â”‚
â”‚        â”‚        â”‚ R0912: Too many branches (17/12)   â”‚ SSLError(e, request=request) from  â”‚
â”‚        â”‚        â”‚ (too-many-branches)                â”‚ e' (raise-missing-from)            â”‚
â”‚        â”‚        â”‚ src/requests/models.py:84:0:       â”‚ src/requests/adapters.py:713:16:   â”‚
â”‚        â”‚        â”‚ R0903: Too few public methods      â”‚ W0707: Consider explicitly         â”‚
â”‚        â”‚        â”‚ (1/2) (too-few-public-methods)     â”‚ re-raising using 'raise            â”‚
â”‚        â”‚        â”‚ src/requests/models.py:206:0:      â”‚ ReadTimeout(e, request=request)    â”‚
â”‚        â”‚        â”‚ C0115: Missing class docstring     â”‚ from e' (raise-missing-from)       â”‚
â”‚        â”‚        â”‚ (missing-class-docstring)          â”‚ src/requests/adapters.py:715:16:   â”‚
â”‚        â”‚        â”‚ src/requests/models.py:230:0:      â”‚ W0707: Consider explicitly         â”‚
â”‚        â”‚        â”‚ R0902: Too many instance           â”‚ re-raising using 'raise            â”‚
â”‚        â”‚        â”‚ attributes (10/7)                  â”‚ InvalidHeader(e, request=request)  â”‚
â”‚        â”‚        â”‚ (too-many-instance-attributes)     â”‚ from e' (raise-missing-from)       â”‚
â”‚        â”‚        â”‚ src/requests/models.py:258:4:      â”‚ src/requests/adapters.py:10:0:     â”‚
â”‚        â”‚        â”‚ R0913: Too many arguments (11/5)   â”‚ W0611: Unused import socket        â”‚
â”‚        â”‚        â”‚ (too-many-arguments)               â”‚ (unused-import)                    â”‚
â”‚        â”‚        â”‚ src/requests/models.py:258:4:      â”‚ src/requests/adapters.py:78:4:     â”‚
â”‚        â”‚        â”‚ R0917: Too many positional         â”‚ W0611: Unused import ssl           â”‚
â”‚        â”‚        â”‚ arguments (11/5)                   â”‚ (unused-import)                    â”‚
â”‚        â”‚        â”‚ (too-many-positional-arguments)    â”‚                                    â”‚
â”‚        â”‚        â”‚ src/requests/models.py:351:4:      â”‚                                    â”‚
â”‚        â”‚        â”‚ R0913: Too many arguments (11/5)   â”‚                                    â”‚
â”‚        â”‚        â”‚ (too-many-arguments)               â”‚                                    â”‚
â”‚        â”‚        â”‚ src/requests/models.py:351:4:      â”‚                                    â”‚
â”‚        â”‚        â”‚ R0917: Too many positional         â”‚                                    â”‚
â”‚        â”‚        â”‚ arguments (11/5)                   â”‚                                    â”‚
â”‚        â”‚        â”‚ (too-many-positional-arguments)    â”‚                                    â”‚
â”‚        â”‚        â”‚ src/requests/models.py:382:4:      â”‚                                    â”‚
â”‚        â”‚        â”‚ C0116: Missing function or method  â”‚                                    â”‚
â”‚        â”‚        â”‚ docstring                          â”‚                                    â”‚
â”‚        â”‚        â”‚ (missing-function-docstring)       â”‚                                    â”‚
â”‚        â”‚        â”‚ src/requests/models.py:401:8:      â”‚                                    â”‚
â”‚        â”‚        â”‚ C0415: Import outside toplevel     â”‚                                    â”‚
â”‚        â”‚        â”‚ (idna) (import-outside-toplevel)   â”‚                                    â”‚
â”‚        â”‚        â”‚ src/requests/models.py:409:4:      â”‚                                    â”‚
â”‚        â”‚        â”‚ R0912: Too many branches (16/12)   â”‚                                    â”‚
â”‚        â”‚        â”‚ (too-many-branches)                â”‚                                    â”‚
â”‚        â”‚        â”‚ src/requests/models.py:494:4:      â”‚                                    â”‚
â”‚        â”‚        â”‚ R0912: Too many branches (16/12)   â”‚                                    â”‚
â”‚        â”‚        â”‚ (too-many-branches)                â”‚                                    â”‚
â”‚        â”‚        â”‚ src/requests/models.py:640:0:      â”‚                                    â”‚
â”‚        â”‚        â”‚ R0902: Too many instance           â”‚                                    â”‚
â”‚        â”‚        â”‚ attributes (13/7)                  â”‚                                    â”‚
â”‚        â”‚        â”‚ (too-many-instance-attributes)     â”‚                                    â”‚
â”‚        â”‚        â”‚ src/requests/models.py:780:12:     â”‚                                    â”‚
â”‚        â”‚        â”‚ E1101: Instance of 'LookupDict'    â”‚                                    â”‚
â”‚        â”‚        â”‚ has no 'moved_permanently' member  â”‚                                    â”‚
â”‚        â”‚        â”‚ (no-member)                        â”‚                                    â”‚
â”‚        â”‚        â”‚ src/requests/models.py:781:12:     â”‚                                    â”‚
â”‚        â”‚        â”‚ E1101: Instance of 'LookupDict'    â”‚                                    â”‚
â”‚        â”‚        â”‚ has no 'permanent_redirect' member â”‚                                    â”‚
â”‚        â”‚        â”‚ (no-member)                        â”‚                                    â”‚
â”‚        â”‚        â”‚ src/requests/models.py:792:8:      â”‚                                    â”‚
â”‚        â”‚        â”‚ R1705: Unnecessary "else" after    â”‚                                    â”‚
â”‚        â”‚        â”‚ "return", remove the "else" and    â”‚                                    â”‚
â”‚        â”‚        â”‚ de-indent the code inside it       â”‚                                    â”‚
â”‚        â”‚        â”‚ (no-else-return)                   â”‚                                    â”‚
â”‚        â”‚        â”‚ src/requests/models.py:839:8:      â”‚                                    â”‚
â”‚        â”‚        â”‚ R1720: Unnecessary "elif" after    â”‚                                    â”‚
â”‚        â”‚        â”‚ "raise", remove the leading "el"   â”‚                                    â”‚
â”‚        â”‚        â”‚ from "elif" (no-else-raise)        â”‚                                    â”‚
â”‚        â”‚        â”‚ src/requests/status_codes.py:118:â€¦ â”‚                                    â”‚
â”‚        â”‚        â”‚ C0209: Formatting a regular string â”‚                                    â”‚
â”‚        â”‚        â”‚ which could be an f-string         â”‚                                    â”‚
â”‚        â”‚        â”‚ (consider-using-f-string)          â”‚                                    â”‚
â”‚        â”‚        â”‚ src/requests/packages.py:1:0:      â”‚                                    â”‚
â”‚        â”‚        â”‚ C0114: Missing module docstring    â”‚                                    â”‚
â”‚        â”‚        â”‚ (missing-module-docstring)         â”‚                                    â”‚
â”‚        â”‚        â”‚ src/requests/__version__.py:1:0:   â”‚                                    â”‚
â”‚        â”‚        â”‚ C0114: Missing module docstring    â”‚                                    â”‚
â”‚        â”‚        â”‚ (missing-module-docstring)         â”‚                                    â”‚
â”‚        â”‚        â”‚ src/requests/api.py:17:0: C0301:   â”‚                                    â”‚
â”‚        â”‚        â”‚ Line too long (139/100)            â”‚                                    â”‚
â”‚        â”‚        â”‚ (line-too-long)                    â”‚                                    â”‚
â”‚        â”‚        â”‚ src/requests/api.py:23:0: C0301:   â”‚                                    â”‚
â”‚        â”‚        â”‚ Line too long (106/100)            â”‚                                    â”‚
â”‚        â”‚        â”‚ (line-too-long)                    â”‚                                    â”‚
â”‚        â”‚        â”‚ src/requests/api.py:26:0: C0301:   â”‚                                    â”‚
â”‚        â”‚        â”‚ Line too long (133/100)            â”‚                                    â”‚
â”‚        â”‚        â”‚ (line-too-long)                    â”‚                                    â”‚
â”‚        â”‚        â”‚ src/requests/api.py:27:0: C0301:   â”‚                                    â”‚
â”‚        â”‚        â”‚ Line too long (116/100)            â”‚                                    â”‚
â”‚        â”‚        â”‚ (line-too-long)                    â”‚                                    â”‚
â”‚        â”‚        â”‚ src/requests/api.py:28:0: C0301:   â”‚                                    â”‚
â”‚        â”‚        â”‚ Line too long (116/100)            â”‚                                    â”‚
â”‚        â”‚        â”‚ (line-too-long)                    â”‚                                    â”‚
â”‚        â”‚        â”‚ src/requests/api.py:29:0: C0301:   â”‚                                    â”‚
â”‚        â”‚        â”‚ Line too long (123/100)            â”‚                                    â”‚
â”‚        â”‚        â”‚ (line-too-long)                    â”‚                                    â”‚
â”‚        â”‚        â”‚ src/requests/api.py:36:0: C0301:   â”‚                                    â”‚
â”‚        â”‚        â”‚ Line too long (136/100)            â”‚                                    â”‚
â”‚        â”‚        â”‚ (line-too-long)                    â”‚                                    â”‚
â”‚        â”‚        â”‚ src/requests/api.py:43:0: C0301:   â”‚                                    â”‚
â”‚        â”‚        â”‚ Line too long (107/100)            â”‚                                    â”‚
â”‚        â”‚        â”‚ (line-too-long)                    â”‚                                    â”‚
â”‚        â”‚        â”‚ src/requests/api.py:109:0: C0301:  â”‚                                    â”‚
â”‚        â”‚        â”‚ Line too long (106/100)            â”‚                                    â”‚
â”‚        â”‚        â”‚ (line-too-long)                    â”‚                                    â”‚
â”‚        â”‚        â”‚ src/requests/api.py:124:0: C0301:  â”‚                                    â”‚
â”‚        â”‚        â”‚ Line too long (106/100)            â”‚                                    â”‚
â”‚        â”‚        â”‚ (line-too-long)                    â”‚                                    â”‚
â”‚        â”‚        â”‚ src/requests/api.py:139:0: C0301:  â”‚                                    â”‚
â”‚        â”‚        â”‚ Line too long (106/100)            â”‚                                    â”‚
â”‚        â”‚        â”‚ (line-too-long)                    â”‚                                    â”‚
â”‚        â”‚        â”‚ src/requests/utils.py:286:0:       â”‚                                    â”‚
â”‚        â”‚        â”‚ C0301: Line too long (128/100)     â”‚                                    â”‚
â”‚        â”‚        â”‚ (line-too-long)                    â”‚                                    â”‚
â”‚        â”‚        â”‚ src/requests/utils.py:287:0:       â”‚                                    â”‚
â”‚        â”‚        â”‚ C0301: Line too long (105/100)     â”‚                                    â”‚
â”‚        â”‚        â”‚ (line-too-long)                    â”‚                                    â”‚
â”‚        â”‚        â”‚ src/requests/utils.py:302:0:       â”‚                                    â”‚
â”‚        â”‚        â”‚ C0301: Line too long (117/100)     â”‚                                    â”‚
â”‚        â”‚        â”‚ (line-too-long)                    â”‚                                    â”‚
â”‚        â”‚        â”‚ src/requests/utils.py:563:0:       â”‚                                    â”‚
â”‚        â”‚        â”‚ C0301: Line too long (106/100)     â”‚                                    â”‚
â”‚        â”‚        â”‚ (line-too-long)                    â”‚                                    â”‚
â”‚        â”‚        â”‚ src/requests/utils.py:920:0:       â”‚                                    â”‚
â”‚        â”‚        â”‚ C0301: Line too long (118/100)     â”‚                                    â”‚
â”‚        â”‚        â”‚ (line-too-long)                    â”‚                                    â”‚
â”‚        â”‚        â”‚ src/requests/utils.py:1:0: C0302:  â”‚                                    â”‚
â”‚        â”‚        â”‚ Too many lines in module           â”‚                                    â”‚
â”‚        â”‚        â”‚ (1099/1000) (too-many-lines)       â”‚                                    â”‚
â”‚        â”‚        â”‚ src/requests/utils.py:77:4: C0116: â”‚                                    â”‚
â”‚        â”‚        â”‚ Missing function or method         â”‚                                    â”‚
â”‚        â”‚        â”‚ docstring                          â”‚                                    â”‚
â”‚        â”‚        â”‚ (missing-function-docstring)       â”‚                                    â”‚
â”‚        â”‚        â”‚ src/requests/utils.py:79:12:       â”‚                                    â”‚
â”‚        â”‚        â”‚ C0415: Import outside toplevel     â”‚                                    â”‚
â”‚        â”‚        â”‚ (winreg) (import-outside-toplevel) â”‚                                    â”‚
â”‚        â”‚        â”‚ src/requests/utils.py:84:12:       â”‚                                    â”‚
â”‚        â”‚        â”‚ C0103: Variable name               â”‚                                    â”‚
â”‚        â”‚        â”‚ "internetSettings" doesn't conform â”‚                                    â”‚
â”‚        â”‚        â”‚ to snake_case naming style         â”‚                                    â”‚
â”‚        â”‚        â”‚ (invalid-name)                     â”‚                                    â”‚
â”‚        â”‚        â”‚ src/requests/utils.py:89:12:       â”‚                                    â”‚
â”‚        â”‚        â”‚ C0103: Variable name "proxyEnable" â”‚                                    â”‚
â”‚        â”‚        â”‚ doesn't conform to snake_case      â”‚                                    â”‚
â”‚        â”‚        â”‚ naming style (invalid-name)        â”‚                                    â”‚
â”‚        â”‚        â”‚ src/requests/utils.py:91:12:       â”‚                                    â”‚
â”‚        â”‚        â”‚ C0103: Variable name               â”‚                                    â”‚
â”‚        â”‚        â”‚ "proxyOverride" doesn't conform to â”‚                                    â”‚
â”‚        â”‚        â”‚ snake_case naming style            â”‚                                    â”‚
â”‚        â”‚        â”‚ (invalid-name)                     â”‚                                    â”‚
â”‚        â”‚        â”‚ src/requests/utils.pyğŸ’¯8: C0103:   â”‚                                    â”‚
â”‚        â”‚        â”‚ Variable name "proxyOverride"      â”‚                                    â”‚
â”‚        â”‚        â”‚ doesn't conform to snake_case      â”‚                                    â”‚
â”‚        â”‚        â”‚ naming style (invalid-name)        â”‚                                    â”‚
â”‚        â”‚        â”‚ src/requests/utils.py:102:8:       â”‚                                    â”‚
â”‚        â”‚        â”‚ C0103: Variable name               â”‚                                    â”‚
â”‚        â”‚        â”‚ "proxyOverride" doesn't conform to â”‚                                    â”‚
â”‚        â”‚        â”‚ snake_case naming style            â”‚                                    â”‚
â”‚        â”‚        â”‚ (invalid-name)                     â”‚                                    â”‚
â”‚        â”‚        â”‚ src/requests/utils.py:115:4:       â”‚                                    â”‚
â”‚        â”‚        â”‚ E0102: function already defined    â”‚                                    â”‚
â”‚        â”‚        â”‚ line 44 (function-redefined)       â”‚                                    â”‚
â”‚        â”‚        â”‚ src/requests/utils.py:121:8:       â”‚                                    â”‚
â”‚        â”‚        â”‚ R1705: Unnecessary "else" after    â”‚                                    â”‚
â”‚        â”‚        â”‚ "return", remove the "else" and    â”‚                                    â”‚
â”‚        â”‚        â”‚ de-indent the code inside it       â”‚                                    â”‚
â”‚        â”‚        â”‚ (no-else-return)                   â”‚                                    â”‚
â”‚        â”‚        â”‚ src/requests/utils.py:136:0:       â”‚                                    â”‚
â”‚        â”‚        â”‚ C0116: Missing function or method  â”‚                                    â”‚
â”‚        â”‚        â”‚ docstring                          â”‚                                    â”‚
â”‚        â”‚        â”‚ (missing-function-docstring)       â”‚                                    â”‚
â”‚        â”‚        â”‚ src/requests/utils.py:136:0:       â”‚                                    â”‚
â”‚        â”‚        â”‚ R0912: Too many branches (14/12)   â”‚                                    â”‚
â”‚        â”‚        â”‚ (too-many-branches)                â”‚                                    â”‚
â”‚        â”‚        â”‚ src/requests/utils.py:217:8:       â”‚                                    â”‚
â”‚        â”‚        â”‚ C0415: Import outside toplevel     â”‚                                    â”‚
â”‚        â”‚        â”‚ (netrc.NetrcParseError,            â”‚                                    â”‚
â”‚        â”‚        â”‚ netrc.netrc)                       â”‚                                    â”‚
â”‚        â”‚        â”‚ (import-outside-toplevel)          â”‚                                    â”‚
â”‚        â”‚        â”‚ src/requests/utils.py:207:0:       â”‚                                    â”‚
â”‚        â”‚        â”‚ R1710: Either all return           â”‚                                    â”‚
â”‚        â”‚        â”‚ statements in a function should    â”‚                                    â”‚
â”‚        â”‚        â”‚ return an expression, or none of   â”‚                                    â”‚
â”‚        â”‚        â”‚ them should.                       â”‚                                    â”‚
â”‚        â”‚        â”‚ (inconsistent-return-statements)   â”‚                                    â”‚
â”‚        â”‚        â”‚ src/requests/utils.py:264:0:       â”‚                                    â”‚
â”‚        â”‚        â”‚ R1710: Either all return           â”‚                                    â”‚
â”‚        â”‚        â”‚ statements in a function should    â”‚                                    â”‚
â”‚        â”‚        â”‚ return an expression, or none of   â”‚                                    â”‚
â”‚        â”‚        â”‚ them should.                       â”‚                                    â”‚
â”‚        â”‚        â”‚ (inconsistent-return-statements)   â”‚                                    â”‚
â”‚        â”‚        â”‚ src/requests/utils.py:294:15:      â”‚                                    â”‚
â”‚        â”‚        â”‚ R1732: Consider using 'with' for   â”‚                                    â”‚
â”‚        â”‚        â”‚ resource-allocating operations     â”‚                                    â”‚
â”‚        â”‚        â”‚ (consider-using-with)              â”‚                                    â”‚
â”‚        â”‚        â”‚ src/requests/utils.py:542:0:       â”‚                                    â”‚
â”‚        â”‚        â”‚ R1710: Either all return           â”‚                                    â”‚
â”‚        â”‚        â”‚ statements in a function should    â”‚                                    â”‚
â”‚        â”‚        â”‚ return an expression, or none of   â”‚                                    â”‚
â”‚        â”‚        â”‚ them should.                       â”‚                                    â”‚
â”‚        â”‚        â”‚ (inconsistent-return-statements)   â”‚                                    â”‚
â”‚        â”‚        â”‚ src/requests/utils.py:768:0:       â”‚                                    â”‚
â”‚        â”‚        â”‚ R0912: Too many branches (14/12)   â”‚                                    â”‚
â”‚        â”‚        â”‚ (too-many-branches)                â”‚                                    â”‚
â”‚        â”‚        â”‚ src/requests/utils.py:835:4:       â”‚                                    â”‚
â”‚        â”‚        â”‚ R1705: Unnecessary "else" after    â”‚                                    â”‚
â”‚        â”‚        â”‚ "return", remove the "else" and    â”‚                                    â”‚
â”‚        â”‚        â”‚ de-indent the code inside it       â”‚                                    â”‚
â”‚        â”‚        â”‚ (no-else-return)                   â”‚                                    â”‚
â”‚        â”‚        â”‚ src/requests/utils.py:955:0:       â”‚                                    â”‚
â”‚        â”‚        â”‚ C0103: Constant name "_null"       â”‚                                    â”‚
â”‚        â”‚        â”‚ doesn't conform to UPPER_CASE      â”‚                                    â”‚
â”‚        â”‚        â”‚ naming style (invalid-name)        â”‚                                    â”‚
â”‚        â”‚        â”‚ src/requests/utils.py:956:0:       â”‚                                    â”‚
â”‚        â”‚        â”‚ C0103: Constant name "_null2"      â”‚                                    â”‚
â”‚        â”‚        â”‚ doesn't conform to UPPER_CASE      â”‚                                    â”‚
â”‚        â”‚        â”‚ naming style (invalid-name)        â”‚                                    â”‚
â”‚        â”‚        â”‚ src/requests/utils.py:957:0:       â”‚                                    â”‚
â”‚        â”‚        â”‚ C0103: Constant name "_null3"      â”‚                                    â”‚
â”‚        â”‚        â”‚ doesn't conform to UPPER_CASE      â”‚                                    â”‚
â”‚        â”‚        â”‚ naming style (invalid-name)        â”‚                                    â”‚
â”‚        â”‚        â”‚ src/requests/utils.py:960:0:       â”‚                                    â”‚
â”‚        â”‚        â”‚ R0911: Too many return statements  â”‚                                    â”‚
â”‚        â”‚        â”‚ (9/6) (too-many-return-statements) â”‚                                    â”‚
â”‚        â”‚        â”‚ src/requests/structures.py:76:4:   â”‚                                    â”‚
â”‚        â”‚        â”‚ C0116: Missing function or method  â”‚                                    â”‚
â”‚        â”‚        â”‚ docstring                          â”‚                                    â”‚
â”‚        â”‚        â”‚ (missing-function-docstring)       â”‚                                    â”‚
â”‚        â”‚        â”‚ src/requests/help.py:50:33: C0209: â”‚                                    â”‚
â”‚        â”‚        â”‚ Formatting a regular string which  â”‚                                    â”‚
â”‚        â”‚        â”‚ could be an f-string               â”‚                                    â”‚
â”‚        â”‚        â”‚ (consider-using-f-string)          â”‚                                    â”‚
â”‚        â”‚        â”‚ src/requests/help.py:51:12: E1101: â”‚                                    â”‚
â”‚        â”‚        â”‚ Module 'sys' has no                â”‚                                    â”‚
â”‚        â”‚        â”‚ 'pypy_version_info' member         â”‚                                    â”‚
â”‚        â”‚        â”‚ (no-member)                        â”‚                                    â”‚
â”‚        â”‚        â”‚ src/requests/help.py:52:12: E1101: â”‚                                    â”‚
â”‚        â”‚        â”‚ Module 'sys' has no                â”‚                                    â”‚
â”‚        â”‚        â”‚ 'pypy_version_info' member         â”‚                                    â”‚
â”‚        â”‚        â”‚ (no-member)                        â”‚                                    â”‚
â”‚        â”‚        â”‚ src/requests/help.py:53:12: E1101: â”‚                                    â”‚
â”‚        â”‚        â”‚ Module 'sys' has no                â”‚                                    â”‚
â”‚        â”‚        â”‚ 'pypy_version_info' member         â”‚                                    â”‚
â”‚        â”‚        â”‚ (no-member)                        â”‚                                    â”‚
â”‚        â”‚        â”‚ src/requests/help.py:55:11: E1101: â”‚                                    â”‚
â”‚        â”‚        â”‚ Module 'sys' has no                â”‚                                    â”‚
â”‚        â”‚        â”‚ 'pypy_version_info' member         â”‚                                    â”‚
â”‚        â”‚        â”‚ (no-member)                        â”‚                                    â”‚
â”‚        â”‚        â”‚ src/requests/help.py:57:41: E1101: â”‚                                    â”‚
â”‚        â”‚        â”‚ Module 'sys' has no                â”‚                                    â”‚
â”‚        â”‚        â”‚ 'pypy_version_info' member         â”‚                                    â”‚
â”‚        â”‚        â”‚ (no-member)                        â”‚                                    â”‚
â”‚        â”‚        â”‚ src/requests/adapters.py:63:4:     â”‚                                    â”‚
â”‚        â”‚        â”‚ C0116: Missing function or method  â”‚                                    â”‚
â”‚        â”‚        â”‚ docstring                          â”‚                                    â”‚
â”‚        â”‚        â”‚ (missing-function-docstring)       â”‚                                    â”‚
â”‚        â”‚        â”‚ src/requests/adapters.py:63:4:     â”‚                                    â”‚
â”‚        â”‚        â”‚ C0103: Function name               â”‚                                    â”‚
â”‚        â”‚        â”‚ "SOCKSProxyManager" doesn't        â”‚                                    â”‚
â”‚        â”‚        â”‚ conform to snake_case naming style â”‚                                    â”‚
â”‚        â”‚        â”‚ (invalid-name)                     â”‚                                    â”‚
â”‚        â”‚        â”‚ src/requests/adapters.py:87:4:     â”‚                                    â”‚
â”‚        â”‚        â”‚ C0103: Constant name               â”‚                                    â”‚
â”‚        â”‚        â”‚ "_preloaded_ssl_context" doesn't   â”‚                                    â”‚
â”‚        â”‚        â”‚ conform to UPPER_CASE naming style â”‚                                    â”‚
â”‚        â”‚        â”‚ (invalid-name)                     â”‚                                    â”‚
â”‚        â”‚        â”‚ src/requests/adapters.py:143:4:    â”‚                                    â”‚
â”‚        â”‚        â”‚ R0913: Too many arguments (7/5)    â”‚                                    â”‚
â”‚        â”‚        â”‚ (too-many-arguments)               â”‚                                    â”‚
â”‚        â”‚        â”‚ src/requests/adapters.py:143:4:    â”‚                                    â”‚
â”‚        â”‚        â”‚ R0917: Too many positional         â”‚                                    â”‚
â”‚        â”‚        â”‚ arguments (7/5)                    â”‚                                    â”‚
â”‚        â”‚        â”‚ (too-many-positional-arguments)    â”‚                                    â”‚
â”‚        â”‚        â”‚ src/requests/adapters.py:613:4:    â”‚                                    â”‚
â”‚        â”‚        â”‚ R0913: Too many arguments (7/5)    â”‚                                    â”‚
â”‚        â”‚        â”‚ (too-many-arguments)               â”‚                                    â”‚
â”‚        â”‚        â”‚ src/requests/adapters.py:613:4:    â”‚                                    â”‚
â”‚        â”‚        â”‚ R0917: Too many positional         â”‚                                    â”‚
â”‚        â”‚        â”‚ arguments (7/5)                    â”‚                                    â”‚
â”‚        â”‚        â”‚ (too-many-positional-arguments)    â”‚                                    â”‚
â”‚        â”‚        â”‚ src/requests/adapters.py:709:12:   â”‚                                    â”‚
â”‚        â”‚        â”‚ R1720: Unnecessary "elif" after    â”‚                                    â”‚
â”‚        â”‚        â”‚ "raise", remove the leading "el"   â”‚                                    â”‚
â”‚        â”‚        â”‚ from "elif" (no-else-raise)        â”‚                                    â”‚
â”‚        â”‚        â”‚ src/requests/adapters.py:613:4:    â”‚                                    â”‚
â”‚        â”‚        â”‚ R0912: Too many branches (19/12)   â”‚                                    â”‚
â”‚        â”‚        â”‚ (too-many-branches)                â”‚                                    â”‚
â”‚        â”‚        â”‚ src/requests/adapters.py:613:4:    â”‚                                    â”‚
â”‚        â”‚        â”‚ R0915: Too many statements (51/50) â”‚                                    â”‚
â”‚        â”‚        â”‚ (too-many-statements)              â”‚                                    â”‚
â”‚        â”‚        â”‚ src/requests/adapters.py:1:0:      â”‚                                    â”‚
â”‚        â”‚        â”‚ R0801: Similar lines in 2 files    â”‚                                    â”‚
â””â”€â”€â”€â”€â”€â”€â”€â”€â”´â”€â”€â”€â”€â”€â”€â”€â”€â”´â”€â”€â”€â”€â”€â”€â”€â”€â”€â”€â”€â”€â”€â”€â”€â”€â”€â”€â”€â”€â”€â”€â”€â”€â”€â”€â”€â”€â”€â”€â”€â”€â”€â”€â”€â”€â”´â”€â”€â”€â”€â”€â”€â”€â”€â”€â”€â”€â”€â”€â”€â”€â”€â”€â”€â”€â”€â”€â”€â”€â”€â”€â”€â”€â”€â”€â”€â”€â”€â”€â”€â”€â”€â”˜
Error: Overall Score (94.0) is below the threshold (100.0).
