⠧ Running Flake8...
⠏ Running PyLint...
⠼ Running MyPy...
                                    Jack-O-Linter Results                                    
┏━━━━━━━━┳━━━━━━━━┳━━━━━━━━━━━━━━━━━━━━━━━━━━━━━━━━━━━━┳━━━━━━━━━━━━━━━━━━━━━━━━━━━━━━━━━━━━┓
┃ Tool   ┃  Score ┃ Errors                             ┃ Warnings                           ┃
┡━━━━━━━━╇━━━━━━━━╇━━━━━━━━━━━━━━━━━━━━━━━━━━━━━━━━━━━━╇━━━━━━━━━━━━━━━━━━━━━━━━━━━━━━━━━━━━┩
│ MyPy   │  98.93 │ src/requests/compat.py:64: error:  │ src/requests/cookies.py:20: note:  │
│        │        │ Name "json" already defined (by an │ See                                │
│        │        │ import)                            │ https://mypy.readthedocs.io/en/st… │
│        │        │ src/requests/compat.py:69: error:  │ src/requests/help.py:31: note:     │
│        │        │ Incompatible import of             │ Hint: "python3 -m pip install      │
│        │        │ "JSONDecodeError" (imported name   │ types-pyOpenSSL"                   │
│        │        │ has type "type", local name has    │ src/requests/help.py:31: note: (or │
│        │        │ type "type")                       │ run "mypy --install-types" to      │
│        │        │ src/requests/compat.py:93: error:  │ install all missing stub packages) │
│        │        │ Module "urllib.request" has no     │                                    │
│        │        │ attribute                          │                                    │
│        │        │ "proxy_bypass_environment"         │                                    │
│        │        │ src/requests/cookies.py:20: error: │                                    │
│        │        │ Cannot find implementation or      │                                    │
│        │        │ library stub for module named      │                                    │
│        │        │ "dummy_threading"                  │                                    │
│        │        │ src/requests/cookies.py:20: error: │                                    │
│        │        │ Name "threading" already defined   │                                    │
│        │        │ (by an import)                     │                                    │
│        │        │ src/requests/models.py:72: error:  │                                    │
│        │        │ "LookupDict" has no attribute      │                                    │
│        │        │ "moved"                            │                                    │
│        │        │ src/requests/models.py:73: error:  │                                    │
│        │        │ "LookupDict" has no attribute      │                                    │
│        │        │ "found"                            │                                    │
│        │        │ src/requests/models.py:74: error:  │                                    │
│        │        │ "LookupDict" has no attribute      │                                    │
│        │        │ "other"                            │                                    │
│        │        │ src/requests/models.py:75: error:  │                                    │
│        │        │ "LookupDict" has no attribute      │                                    │
│        │        │ "temporary_redirect"               │                                    │
│        │        │ src/requests/models.py:76: error:  │                                    │
│        │        │ "LookupDict" has no attribute      │                                    │
│        │        │ "permanent_redirect"               │                                    │
│        │        │ src/requests/adapters.py:63:       │                                    │
│        │        │ error: Name "SOCKSProxyManager"    │                                    │
│        │        │ already defined (possibly by an    │                                    │
│        │        │ import)                            │                                    │
│        │        │ src/requests/adapters.py:87:       │                                    │
│        │        │ error: Incompatible types in       │                                    │
│        │        │ assignment (expression has type    │                                    │
│        │        │ "None", variable has type          │                                    │
│        │        │ "SSLContext")                      │                                    │
│        │        │ src/requests/adapters.py:95:       │                                    │
│        │        │ error: Invalid type comment or     │                                    │
│        │        │ annotation                         │                                    │
│        │        │ src/requests/adapters.py:117:      │                                    │
│        │        │ error: Incompatible types in       │                                    │
│        │        │ assignment (expression has type    │                                    │
│        │        │ "str", target has type             │                                    │
│        │        │ "SSLContext")                      │                                    │
│        │        │ src/requests/adapters.py:119:      │                                    │
│        │        │ error: Incompatible types in       │                                    │
│        │        │ assignment (expression has type    │                                    │
│        │        │ "str", target has type             │                                    │
│        │        │ "SSLContext")                      │                                    │
│        │        │ src/requests/adapters.py:120:      │                                    │
│        │        │ error: Incompatible types in       │                                    │
│        │        │ assignment (expression has type    │                                    │
│        │        │ "str", target has type             │                                    │
│        │        │ "SSLContext")                      │                                    │
│        │        │ src/requests/adapters.py:123:      │                                    │
│        │        │ error: Incompatible types in       │                                    │
│        │        │ assignment (expression has type    │                                    │
│        │        │ "str", target has type             │                                    │
│        │        │ "SSLContext")                      │                                    │
│        │        │ src/requests/adapters.py:124:      │                                    │
│        │        │ error: Incompatible types in       │                                    │
│        │        │ assignment (expression has type    │                                    │
│        │        │ "str", target has type             │                                    │
│        │        │ "SSLContext")                      │                                    │
│        │        │ src/requests/adapters.py:128:      │                                    │
│        │        │ error: Incompatible types in       │                                    │
│        │        │ assignment (expression has type    │                                    │
│        │        │ "str", target has type             │                                    │
│        │        │ "SSLContext")                      │                                    │
│        │        │ src/requests/__init__.py:50:       │                                    │
│        │        │ error: Incompatible types in       │                                    │
│        │        │ assignment (expression has type    │                                    │
│        │        │ "None", variable has type "str")   │                                    │
│        │        │ src/requests/__init__.py:55:       │                                    │
│        │        │ error: Incompatible types in       │                                    │
│        │        │ assignment (expression has type    │                                    │
│        │        │ "None", variable has type "str")   │                                    │
│        │        │ src/requests/__init__.py:128:      │                                    │
│        │        │ error: Incompatible types in       │                                    │
│        │        │ assignment (expression has type    │                                    │
│        │        │ "None", variable has type Module)  │                                    │
│        │        │ src/requests/help.py:16: error:    │                                    │
│        │        │ Incompatible types in assignment   │                                    │
│        │        │ (expression has type "None",       │                                    │
│        │        │ variable has type Module)          │                                    │
│        │        │ src/requests/help.py:21: error:    │                                    │
│        │        │ Incompatible types in assignment   │                                    │
│        │        │ (expression has type "None",       │                                    │
│        │        │ variable has type Module)          │                                    │
│        │        │ src/requests/help.py:26: error:    │                                    │
│        │        │ Incompatible types in assignment   │                                    │
│        │        │ (expression has type "None",       │                                    │
│        │        │ variable has type Module)          │                                    │
│        │        │ src/requests/help.py:30: error:    │                                    │
│        │        │ Incompatible import of             │                                    │
│        │        │ "cryptography" (imported name has  │                                    │
│        │        │ type Module, local name has type   │                                    │
│        │        │ "object")                          │                                    │
│        │        │ src/requests/help.py:31: error:    │                                    │
│        │        │ Library stubs not installed for    │                                    │
│        │        │ "OpenSSL"                          │                                    │
│        │        │ src/requests/help.py:31: error:    │                                    │
│        │        │ Name "OpenSSL" already defined on  │                                    │
│        │        │ line 27                            │                                    │
├────────┼────────┼────────────────────────────────────┼────────────────────────────────────┤
│ Flake8 │ 100.00 │ No Errors                          │ No Warnings                        │
├────────┼────────┼────────────────────────────────────┼────────────────────────────────────┤
│ PyLint │  83.10 │ src/requests/__init__.py:58:0:     │ src/requests/__init__.py:165:0:    │
│        │        │ C0116: Missing function or method  │ W0622: Redefining built-in         │
│        │        │ docstring                          │ 'ConnectionError'                  │
│        │        │ (missing-function-docstring)       │ (redefined-builtin)                │
│        │        │ src/requests/__init__.py:101:18:   │ src/requests/__init__.py:58:41:    │
│        │        │ C0209: Formatting a regular string │ W0621: Redefining name             │
│        │        │ which could be an f-string         │ 'chardet_version' from outer scope │
│        │        │ (consider-using-f-string)          │ (line 53) (redefined-outer-name)   │
│        │        │ src/requests/__init__.py:114:8:    │ src/requests/__init__.py:58:58:    │
│        │        │ C0209: Formatting a regular string │ W0621: Redefining name             │
│        │        │ which could be an f-string         │ 'charset_normalizer_version' from  │
│        │        │ (consider-using-f-string)          │ outer scope (line 48)              │
│        │        │ src/requests/__init__.py:143:0:    │ (redefined-outer-name)             │
│        │        │ C0413: Import "from                │ src/requests/__init__.py:67:18:    │
│        │        │ urllib3.exceptions import          │ W0621: Redefining name 'patch'     │
│        │        │ DependencyWarning" should be       │ from outer scope (line 164)        │
│        │        │ placed at the top of the module    │ (redefined-outer-name)             │
│        │        │ (wrong-import-position)            │ src/requests/__init__.py:93:24:    │
│        │        │ src/requests/__init__.py:148:0:    │ W0621: Redefining name             │
│        │        │ C0413: Import "import logging"     │ 'cryptography_version' from outer  │
│        │        │ should be placed at the top of the │ scope (line 136)                   │
│        │        │ module (wrong-import-position)     │ (redefined-outer-name)             │
│        │        │ src/requests/__init__.py:149:0:    │ src/requests/cookies.py:131:56:    │
│        │        │ C0413: Import "from logging import │ W0212: Access to a protected       │
│        │        │ NullHandler" should be placed at   │ member _original_response of a     │
│        │        │ the top of the module              │ client class (protected-access)    │
│        │        │ (wrong-import-position)            │ src/requests/cookies.py:136:23:    │
│        │        │ src/requests/__init__.py:151:0:    │ W0212: Access to a protected       │
│        │        │ C0413: Import "from . import       │ member _original_response of a     │
│        │        │ packages, utils" should be placed  │ client class (protected-access)    │
│        │        │ at the top of the module           │ src/requests/cookies.py:194:4:     │
│        │        │ (wrong-import-position)            │ W0237: Parameter 'key' has been    │
│        │        │ src/requests/__init__.py:152:0:    │ renamed to 'name' in overriding    │
│        │        │ C0413: Import "from .__version__   │ 'RequestsCookieJar.get' method     │
│        │        │ import __author__,                 │ (arguments-renamed)                │
│        │        │ __author_email__, __build__,       │ src/requests/cookies.py:358:4:     │
│        │        │ __cake__, __copyright__,           │ W0221: Number of parameters was 1  │
│        │        │ __description__, __license__,      │ in 'MutableMapping.update' and is  │
│        │        │ __title__, __url__, __version__"   │ now 2 in overriding                │
│        │        │ should be placed at the top of the │ 'RequestsCookieJar.update' method  │
│        │        │ module (wrong-import-position)     │ (arguments-differ)                 │
│        │        │ src/requests/__init__.py:164:0:    │ src/requests/cookies.py:358:4:     │
│        │        │ C0413: Import "from .api import    │ W0221: Variadics removed in        │
│        │        │ delete, get, head, options, patch, │ overriding                         │
│        │        │ post, put, request" should be      │ 'RequestsCookieJar.update' method  │
│        │        │ placed at the top of the module    │ (arguments-differ)                 │
│        │        │ (wrong-import-position)            │ src/requests/cookies.py:500:12:    │
│        │        │ src/requests/__init__.py:165:0:    │ W0707: Consider explicitly         │
│        │        │ C0413: Import "from .exceptions    │ re-raising using 'except           │
│        │        │ import ConnectionError,            │ ValueError as exc' and 'raise      │
│        │        │ ConnectTimeout, FileModeWarning,   │ TypeError(f"max-age:               │
│        │        │ HTTPError, JSONDecodeError,        │ {morsel['max-age']} must be        │
│        │        │ ReadTimeout, RequestException,     │ integer") from exc'                │
│        │        │ Timeout, TooManyRedirects,         │ (raise-missing-from)               │
│        │        │ URLRequired" should be placed at   │ src/requests/auth.py:181:9: W0511: │
│        │        │ the top of the module              │ XXX not implemented yet (fixme)    │
│        │        │ (wrong-import-position)            │ src/requests/auth.py:215:13:       │
│        │        │ src/requests/__init__.py:177:0:    │ W0511: XXX handle auth-int.        │
│        │        │ C0413: Import "from .models import │ (fixme)                            │
│        │        │ PreparedRequest, Request,          │ src/requests/auth.py:220:9: W0511: │
│        │        │ Response" should be placed at the  │ XXX should the partial digests be  │
│        │        │ top of the module                  │ encoded too? (fixme)               │
│        │        │ (wrong-import-position)            │ src/requests/auth.py:17:0: W0622:  │
│        │        │ src/requests/__init__.py:178:0:    │ Redefining built-in 'str'          │
│        │        │ C0413: Import "from .sessions      │ (redefined-builtin)                │
│        │        │ import Session, session" should be │ src/requests/auth.py:236:0: W0613: │
│        │        │ placed at the top of the module    │ Unused argument 'kwargs'           │
│        │        │ (wrong-import-position)            │ (unused-argument)                  │
│        │        │ src/requests/__init__.py:179:0:    │ src/requests/auth.py:267:12:       │
│        │        │ C0413: Import "from .status_codes  │ W0104: Statement seems to have no  │
│        │        │ import codes" should be placed at  │ effect (pointless-statement)       │
│        │        │ the top of the module              │ src/requests/auth.py:270:35:       │
│        │        │ (wrong-import-position)            │ W0212: Access to a protected       │
│        │        │ src/requests/__init__.py:143:0:    │ member _cookies of a client class  │
│        │        │ C0411: third party import          │ (protected-access)                 │
│        │        │ "urllib3.exceptions.DependencyWar… │ src/requests/auth.py:271:33:       │
│        │        │ should be placed before local      │ W0212: Access to a protected       │
│        │        │ import                             │ member _cookies of a client class  │
│        │        │ "exceptions.RequestsDependencyWar… │ (protected-access)                 │
│        │        │ (wrong-import-order)               │ src/requests/sessions.py:240:35:   │
│        │        │ src/requests/__init__.py:148:0:    │ W0212: Access to a protected       │
│        │        │ C0411: standard import "logging"   │ member _cookies of a client class  │
│        │        │ should be placed before third      │ (protected-access)                 │
│        │        │ party imports "urllib3",           │ src/requests/sessions.py:241:26:   │
│        │        │ "urllib3.exceptions.DependencyWar… │ W0212: Access to a protected       │
│        │        │ and local import                   │ member _cookies of a client class  │
│        │        │ "exceptions.RequestsDependencyWar… │ (protected-access)                 │
│        │        │ (wrong-import-order)               │ src/requests/sessions.py:242:45:   │
│        │        │ src/requests/__init__.py:149:0:    │ W0212: Access to a protected       │
│        │        │ C0411: standard import             │ member _cookies of a client class  │
│        │        │ "logging.NullHandler" should be    │ (protected-access)                 │
│        │        │ placed before third party imports  │ src/requests/sessions.py:251:25:   │
│        │        │ "urllib3",                         │ W0212: Access to a protected       │
│        │        │ "urllib3.exceptions.DependencyWar… │ member _body_position of a client  │
│        │        │ and local import                   │ class (protected-access)           │
│        │        │ "exceptions.RequestsDependencyWar… │ src/requests/sessions.py:739:16:   │
│        │        │ (wrong-import-order)               │ W0212: Access to a protected       │
│        │        │ src/requests/__init__.py:143:0:    │ member _next of a client class     │
│        │        │ C0412: Imports from package        │ (protected-access)                 │
│        │        │ urllib3 are not grouped            │ src/requests/sessions.py:746:12:   │
│        │        │ (ungrouped-imports)                │ W0104: Statement seems to have no  │
│        │        │ src/requests/cookies.py:40:4:      │ effect (pointless-statement)       │
│        │        │ C0116: Missing function or method  │ src/requests/sessions.py:33:0:     │
│        │        │ docstring                          │ W0611: Unused REDIRECT_STATI       │
│        │        │ (missing-function-docstring)       │ imported from models               │
│        │        │ src/requests/cookies.py:43:4:      │ (unused-import)                    │
│        │        │ C0116: Missing function or method  │ src/requests/sessions.py:41:0:     │
│        │        │ docstring                          │ W0611: Unused                      │
│        │        │ (missing-function-docstring)       │ should_bypass_proxies imported     │
│        │        │ src/requests/cookies.py:46:4:      │ from utils (unused-import)         │
│        │        │ C0116: Missing function or method  │ src/requests/hooks.py:19:1: W0511: │
│        │        │ docstring                          │ TODO: response is the only one     │
│        │        │ (missing-function-docstring)       │ (fixme)                            │
│        │        │ src/requests/cookies.py:49:4:      │ src/requests/compat.py:102:0:      │
│        │        │ C0116: Missing function or method  │ W0622: Redefining built-in 'str'   │
│        │        │ docstring                          │ (redefined-builtin)                │
│        │        │ (missing-function-docstring)       │ src/requests/compat.py:103:0:      │
│        │        │ src/requests/cookies.py:69:4:      │ W0622: Redefining built-in 'bytes' │
│        │        │ C0116: Missing function or method  │ (redefined-builtin)                │
│        │        │ docstring                          │ src/requests/compat.py:32:4:       │
│        │        │ (missing-function-docstring)       │ W0621: Redefining name 'chardet'   │
│        │        │ src/requests/cookies.py:72:4:      │ from outer scope (line 42)         │
│        │        │ C0116: Missing function or method  │ (redefined-outer-name)             │
│        │        │ docstring                          │ src/requests/compat.py:102:0:      │
│        │        │ (missing-function-docstring)       │ W0127: Assigning the same variable │
│        │        │ src/requests/cookies.py:75:4:      │ 'str' to itself                    │
│        │        │ C0116: Missing function or method  │ (self-assigning-variable)          │
│        │        │ docstring                          │ src/requests/compat.py:103:0:      │
│        │        │ (missing-function-docstring)       │ W0127: Assigning the same variable │
│        │        │ src/requests/cookies.py:84:4:      │ 'bytes' to itself                  │
│        │        │ C0116: Missing function or method  │ (self-assigning-variable)          │
│        │        │ docstring                          │ src/requests/compat.py:60:4:       │
│        │        │ (missing-function-docstring)       │ W0611: Unused simplejson imported  │
│        │        │ src/requests/cookies.py:87:4:      │ as json (unused-import)            │
│        │        │ C0116: Missing function or method  │ src/requests/compat.py:64:4:       │
│        │        │ docstring                          │ W0611: Unused import json          │
│        │        │ (missing-function-docstring)       │ (unused-import)                    │
│        │        │ src/requests/cookies.py:91:4:      │ src/requests/compat.py:67:4:       │
│        │        │ C0116: Missing function or method  │ W0611: Unused JSONDecodeError      │
│        │        │ docstring                          │ imported from simplejson           │
│        │        │ (missing-function-docstring)       │ (unused-import)                    │
│        │        │ src/requests/cookies.py:95:4:      │ src/requests/compat.py:72:0:       │
│        │        │ C0116: Missing function or method  │ W0611: Unused OrderedDict imported │
│        │        │ docstring                          │ from collections (unused-import)   │
│        │        │ (missing-function-docstring)       │ src/requests/compat.py:73:0:       │
│        │        │ src/requests/cookies.py:99:4:      │ W0611: Unused Callable imported    │
│        │        │ C0116: Missing function or method  │ from collections.abc               │
│        │        │ docstring                          │ (unused-import)                    │
│        │        │ (missing-function-docstring)       │ src/requests/compat.py:73:0:       │
│        │        │ src/requests/cookies.py:117:4:     │ W0611: Unused Mapping imported     │
│        │        │ C0116: Missing function or method  │ from collections.abc               │
│        │        │ docstring                          │ (unused-import)                    │
│        │        │ (missing-function-docstring)       │ src/requests/compat.py:73:0:       │
│        │        │ src/requests/cookies.py:120:4:     │ W0611: Unused MutableMapping       │
│        │        │ C0116: Missing function or method  │ imported from collections.abc      │
│        │        │ docstring                          │ (unused-import)                    │
│        │        │ (missing-function-docstring)       │ src/requests/compat.py:74:0:       │
│        │        │ src/requests/cookies.py:166:8:     │ W0611: Unused cookiejar imported   │
│        │        │ R1704: Redefining argument with    │ from http as cookielib             │
│        │        │ the local name 'domain'            │ (unused-import)                    │
│        │        │ (redefined-argument-from-local)    │ src/requests/compat.py:75:0:       │
│        │        │ src/requests/cookies.py:166:16:    │ W0611: Unused Morsel imported from │
│        │        │ R1704: Redefining argument with    │ http.cookies (unused-import)       │
│        │        │ the local name 'path'              │ src/requests/compat.py:76:0:       │
│        │        │ (redefined-argument-from-local)    │ W0611: Unused StringIO imported    │
│        │        │ src/requests/cookies.py:166:22:    │ from io (unused-import)            │
│        │        │ R1704: Redefining argument with    │ src/requests/compat.py:81:0:       │
│        │        │ the local name 'name'              │ W0611: Unused quote imported from  │
│        │        │ (redefined-argument-from-local)    │ urllib.parse (unused-import)       │
│        │        │ src/requests/cookies.py:206:4:     │ src/requests/compat.py:81:0:       │
│        │        │ R1710: Either all return           │ W0611: Unused quote_plus imported  │
│        │        │ statements in a function should    │ from urllib.parse (unused-import)  │
│        │        │ return an expression, or none of   │ src/requests/compat.py:81:0:       │
│        │        │ them should.                       │ W0611: Unused unquote imported     │
│        │        │ (inconsistent-return-statements)   │ from urllib.parse (unused-import)  │
│        │        │ src/requests/cookies.py:398:8:     │ src/requests/compat.py:81:0:       │
│        │        │ C0103: Variable name "toReturn"    │ W0611: Unused unquote_plus         │
│        │        │ doesn't conform to snake_case      │ imported from urllib.parse         │
│        │        │ naming style (invalid-name)        │ (unused-import)                    │
│        │        │ src/requests/cookies.py:409:24:    │ src/requests/compat.py:81:0:       │
│        │        │ C0103: Variable name "toReturn"    │ W0611: Unused urldefrag imported   │
│        │        │ doesn't conform to snake_case      │ from urllib.parse (unused-import)  │
│        │        │ naming style (invalid-name)        │ src/requests/compat.py:81:0:       │
│        │        │ src/requests/auth.py:37:12: C0209: │ W0611: Unused urlencode imported   │
│        │        │ Formatting a regular string which  │ from urllib.parse (unused-import)  │
│        │        │ could be an f-string               │ src/requests/compat.py:81:0:       │
│        │        │ (consider-using-f-string)          │ W0611: Unused urljoin imported     │
│        │        │ src/requests/auth.py:47:12: C0209: │ from urllib.parse (unused-import)  │
│        │        │ Formatting a regular string which  │ src/requests/compat.py:81:0:       │
│        │        │ could be an f-string               │ W0611: Unused urlparse imported    │
│        │        │ (consider-using-f-string)          │ from urllib.parse (unused-import)  │
│        │        │ src/requests/auth.py:69:0: R0903:  │ src/requests/compat.py:81:0:       │
│        │        │ Too few public methods (1/2)       │ W0611: Unused urlsplit imported    │
│        │        │ (too-few-public-methods)           │ from urllib.parse (unused-import)  │
│        │        │ src/requests/auth.py:99:0: R0903:  │ src/requests/compat.py:81:0:       │
│        │        │ Too few public methods (1/2)       │ W0611: Unused urlunparse imported  │
│        │        │ (too-few-public-methods)           │ from urllib.parse (unused-import)  │
│        │        │ src/requests/auth.py:116:4: C0116: │ src/requests/compat.py:93:0:       │
│        │        │ Missing function or method         │ W0611: Unused getproxies imported  │
│        │        │ docstring                          │ from urllib.request                │
│        │        │ (missing-function-docstring)       │ (unused-import)                    │
│        │        │ src/requests/auth.py:126:4: R0914: │ src/requests/compat.py:93:0:       │
│        │        │ Too many local variables (28/15)   │ W0611: Unused                      │
│        │        │ (too-many-locals)                  │ getproxies_environment imported    │
│        │        │ src/requests/auth.py:143:11:       │ from urllib.request                │
│        │        │ R1714: Consider merging these      │ (unused-import)                    │
│        │        │ comparisons with 'in' by using     │ src/requests/compat.py:93:0:       │
│        │        │ '_algorithm in ('MD5',             │ W0611: Unused parse_http_list      │
│        │        │ 'MD5-SESS')'. Use a set instead if │ imported from urllib.request       │
│        │        │ elements are hashable.             │ (unused-import)                    │
│        │        │ (consider-using-in)                │ src/requests/compat.py:93:0:       │
│        │        │ src/requests/auth.py:176:13:       │ W0611: Unused proxy_bypass         │
│        │        │ C3001: Lambda expression assigned  │ imported from urllib.request       │
│        │        │ to a variable. Define a function   │ (unused-import)                    │
│        │        │ using the "def" keyword instead.   │ src/requests/compat.py:93:0:       │
│        │        │ (unnecessary-lambda-assignment)    │ W0611: Unused                      │
│        │        │ src/requests/auth.py:176:8: C0103: │ proxy_bypass_environment imported  │
│        │        │ Variable name "KD" doesn't conform │ from urllib.request                │
│        │        │ to snake_case naming style         │ (unused-import)                    │
│        │        │ (invalid-name)                     │ src/requests/models.py:41:0:       │
│        │        │ src/requests/auth.py:189:8: C0103: │ W0622: Redefining built-in         │
│        │        │ Variable name "A1" doesn't conform │ 'ConnectionError'                  │
│        │        │ to snake_case naming style         │ (redefined-builtin)                │
│        │        │ (invalid-name)                     │ src/requests/models.py:387:8:      │
│        │        │ src/requests/auth.py:190:8: C0103: │ W0212: Access to a protected       │
│        │        │ Variable name "A2" doesn't conform │ member _cookies of a client class  │
│        │        │ to snake_case naming style         │ (protected-access)                 │
│        │        │ (invalid-name)                     │ src/requests/models.py:390:8:      │
│        │        │ src/requests/auth.py:192:8: C0103: │ W0212: Access to a protected       │
│        │        │ Variable name "HA1" doesn't        │ member _body_position of a client  │
│        │        │ conform to snake_case naming style │ class (protected-access)           │
│        │        │ (invalid-name)                     │ src/requests/models.py:406:12:     │
│        │        │ src/requests/auth.py:193:8: C0103: │ W0707: Consider explicitly         │
│        │        │ Variable name "HA2" doesn't        │ re-raising using 'except Exception │
│        │        │ conform to snake_case naming style │ as exc' and 'raise UnicodeError    │
│        │        │ (invalid-name)                     │ from exc' (raise-missing-from)     │
│        │        │ src/requests/auth.py:207:12:       │ src/requests/models.py:435:12:     │
│        │        │ C0103: Variable name "HA1" doesn't │ W0707: Consider explicitly         │
│        │        │ conform to snake_case naming style │ re-raising using 'raise            │
│        │        │ (invalid-name)                     │ InvalidURL(*e.args) from e'        │
│        │        │ src/requests/auth.py:126:4: R0912: │ (raise-missing-from)               │
│        │        │ Too many branches (18/12)          │ src/requests/models.py:454:16:     │
│        │        │ (too-many-branches)                │ W0707: Consider explicitly         │
│        │        │ src/requests/auth.py:126:4: R0915: │ re-raising using 'except           │
│        │        │ Too many statements (66/50)        │ UnicodeError as exc' and 'raise    │
│        │        │ (too-many-statements)              │ InvalidURL('URL has an invalid     │
│        │        │ src/requests/sessions.py:106:0:    │ label.') from exc'                 │
│        │        │ C0115: Missing class docstring     │ (raise-missing-from)               │
│        │        │ (missing-class-docstring)          │ src/requests/models.py:512:16:     │
│        │        │ src/requests/sessions.py:159:4:    │ W0707: Consider explicitly         │
│        │        │ R0913: Too many arguments (9/5)    │ re-raising using 'raise            │
│        │        │ (too-many-arguments)               │ InvalidJSONError(ve, request=self) │
│        │        │ src/requests/sessions.py:159:4:    │ from ve' (raise-missing-from)      │
│        │        │ R0917: Too many positional         │ src/requests/models.py:588:33:     │
│        │        │ arguments (9/5)                    │ W0613: Unused argument 'url'       │
│        │        │ (too-many-positional-arguments)    │ (unused-argument)                  │
│        │        │ src/requests/sessions.py:159:4:    │ src/requests/models.py:715:12:     │
│        │        │ R0914: Too many local variables    │ W0104: Statement seems to have no  │
│        │        │ (20/15) (too-many-locals)          │ effect (pointless-statement)       │
│        │        │ src/requests/sessions.py:225:16:   │ src/requests/models.py:822:20:     │
│        │        │ E1101: Instance of 'LookupDict'    │ W0707: Consider explicitly         │
│        │        │ has no 'temporary_redirect' member │ re-raising using 'raise            │
│        │        │ (no-member)                        │ ChunkedEncodingError(e) from e'    │
│        │        │ src/requests/sessions.py:226:16:   │ (raise-missing-from)               │
│        │        │ E1101: Instance of 'LookupDict'    │ src/requests/models.py:824:20:     │
│        │        │ has no 'permanent_redirect' member │ W0707: Consider explicitly         │
│        │        │ (no-member)                        │ re-raising using 'raise            │
│        │        │ src/requests/sessions.py:159:4:    │ ContentDecodingError(e) from e'    │
│        │        │ R0912: Too many branches (13/12)   │ (raise-missing-from)               │
│        │        │ (too-many-branches)                │ src/requests/models.py:826:20:     │
│        │        │ src/requests/sessions.py:159:4:    │ W0707: Consider explicitly         │
│        │        │ R0915: Too many statements (51/50) │ re-raising using 'raise            │
│        │        │ (too-many-statements)              │ ConnectionError(e) from e'         │
│        │        │ src/requests/sessions.py:340:35:   │ (raise-missing-from)               │
│        │        │ E1101: Instance of 'LookupDict'    │ src/requests/models.py:828:20:     │
│        │        │ has no 'see_other' member          │ W0707: Consider explicitly         │
│        │        │ (no-member)                        │ re-raising using 'raise            │
│        │        │ src/requests/sessions.py:345:35:   │ RequestsSSLError(e) from e'        │
│        │        │ E1101: Instance of 'LookupDict'    │ (raise-missing-from)               │
│        │        │ has no 'found' member (no-member)  │ src/requests/models.py:971:20:     │
│        │        │ src/requests/sessions.py:350:35:   │ W0707: Consider explicitly         │
│        │        │ E1101: Instance of 'LookupDict'    │ re-raising using 'raise            │
│        │        │ has no 'moved' member (no-member)  │ RequestsJSONDecodeError(e.msg,     │
│        │        │ src/requests/sessions.py:356:0:    │ e.doc, e.pos) from e'              │
│        │        │ R0902: Too many instance           │ (raise-missing-from)               │
│        │        │ attributes (12/7)                  │ src/requests/models.py:978:12:     │
│        │        │ (too-many-instance-attributes)     │ W0707: Consider explicitly         │
│        │        │ src/requests/sessions.py:500:4:    │ re-raising using 'raise            │
│        │        │ R0913: Too many arguments (17/5)   │ RequestsJSONDecodeError(e.msg,     │
│        │        │ (too-many-arguments)               │ e.doc, e.pos) from e'              │
│        │        │ src/requests/sessions.py:500:4:    │ (raise-missing-from)               │
│        │        │ R0917: Too many positional         │ src/requests/models.py:13:0:       │
│        │        │ arguments (17/5)                   │ W0611: Unused import               │
│        │        │ (too-many-positional-arguments)    │ encodings.idna (unused-import)     │
│        │        │ src/requests/sessions.py:500:4:    │ src/requests/status_codes.py:120:… │
│        │        │ R0914: Too many local variables    │ W0622: Redefining built-in         │
│        │        │ (22/15) (too-many-locals)          │ '__doc__' (redefined-builtin)      │
│        │        │ src/requests/sessions.py:724:22:   │ src/requests/status_codes.py:120:… │
│        │        │ R1721: Unnecessary use of a        │ W0603: Using the global statement  │
│        │        │ comprehension, use list(gen)       │ (global-statement)                 │
│        │        │ instead.                           │ src/requests/api.py:73:11: W3101:  │
│        │        │ (unnecessary-comprehension)        │ Missing timeout argument for       │
│        │        │ src/requests/sessions.py:750:4:    │ method 'request' can cause your    │
│        │        │ R0913: Too many arguments (6/5)    │ program to hang indefinitely       │
│        │        │ (too-many-arguments)               │ (missing-timeout)                  │
│        │        │ src/requests/sessions.py:750:4:    │ src/requests/api.py:85:11: W3101:  │
│        │        │ R0917: Too many positional         │ Missing timeout argument for       │
│        │        │ arguments (6/5)                    │ method 'request' can cause your    │
│        │        │ (too-many-positional-arguments)    │ program to hang indefinitely       │
│        │        │ src/requests/hooks.py:15:0: C0116: │ (missing-timeout)                  │
│        │        │ Missing function or method         │ src/requests/api.py💯11: W3101:    │
│        │        │ docstring                          │ Missing timeout argument for       │
│        │        │ (missing-function-docstring)       │ method 'request' can cause your    │
│        │        │ src/requests/compat.py:23:4:       │ program to hang indefinitely       │
│        │        │ C0103: Constant name               │ (missing-timeout)                  │
│        │        │ "is_urllib3_1" doesn't conform to  │ src/requests/api.py:115:11: W3101: │
│        │        │ UPPER_CASE naming style            │ Missing timeout argument for       │
│        │        │ (invalid-name)                     │ method 'request' can cause your    │
│        │        │ src/requests/compat.py:58:0:       │ program to hang indefinitely       │
│        │        │ C0103: Constant name               │ (missing-timeout)                  │
│        │        │ "has_simplejson" doesn't conform   │ src/requests/api.py:130:11: W3101: │
│        │        │ to UPPER_CASE naming style         │ Missing timeout argument for       │
│        │        │ (invalid-name)                     │ method 'request' can cause your    │
│        │        │ src/requests/compat.py:62:4:       │ program to hang indefinitely       │
│        │        │ C0103: Constant name               │ (missing-timeout)                  │
│        │        │ "has_simplejson" doesn't conform   │ src/requests/api.py:145:11: W3101: │
│        │        │ to UPPER_CASE naming style         │ Missing timeout argument for       │
│        │        │ (invalid-name)                     │ method 'request' can cause your    │
│        │        │ src/requests/compat.py:67:4:       │ program to hang indefinitely       │
│        │        │ E0401: Unable to import            │ (missing-timeout)                  │
│        │        │ 'simplejson' (import-error)        │ src/requests/api.py:157:11: W3101: │
│        │        │ src/requests/compat.py:72:0:       │ Missing timeout argument for       │
│        │        │ C0413: Import "from collections    │ method 'request' can cause your    │
│        │        │ import OrderedDict" should be      │ program to hang indefinitely       │
│        │        │ placed at the top of the module    │ (missing-timeout)                  │
│        │        │ (wrong-import-position)            │ src/requests/utils.py:34:0: W0622: │
│        │        │ src/requests/compat.py:73:0:       │ Redefining built-in 'bytes'        │
│        │        │ C0413: Import "from                │ (redefined-builtin)                │
│        │        │ collections.abc import Callable,   │ src/requests/utils.py:44:0: W0622: │
│        │        │ Mapping, MutableMapping" should be │ Redefining built-in 'str'          │
│        │        │ placed at the top of the module    │ (redefined-builtin)                │
│        │        │ (wrong-import-position)            │ src/requests/utils.py:652:16:      │
│        │        │ src/requests/compat.py:74:0:       │ W0707: Consider explicitly         │
│        │        │ C0413: Import "from http import    │ re-raising using 'except           │
│        │        │ cookiejar as cookielib" should be  │ ValueError as exc' and 'raise      │
│        │        │ placed at the top of the module    │ InvalidURL(f"Invalid               │
│        │        │ (wrong-import-position)            │ percent-escape sequence: '{h}'")   │
│        │        │ src/requests/compat.py:75:0:       │ from exc' (raise-missing-from)     │
│        │        │ C0413: Import "from http.cookies   │ src/requests/utils.py:999:18:      │
│        │        │ import Morsel" should be placed at │ W0612: Unused variable 'host'      │
│        │        │ the top of the module              │ (unused-variable)                  │
│        │        │ (wrong-import-position)            │ src/requests/utils.py:999:24:      │
│        │        │ src/requests/compat.py:76:0:       │ W0612: Unused variable 'port'      │
│        │        │ C0413: Import "from io import      │ (unused-variable)                  │
│        │        │ StringIO" should be placed at the  │ src/requests/utils.py:1073:41:     │
│        │        │ top of the module                  │ W0612: Unused variable 'fragment'  │
│        │        │ (wrong-import-position)            │ (unused-variable)                  │
│        │        │ src/requests/compat.py:81:0:       │ src/requests/utils.py:1090:8:      │
│        │        │ C0413: Import "from urllib.parse   │ W0212: Access to a protected       │
│        │        │ import quote, quote_plus, unquote, │ member _body_position of a client  │
│        │        │ unquote_plus, urldefrag,           │ class (protected-access)           │
│        │        │ urlencode, urljoin, urlparse,      │ src/requests/utils.py:1093:22:     │
│        │        │ urlsplit, urlunparse" should be    │ W0212: Access to a protected       │
│        │        │ placed at the top of the module    │ member _body_position of a client  │
│        │        │ (wrong-import-position)            │ class (protected-access)           │
│        │        │ src/requests/compat.py:93:0:       │ src/requests/utils.py:1095:12:     │
│        │        │ C0413: Import "from urllib.request │ W0707: Consider explicitly         │
│        │        │ import getproxies,                 │ re-raising using 'except OSError   │
│        │        │ getproxies_environment,            │ as exc' and 'raise                 │
│        │        │ parse_http_list, proxy_bypass,     │ UnrewindableBodyError('An error    │
│        │        │ proxy_bypass_environment" should   │ occurred when rewinding request    │
│        │        │ be placed at the top of the module │ body for redirect.') from exc'     │
│        │        │ (wrong-import-position)            │ (raise-missing-from)               │
│        │        │ src/requests/compat.py:101:0:      │ src/requests/utils.py:28:0: W0611: │
│        │        │ C0103: Class name "builtin_str"    │ Unused HEADER_VALIDATORS imported  │
│        │        │ doesn't conform to PascalCase      │ from _internal_utils               │
│        │        │ naming style (invalid-name)        │ (unused-import)                    │
│        │        │ src/requests/compat.py:102:0:      │ src/requests/utils.py:28:0: W0611: │
│        │        │ C0103: Class name "str" doesn't    │ Unused to_native_string imported   │
│        │        │ conform to PascalCase naming style │ from _internal_utils               │
│        │        │ (invalid-name)                     │ (unused-import)                    │
│        │        │ src/requests/compat.py:103:0:      │ src/requests/exceptions.py:59:0:   │
│        │        │ C0103: Class name "bytes" doesn't  │ W0622: Redefining built-in         │
│        │        │ conform to PascalCase naming style │ 'ConnectionError'                  │
│        │        │ (invalid-name)                     │ (redefined-builtin)                │
│        │        │ src/requests/compat.py:72:0:       │ src/requests/adapters.py:686:17:   │
│        │        │ C0411: standard import             │ W0511: TODO: Remove this in 3.0.0: │
│        │        │ "collections.OrderedDict" should   │ see #2811 (fixme)                  │
│        │        │ be placed before third party       │ src/requests/adapters.py:35:0:     │
│        │        │ import "urllib3.__version__"       │ W0622: Redefining built-in         │
│        │        │ (wrong-import-order)               │ 'ConnectionError'                  │
│        │        │ src/requests/compat.py:73:0:       │ (redefined-builtin)                │
│        │        │ C0411: standard import             │ src/requests/adapters.py:140:4:    │
│        │        │ "collections.abc.Callable" should  │ W0246: Useless parent or super()   │
│        │        │ be placed before third party       │ delegation in method '__init__'    │
│        │        │ import "urllib3.__version__"       │ (useless-parent-delegation)        │
│        │        │ (wrong-import-order)               │ src/requests/adapters.py:474:12:   │
│        │        │ src/requests/compat.py:74:0:       │ W0707: Consider explicitly         │
│        │        │ C0411: standard import             │ re-raising using 'raise            │
│        │        │ "http.cookiejar" should be placed  │ InvalidURL(e, request=request)     │
│        │        │ before third party import          │ from e' (raise-missing-from)       │
│        │        │ "urllib3.__version__"              │ src/requests/adapters.py:590:8:    │
│        │        │ (wrong-import-order)               │ W0107: Unnecessary pass statement  │
│        │        │ src/requests/compat.py:75:0:       │ (unnecessary-pass)                 │
│        │        │ C0411: standard import             │ src/requests/adapters.py:637:12:   │
│        │        │ "http.cookies.Morsel" should be    │ W0707: Consider explicitly         │
│        │        │ placed before third party import   │ re-raising using 'raise            │
│        │        │ "urllib3.__version__"              │ InvalidURL(e, request=request)     │
│        │        │ (wrong-import-order)               │ from e' (raise-missing-from)       │
│        │        │ src/requests/compat.py:76:0:       │ src/requests/adapters.py:657:16:   │
│        │        │ C0411: standard import             │ W0707: Consider explicitly         │
│        │        │ "io.StringIO" should be placed     │ re-raising using 'except           │
│        │        │ before third party import          │ ValueError as exc' and 'raise      │
│        │        │ "urllib3.__version__"              │ ValueError(f'Invalid timeout       │
│        │        │ (wrong-import-order)               │ {timeout}. Pass a (connect, read)  │
│        │        │ src/requests/compat.py:81:0:       │ timeout tuple, or a single float   │
│        │        │ C0411: standard import             │ to set both timeouts to the same   │
│        │        │ "urllib.parse.quote" should be     │ value.') from exc'                 │
│        │        │ placed before third party import   │ (raise-missing-from)               │
│        │        │ "urllib3.__version__"              │ src/requests/adapters.py:682:12:   │
│        │        │ (wrong-import-order)               │ W0707: Consider explicitly         │
│        │        │ src/requests/compat.py:93:0:       │ re-raising using 'raise            │
│        │        │ C0411: standard import             │ ConnectionError(err,               │
│        │        │ "urllib.request.getproxies" should │ request=request) from err'         │
│        │        │ be placed before third party       │ (raise-missing-from)               │
│        │        │ import "urllib3.__version__"       │ src/requests/adapters.py:688:20:   │
│        │        │ (wrong-import-order)               │ W0707: Consider explicitly         │
│        │        │ src/requests/models.py:296:0:      │ re-raising using 'raise            │
│        │        │ C0301: Line too long (102/100)     │ ConnectTimeout(e, request=request) │
│        │        │ (line-too-long)                    │ from e' (raise-missing-from)       │
│        │        │ src/requests/models.py:1:0: C0302: │ src/requests/adapters.py:691:16:   │
│        │        │ Too many lines in module           │ W0707: Consider explicitly         │
│        │        │ (1037/1000) (too-many-lines)       │ re-raising using 'raise            │
│        │        │ src/requests/models.py:72:4:       │ RetryError(e, request=request)     │
│        │        │ E1101: Instance of 'LookupDict'    │ from e' (raise-missing-from)       │
│        │        │ has no 'moved' member (no-member)  │ src/requests/adapters.py:694:16:   │
│        │        │ src/requests/models.py:73:4:       │ W0707: Consider explicitly         │
│        │        │ E1101: Instance of 'LookupDict'    │ re-raising using 'raise            │
│        │        │ has no 'found' member (no-member)  │ ProxyError(e, request=request)     │
│        │        │ src/requests/models.py:74:4:       │ from e' (raise-missing-from)       │
│        │        │ E1101: Instance of 'LookupDict'    │ src/requests/adapters.py:698:16:   │
│        │        │ has no 'other' member (no-member)  │ W0707: Consider explicitly         │
│        │        │ src/requests/models.py:75:4:       │ re-raising using 'raise            │
│        │        │ E1101: Instance of 'LookupDict'    │ SSLError(e, request=request) from  │
│        │        │ has no 'temporary_redirect' member │ e' (raise-missing-from)            │
│        │        │ (no-member)                        │ src/requests/adapters.py:700:12:   │
│        │        │ src/requests/models.py:76:4:       │ W0707: Consider explicitly         │
│        │        │ E1101: Instance of 'LookupDict'    │ re-raising using 'raise            │
│        │        │ has no 'permanent_redirect' member │ ConnectionError(e,                 │
│        │        │ (no-member)                        │ request=request) from e'           │
│        │        │ src/requests/models.py:84:0:       │ (raise-missing-from)               │
│        │        │ C0115: Missing class docstring     │ src/requests/adapters.py:703:12:   │
│        │        │ (missing-class-docstring)          │ W0707: Consider explicitly         │
│        │        │ src/requests/models.py:115:8:      │ re-raising using 'raise            │
│        │        │ R1705: Unnecessary "elif" after    │ ConnectionError(e,                 │
│        │        │ "return", remove the leading "el"  │ request=request) from e'           │
│        │        │ from "elif" (no-else-return)       │ (raise-missing-from)               │
│        │        │ src/requests/models.py:137:4:      │ src/requests/adapters.py:706:12:   │
│        │        │ R0914: Too many local variables    │ W0707: Consider explicitly         │
│        │        │ (16/15) (too-many-locals)          │ re-raising using 'raise            │
│        │        │ src/requests/models.py:146:8:      │ ProxyError(e) from e'              │
│        │        │ R1720: Unnecessary "elif" after    │ (raise-missing-from)               │
│        │        │ "raise", remove the leading "el"   │ src/requests/adapters.py:711:16:   │
│        │        │ from "elif" (no-else-raise)        │ W0707: Consider explicitly         │
│        │        │ src/requests/models.py:137:4:      │ re-raising using 'raise            │
│        │        │ R0912: Too many branches (17/12)   │ SSLError(e, request=request) from  │
│        │        │ (too-many-branches)                │ e' (raise-missing-from)            │
│        │        │ src/requests/models.py:84:0:       │ src/requests/adapters.py:713:16:   │
│        │        │ R0903: Too few public methods      │ W0707: Consider explicitly         │
│        │        │ (1/2) (too-few-public-methods)     │ re-raising using 'raise            │
│        │        │ src/requests/models.py:206:0:      │ ReadTimeout(e, request=request)    │
│        │        │ C0115: Missing class docstring     │ from e' (raise-missing-from)       │
│        │        │ (missing-class-docstring)          │ src/requests/adapters.py:715:16:   │
│        │        │ src/requests/models.py:230:0:      │ W0707: Consider explicitly         │
│        │        │ R0902: Too many instance           │ re-raising using 'raise            │
│        │        │ attributes (10/7)                  │ InvalidHeader(e, request=request)  │
│        │        │ (too-many-instance-attributes)     │ from e' (raise-missing-from)       │
│        │        │ src/requests/models.py:258:4:      │ src/requests/adapters.py:10:0:     │
│        │        │ R0913: Too many arguments (11/5)   │ W0611: Unused import socket        │
│        │        │ (too-many-arguments)               │ (unused-import)                    │
│        │        │ src/requests/models.py:258:4:      │ src/requests/adapters.py:78:4:     │
│        │        │ R0917: Too many positional         │ W0611: Unused import ssl           │
│        │        │ arguments (11/5)                   │ (unused-import)                    │
│        │        │ (too-many-positional-arguments)    │                                    │
│        │        │ src/requests/models.py:351:4:      │                                    │
│        │        │ R0913: Too many arguments (11/5)   │                                    │
│        │        │ (too-many-arguments)               │                                    │
│        │        │ src/requests/models.py:351:4:      │                                    │
│        │        │ R0917: Too many positional         │                                    │
│        │        │ arguments (11/5)                   │                                    │
│        │        │ (too-many-positional-arguments)    │                                    │
│        │        │ src/requests/models.py:382:4:      │                                    │
│        │        │ C0116: Missing function or method  │                                    │
│        │        │ docstring                          │                                    │
│        │        │ (missing-function-docstring)       │                                    │
│        │        │ src/requests/models.py:401:8:      │                                    │
│        │        │ C0415: Import outside toplevel     │                                    │
│        │        │ (idna) (import-outside-toplevel)   │                                    │
│        │        │ src/requests/models.py:409:4:      │                                    │
│        │        │ R0912: Too many branches (16/12)   │                                    │
│        │        │ (too-many-branches)                │                                    │
│        │        │ src/requests/models.py:494:4:      │                                    │
│        │        │ R0912: Too many branches (16/12)   │                                    │
│        │        │ (too-many-branches)                │                                    │
│        │        │ src/requests/models.py:640:0:      │                                    │
│        │        │ R0902: Too many instance           │                                    │
│        │        │ attributes (13/7)                  │                                    │
│        │        │ (too-many-instance-attributes)     │                                    │
│        │        │ src/requests/models.py:780:12:     │                                    │
│        │        │ E1101: Instance of 'LookupDict'    │                                    │
│        │        │ has no 'moved_permanently' member  │                                    │
│        │        │ (no-member)                        │                                    │
│        │        │ src/requests/models.py:781:12:     │                                    │
│        │        │ E1101: Instance of 'LookupDict'    │                                    │
│        │        │ has no 'permanent_redirect' member │                                    │
│        │        │ (no-member)                        │                                    │
│        │        │ src/requests/models.py:792:8:      │                                    │
│        │        │ R1705: Unnecessary "else" after    │                                    │
│        │        │ "return", remove the "else" and    │                                    │
│        │        │ de-indent the code inside it       │                                    │
│        │        │ (no-else-return)                   │                                    │
│        │        │ src/requests/models.py:839:8:      │                                    │
│        │        │ R1720: Unnecessary "elif" after    │                                    │
│        │        │ "raise", remove the leading "el"   │                                    │
│        │        │ from "elif" (no-else-raise)        │                                    │
│        │        │ src/requests/status_codes.py:118:… │                                    │
│        │        │ C0209: Formatting a regular string │                                    │
│        │        │ which could be an f-string         │                                    │
│        │        │ (consider-using-f-string)          │                                    │
│        │        │ src/requests/packages.py:1:0:      │                                    │
│        │        │ C0114: Missing module docstring    │                                    │
│        │        │ (missing-module-docstring)         │                                    │
│        │        │ src/requests/__version__.py:1:0:   │                                    │
│        │        │ C0114: Missing module docstring    │                                    │
│        │        │ (missing-module-docstring)         │                                    │
│        │        │ src/requests/api.py:17:0: C0301:   │                                    │
│        │        │ Line too long (139/100)            │                                    │
│        │        │ (line-too-long)                    │                                    │
│        │        │ src/requests/api.py:23:0: C0301:   │                                    │
│        │        │ Line too long (106/100)            │                                    │
│        │        │ (line-too-long)                    │                                    │
│        │        │ src/requests/api.py:26:0: C0301:   │                                    │
│        │        │ Line too long (133/100)            │                                    │
│        │        │ (line-too-long)                    │                                    │
│        │        │ src/requests/api.py:27:0: C0301:   │                                    │
│        │        │ Line too long (116/100)            │                                    │
│        │        │ (line-too-long)                    │                                    │
│        │        │ src/requests/api.py:28:0: C0301:   │                                    │
│        │        │ Line too long (116/100)            │                                    │
│        │        │ (line-too-long)                    │                                    │
│        │        │ src/requests/api.py:29:0: C0301:   │                                    │
│        │        │ Line too long (123/100)            │                                    │
│        │        │ (line-too-long)                    │                                    │
│        │        │ src/requests/api.py:36:0: C0301:   │                                    │
│        │        │ Line too long (136/100)            │                                    │
│        │        │ (line-too-long)                    │                                    │
│        │        │ src/requests/api.py:43:0: C0301:   │                                    │
│        │        │ Line too long (107/100)            │                                    │
│        │        │ (line-too-long)                    │                                    │
│        │        │ src/requests/api.py:109:0: C0301:  │                                    │
│        │        │ Line too long (106/100)            │                                    │
│        │        │ (line-too-long)                    │                                    │
│        │        │ src/requests/api.py:124:0: C0301:  │                                    │
│        │        │ Line too long (106/100)            │                                    │
│        │        │ (line-too-long)                    │                                    │
│        │        │ src/requests/api.py:139:0: C0301:  │                                    │
│        │        │ Line too long (106/100)            │                                    │
│        │        │ (line-too-long)                    │                                    │
│        │        │ src/requests/utils.py:286:0:       │                                    │
│        │        │ C0301: Line too long (128/100)     │                                    │
│        │        │ (line-too-long)                    │                                    │
│        │        │ src/requests/utils.py:287:0:       │                                    │
│        │        │ C0301: Line too long (105/100)     │                                    │
│        │        │ (line-too-long)                    │                                    │
│        │        │ src/requests/utils.py:302:0:       │                                    │
│        │        │ C0301: Line too long (117/100)     │                                    │
│        │        │ (line-too-long)                    │                                    │
│        │        │ src/requests/utils.py:563:0:       │                                    │
│        │        │ C0301: Line too long (106/100)     │                                    │
│        │        │ (line-too-long)                    │                                    │
│        │        │ src/requests/utils.py:920:0:       │                                    │
│        │        │ C0301: Line too long (118/100)     │                                    │
│        │        │ (line-too-long)                    │                                    │
│        │        │ src/requests/utils.py:1:0: C0302:  │                                    │
│        │        │ Too many lines in module           │                                    │
│        │        │ (1099/1000) (too-many-lines)       │                                    │
│        │        │ src/requests/utils.py:77:4: C0116: │                                    │
│        │        │ Missing function or method         │                                    │
│        │        │ docstring                          │                                    │
│        │        │ (missing-function-docstring)       │                                    │
│        │        │ src/requests/utils.py:79:12:       │                                    │
│        │        │ C0415: Import outside toplevel     │                                    │
│        │        │ (winreg) (import-outside-toplevel) │                                    │
│        │        │ src/requests/utils.py:84:12:       │                                    │
│        │        │ C0103: Variable name               │                                    │
│        │        │ "internetSettings" doesn't conform │                                    │
│        │        │ to snake_case naming style         │                                    │
│        │        │ (invalid-name)                     │                                    │
│        │        │ src/requests/utils.py:89:12:       │                                    │
│        │        │ C0103: Variable name "proxyEnable" │                                    │
│        │        │ doesn't conform to snake_case      │                                    │
│        │        │ naming style (invalid-name)        │                                    │
│        │        │ src/requests/utils.py:91:12:       │                                    │
│        │        │ C0103: Variable name               │                                    │
│        │        │ "proxyOverride" doesn't conform to │                                    │
│        │        │ snake_case naming style            │                                    │
│        │        │ (invalid-name)                     │                                    │
│        │        │ src/requests/utils.py💯8: C0103:   │                                    │
│        │        │ Variable name "proxyOverride"      │                                    │
│        │        │ doesn't conform to snake_case      │                                    │
│        │        │ naming style (invalid-name)        │                                    │
│        │        │ src/requests/utils.py:102:8:       │                                    │
│        │        │ C0103: Variable name               │                                    │
│        │        │ "proxyOverride" doesn't conform to │                                    │
│        │        │ snake_case naming style            │                                    │
│        │        │ (invalid-name)                     │                                    │
│        │        │ src/requests/utils.py:115:4:       │                                    │
│        │        │ E0102: function already defined    │                                    │
│        │        │ line 44 (function-redefined)       │                                    │
│        │        │ src/requests/utils.py:121:8:       │                                    │
│        │        │ R1705: Unnecessary "else" after    │                                    │
│        │        │ "return", remove the "else" and    │                                    │
│        │        │ de-indent the code inside it       │                                    │
│        │        │ (no-else-return)                   │                                    │
│        │        │ src/requests/utils.py:136:0:       │                                    │
│        │        │ C0116: Missing function or method  │                                    │
│        │        │ docstring                          │                                    │
│        │        │ (missing-function-docstring)       │                                    │
│        │        │ src/requests/utils.py:136:0:       │                                    │
│        │        │ R0912: Too many branches (14/12)   │                                    │
│        │        │ (too-many-branches)                │                                    │
│        │        │ src/requests/utils.py:217:8:       │                                    │
│        │        │ C0415: Import outside toplevel     │                                    │
│        │        │ (netrc.NetrcParseError,            │                                    │
│        │        │ netrc.netrc)                       │                                    │
│        │        │ (import-outside-toplevel)          │                                    │
│        │        │ src/requests/utils.py:207:0:       │                                    │
│        │        │ R1710: Either all return           │                                    │
│        │        │ statements in a function should    │                                    │
│        │        │ return an expression, or none of   │                                    │
│        │        │ them should.                       │                                    │
│        │        │ (inconsistent-return-statements)   │                                    │
│        │        │ src/requests/utils.py:264:0:       │                                    │
│        │        │ R1710: Either all return           │                                    │
│        │        │ statements in a function should    │                                    │
│        │        │ return an expression, or none of   │                                    │
│        │        │ them should.                       │                                    │
│        │        │ (inconsistent-return-statements)   │                                    │
│        │        │ src/requests/utils.py:294:15:      │                                    │
│        │        │ R1732: Consider using 'with' for   │                                    │
│        │        │ resource-allocating operations     │                                    │
│        │        │ (consider-using-with)              │                                    │
│        │        │ src/requests/utils.py:542:0:       │                                    │
│        │        │ R1710: Either all return           │                                    │
│        │        │ statements in a function should    │                                    │
│        │        │ return an expression, or none of   │                                    │
│        │        │ them should.                       │                                    │
│        │        │ (inconsistent-return-statements)   │                                    │
│        │        │ src/requests/utils.py:768:0:       │                                    │
│        │        │ R0912: Too many branches (14/12)   │                                    │
│        │        │ (too-many-branches)                │                                    │
│        │        │ src/requests/utils.py:835:4:       │                                    │
│        │        │ R1705: Unnecessary "else" after    │                                    │
│        │        │ "return", remove the "else" and    │                                    │
│        │        │ de-indent the code inside it       │                                    │
│        │        │ (no-else-return)                   │                                    │
│        │        │ src/requests/utils.py:955:0:       │                                    │
│        │        │ C0103: Constant name "_null"       │                                    │
│        │        │ doesn't conform to UPPER_CASE      │                                    │
│        │        │ naming style (invalid-name)        │                                    │
│        │        │ src/requests/utils.py:956:0:       │                                    │
│        │        │ C0103: Constant name "_null2"      │                                    │
│        │        │ doesn't conform to UPPER_CASE      │                                    │
│        │        │ naming style (invalid-name)        │                                    │
│        │        │ src/requests/utils.py:957:0:       │                                    │
│        │        │ C0103: Constant name "_null3"      │                                    │
│        │        │ doesn't conform to UPPER_CASE      │                                    │
│        │        │ naming style (invalid-name)        │                                    │
│        │        │ src/requests/utils.py:960:0:       │                                    │
│        │        │ R0911: Too many return statements  │                                    │
│        │        │ (9/6) (too-many-return-statements) │                                    │
│        │        │ src/requests/structures.py:76:4:   │                                    │
│        │        │ C0116: Missing function or method  │                                    │
│        │        │ docstring                          │                                    │
│        │        │ (missing-function-docstring)       │                                    │
│        │        │ src/requests/help.py:50:33: C0209: │                                    │
│        │        │ Formatting a regular string which  │                                    │
│        │        │ could be an f-string               │                                    │
│        │        │ (consider-using-f-string)          │                                    │
│        │        │ src/requests/help.py:51:12: E1101: │                                    │
│        │        │ Module 'sys' has no                │                                    │
│        │        │ 'pypy_version_info' member         │                                    │
│        │        │ (no-member)                        │                                    │
│        │        │ src/requests/help.py:52:12: E1101: │                                    │
│        │        │ Module 'sys' has no                │                                    │
│        │        │ 'pypy_version_info' member         │                                    │
│        │        │ (no-member)                        │                                    │
│        │        │ src/requests/help.py:53:12: E1101: │                                    │
│        │        │ Module 'sys' has no                │                                    │
│        │        │ 'pypy_version_info' member         │                                    │
│        │        │ (no-member)                        │                                    │
│        │        │ src/requests/help.py:55:11: E1101: │                                    │
│        │        │ Module 'sys' has no                │                                    │
│        │        │ 'pypy_version_info' member         │                                    │
│        │        │ (no-member)                        │                                    │
│        │        │ src/requests/help.py:57:41: E1101: │                                    │
│        │        │ Module 'sys' has no                │                                    │
│        │        │ 'pypy_version_info' member         │                                    │
│        │        │ (no-member)                        │                                    │
│        │        │ src/requests/adapters.py:63:4:     │                                    │
│        │        │ C0116: Missing function or method  │                                    │
│        │        │ docstring                          │                                    │
│        │        │ (missing-function-docstring)       │                                    │
│        │        │ src/requests/adapters.py:63:4:     │                                    │
│        │        │ C0103: Function name               │                                    │
│        │        │ "SOCKSProxyManager" doesn't        │                                    │
│        │        │ conform to snake_case naming style │                                    │
│        │        │ (invalid-name)                     │                                    │
│        │        │ src/requests/adapters.py:87:4:     │                                    │
│        │        │ C0103: Constant name               │                                    │
│        │        │ "_preloaded_ssl_context" doesn't   │                                    │
│        │        │ conform to UPPER_CASE naming style │                                    │
│        │        │ (invalid-name)                     │                                    │
│        │        │ src/requests/adapters.py:143:4:    │                                    │
│        │        │ R0913: Too many arguments (7/5)    │                                    │
│        │        │ (too-many-arguments)               │                                    │
│        │        │ src/requests/adapters.py:143:4:    │                                    │
│        │        │ R0917: Too many positional         │                                    │
│        │        │ arguments (7/5)                    │                                    │
│        │        │ (too-many-positional-arguments)    │                                    │
│        │        │ src/requests/adapters.py:613:4:    │                                    │
│        │        │ R0913: Too many arguments (7/5)    │                                    │
│        │        │ (too-many-arguments)               │                                    │
│        │        │ src/requests/adapters.py:613:4:    │                                    │
│        │        │ R0917: Too many positional         │                                    │
│        │        │ arguments (7/5)                    │                                    │
│        │        │ (too-many-positional-arguments)    │                                    │
│        │        │ src/requests/adapters.py:709:12:   │                                    │
│        │        │ R1720: Unnecessary "elif" after    │                                    │
│        │        │ "raise", remove the leading "el"   │                                    │
│        │        │ from "elif" (no-else-raise)        │                                    │
│        │        │ src/requests/adapters.py:613:4:    │                                    │
│        │        │ R0912: Too many branches (19/12)   │                                    │
│        │        │ (too-many-branches)                │                                    │
│        │        │ src/requests/adapters.py:613:4:    │                                    │
│        │        │ R0915: Too many statements (51/50) │                                    │
│        │        │ (too-many-statements)              │                                    │
│        │        │ src/requests/adapters.py:1:0:      │                                    │
│        │        │ R0801: Similar lines in 2 files    │                                    │
└────────┴────────┴────────────────────────────────────┴────────────────────────────────────┘
Error: Overall Score (94.0) is below the threshold (100.0).
