â § Running Flake8...
â ¦ Running PyLint...
â ‹ Running MyPy...
                                                                                        Jack-O-Linter Results                                                                                         
â”â”â”â”â”â”â”â”â”â”³â”â”â”â”â”â”â”â”â”³â”â”â”â”â”â”â”â”â”â”â”â”â”â”â”â”â”â”â”â”â”â”â”â”â”â”â”â”â”â”â”â”â”â”â”â”â”â”â”â”â”â”â”â”â”â”â”â”â”â”â”â”â”â”â”â”â”â”â”â”â”â”â”â”â”â”â”â”â”â”â”â”â”â”â”â”â”â”â”â”â”â”â”â”â”â”â”â”â”â”³â”â”â”â”â”â”â”â”â”â”â”â”â”â”â”â”â”â”â”â”â”â”â”â”â”â”â”â”â”â”â”â”â”â”â”â”â”â”â”â”â”â”â”â”â”â”â”â”â”â”â”â”â”â”â”â”â”â”â”â”â”â”â”â”â”â”â”â”â”â”â”â”â”â”â”â”â”â”â”â”â”â”â”â”â”â”â”â”â”“
â”ƒ Tool   â”ƒ  Score â”ƒ Errors                                                                                  â”ƒ Warnings                                                                               â”ƒ
â”¡â”â”â”â”â”â”â”â”â•‡â”â”â”â”â”â”â”â”â•‡â”â”â”â”â”â”â”â”â”â”â”â”â”â”â”â”â”â”â”â”â”â”â”â”â”â”â”â”â”â”â”â”â”â”â”â”â”â”â”â”â”â”â”â”â”â”â”â”â”â”â”â”â”â”â”â”â”â”â”â”â”â”â”â”â”â”â”â”â”â”â”â”â”â”â”â”â”â”â”â”â”â”â”â”â”â”â”â”â”â•‡â”â”â”â”â”â”â”â”â”â”â”â”â”â”â”â”â”â”â”â”â”â”â”â”â”â”â”â”â”â”â”â”â”â”â”â”â”â”â”â”â”â”â”â”â”â”â”â”â”â”â”â”â”â”â”â”â”â”â”â”â”â”â”â”â”â”â”â”â”â”â”â”â”â”â”â”â”â”â”â”â”â”â”â”â”â”â”â”â”©
â”‚ MyPy   â”‚  98.91 â”‚ src/requests/compat.py:60: error: Library stubs not installed for "simplejson"          â”‚ src/requests/compat.py:60: note: Hint: "python3 -m pip install types-simplejson"       â”‚
â”‚        â”‚        â”‚ src/requests/compat.py:93: error: Module "urllib.request" has no attribute              â”‚ src/requests/compat.py:60: note: (or run "mypy --install-types" to install all missing â”‚
â”‚        â”‚        â”‚ "proxy_bypass_environment"                                                              â”‚ stub packages)                                                                         â”‚
â”‚        â”‚        â”‚ src/requests/exceptions.py:31: error: Class cannot subclass "CompatJSONDecodeError"     â”‚ src/requests/compat.py:60: note: See                                                   â”‚
â”‚        â”‚        â”‚ (has type "Any")                                                                        â”‚ https://mypy.readthedocs.io/en/stable/running_mypy.html#missing-imports                â”‚
â”‚        â”‚        â”‚ src/requests/cookies.py:20: error: Cannot find implementation or library stub for       â”‚ src/requests/help.py:31: note: Hint: "python3 -m pip install types-pyOpenSSL"          â”‚
â”‚        â”‚        â”‚ module named "dummy_threading"                                                          â”‚                                                                                        â”‚
â”‚        â”‚        â”‚ src/requests/cookies.py:20: error: Name "threading" already defined (by an import)      â”‚                                                                                        â”‚
â”‚        â”‚        â”‚ src/requests/models.py:72: error: "LookupDict" has no attribute "moved"                 â”‚                                                                                        â”‚
â”‚        â”‚        â”‚ src/requests/models.py:73: error: "LookupDict" has no attribute "found"                 â”‚                                                                                        â”‚
â”‚        â”‚        â”‚ src/requests/models.py:74: error: "LookupDict" has no attribute "other"                 â”‚                                                                                        â”‚
â”‚        â”‚        â”‚ src/requests/models.py:75: error: "LookupDict" has no attribute "temporary_redirect"    â”‚                                                                                        â”‚
â”‚        â”‚        â”‚ src/requests/models.py:76: error: "LookupDict" has no attribute "permanent_redirect"    â”‚                                                                                        â”‚
â”‚        â”‚        â”‚ src/requests/adapters.py:63: error: Name "SOCKSProxyManager" already defined (possibly  â”‚                                                                                        â”‚
â”‚        â”‚        â”‚ by an import)                                                                           â”‚                                                                                        â”‚
â”‚        â”‚        â”‚ src/requests/adapters.py:87: error: Incompatible types in assignment (expression has    â”‚                                                                                        â”‚
â”‚        â”‚        â”‚ type "None", variable has type "SSLContext")                                            â”‚                                                                                        â”‚
â”‚        â”‚        â”‚ src/requests/adapters.py:95: error: Invalid type comment or annotation                  â”‚                                                                                        â”‚
â”‚        â”‚        â”‚ src/requests/adapters.py:117: error: Incompatible types in assignment (expression has   â”‚                                                                                        â”‚
â”‚        â”‚        â”‚ type "str", target has type "SSLContext")                                               â”‚                                                                                        â”‚
â”‚        â”‚        â”‚ src/requests/adapters.py:119: error: Incompatible types in assignment (expression has   â”‚                                                                                        â”‚
â”‚        â”‚        â”‚ type "str", target has type "SSLContext")                                               â”‚                                                                                        â”‚
â”‚        â”‚        â”‚ src/requests/adapters.py:120: error: Incompatible types in assignment (expression has   â”‚                                                                                        â”‚
â”‚        â”‚        â”‚ type "str", target has type "SSLContext")                                               â”‚                                                                                        â”‚
â”‚        â”‚        â”‚ src/requests/adapters.py:123: error: Incompatible types in assignment (expression has   â”‚                                                                                        â”‚
â”‚        â”‚        â”‚ type "str", target has type "SSLContext")                                               â”‚                                                                                        â”‚
â”‚        â”‚        â”‚ src/requests/adapters.py:124: error: Incompatible types in assignment (expression has   â”‚                                                                                        â”‚
â”‚        â”‚        â”‚ type "str", target has type "SSLContext")                                               â”‚                                                                                        â”‚
â”‚        â”‚        â”‚ src/requests/adapters.py:128: error: Incompatible types in assignment (expression has   â”‚                                                                                        â”‚
â”‚        â”‚        â”‚ type "str", target has type "SSLContext")                                               â”‚                                                                                        â”‚
â”‚        â”‚        â”‚ src/requests/__init__.py:50: error: Incompatible types in assignment (expression has    â”‚                                                                                        â”‚
â”‚        â”‚        â”‚ type "None", variable has type "str")                                                   â”‚                                                                                        â”‚
â”‚        â”‚        â”‚ src/requests/__init__.py:55: error: Incompatible types in assignment (expression has    â”‚                                                                                        â”‚
â”‚        â”‚        â”‚ type "None", variable has type "str")                                                   â”‚                                                                                        â”‚
â”‚        â”‚        â”‚ src/requests/__init__.py:128: error: Incompatible types in assignment (expression has   â”‚                                                                                        â”‚
â”‚        â”‚        â”‚ type "None", variable has type Module)                                                  â”‚                                                                                        â”‚
â”‚        â”‚        â”‚ src/requests/help.py:16: error: Incompatible types in assignment (expression has type   â”‚                                                                                        â”‚
â”‚        â”‚        â”‚ "None", variable has type Module)                                                       â”‚                                                                                        â”‚
â”‚        â”‚        â”‚ src/requests/help.py:21: error: Incompatible types in assignment (expression has type   â”‚                                                                                        â”‚
â”‚        â”‚        â”‚ "None", variable has type Module)                                                       â”‚                                                                                        â”‚
â”‚        â”‚        â”‚ src/requests/help.py:26: error: Incompatible types in assignment (expression has type   â”‚                                                                                        â”‚
â”‚        â”‚        â”‚ "None", variable has type Module)                                                       â”‚                                                                                        â”‚
â”‚        â”‚        â”‚ src/requests/help.py:30: error: Incompatible import of "cryptography" (imported name    â”‚                                                                                        â”‚
â”‚        â”‚        â”‚ has type Module, local name has type "object")                                          â”‚                                                                                        â”‚
â”‚        â”‚        â”‚ src/requests/help.py:31: error: Library stubs not installed for "OpenSSL"               â”‚                                                                                        â”‚
â”‚        â”‚        â”‚ src/requests/help.py:31: error: Name "OpenSSL" already defined on line 27               â”‚                                                                                        â”‚
â”œâ”€â”€â”€â”€â”€â”€â”€â”€â”¼â”€â”€â”€â”€â”€â”€â”€â”€â”¼â”€â”€â”€â”€â”€â”€â”€â”€â”€â”€â”€â”€â”€â”€â”€â”€â”€â”€â”€â”€â”€â”€â”€â”€â”€â”€â”€â”€â”€â”€â”€â”€â”€â”€â”€â”€â”€â”€â”€â”€â”€â”€â”€â”€â”€â”€â”€â”€â”€â”€â”€â”€â”€â”€â”€â”€â”€â”€â”€â”€â”€â”€â”€â”€â”€â”€â”€â”€â”€â”€â”€â”€â”€â”€â”€â”€â”€â”€â”€â”€â”€â”€â”€â”€â”€â”€â”€â”€â”€â”¼â”€â”€â”€â”€â”€â”€â”€â”€â”€â”€â”€â”€â”€â”€â”€â”€â”€â”€â”€â”€â”€â”€â”€â”€â”€â”€â”€â”€â”€â”€â”€â”€â”€â”€â”€â”€â”€â”€â”€â”€â”€â”€â”€â”€â”€â”€â”€â”€â”€â”€â”€â”€â”€â”€â”€â”€â”€â”€â”€â”€â”€â”€â”€â”€â”€â”€â”€â”€â”€â”€â”€â”€â”€â”€â”€â”€â”€â”€â”€â”€â”€â”€â”€â”€â”€â”€â”€â”€â”¤
â”‚ Flake8 â”‚ 100.00 â”‚ No Errors                                                                               â”‚ No Warnings                                                                            â”‚
â”œâ”€â”€â”€â”€â”€â”€â”€â”€â”¼â”€â”€â”€â”€â”€â”€â”€â”€â”¼â”€â”€â”€â”€â”€â”€â”€â”€â”€â”€â”€â”€â”€â”€â”€â”€â”€â”€â”€â”€â”€â”€â”€â”€â”€â”€â”€â”€â”€â”€â”€â”€â”€â”€â”€â”€â”€â”€â”€â”€â”€â”€â”€â”€â”€â”€â”€â”€â”€â”€â”€â”€â”€â”€â”€â”€â”€â”€â”€â”€â”€â”€â”€â”€â”€â”€â”€â”€â”€â”€â”€â”€â”€â”€â”€â”€â”€â”€â”€â”€â”€â”€â”€â”€â”€â”€â”€â”€â”€â”¼â”€â”€â”€â”€â”€â”€â”€â”€â”€â”€â”€â”€â”€â”€â”€â”€â”€â”€â”€â”€â”€â”€â”€â”€â”€â”€â”€â”€â”€â”€â”€â”€â”€â”€â”€â”€â”€â”€â”€â”€â”€â”€â”€â”€â”€â”€â”€â”€â”€â”€â”€â”€â”€â”€â”€â”€â”€â”€â”€â”€â”€â”€â”€â”€â”€â”€â”€â”€â”€â”€â”€â”€â”€â”€â”€â”€â”€â”€â”€â”€â”€â”€â”€â”€â”€â”€â”€â”€â”¤
â”‚ PyLint â”‚  83.10 â”‚ src/requests/__init__.py:58:0: C0116: Missing function or method docstring              â”‚ src/requests/__init__.py:165:0: W0622: Redefining built-in 'ConnectionError'           â”‚
â”‚        â”‚        â”‚ (missing-function-docstring)                                                            â”‚ (redefined-builtin)                                                                    â”‚
â”‚        â”‚        â”‚ src/requests/__init__.py:101:18: C0209: Formatting a regular string which could be an   â”‚ src/requests/__init__.py:58:41: W0621: Redefining name 'chardet_version' from outer    â”‚
â”‚        â”‚        â”‚ f-string (consider-using-f-string)                                                      â”‚ scope (line 53) (redefined-outer-name)                                                 â”‚
â”‚        â”‚        â”‚ src/requests/__init__.py:114:8: C0209: Formatting a regular string which could be an    â”‚ src/requests/__init__.py:58:58: W0621: Redefining name 'charset_normalizer_version'    â”‚
â”‚        â”‚        â”‚ f-string (consider-using-f-string)                                                      â”‚ from outer scope (line 48) (redefined-outer-name)                                      â”‚
â”‚        â”‚        â”‚ src/requests/__init__.py:143:0: C0413: Import "from urllib3.exceptions import           â”‚ src/requests/__init__.py:67:18: W0621: Redefining name 'patch' from outer scope (line  â”‚
â”‚        â”‚        â”‚ DependencyWarning" should be placed at the top of the module (wrong-import-position)    â”‚ 164) (redefined-outer-name)                                                            â”‚
â”‚        â”‚        â”‚ src/requests/__init__.py:148:0: C0413: Import "import logging" should be placed at the  â”‚ src/requests/__init__.py:93:24: W0621: Redefining name 'cryptography_version' from     â”‚
â”‚        â”‚        â”‚ top of the module (wrong-import-position)                                               â”‚ outer scope (line 136) (redefined-outer-name)                                          â”‚
â”‚        â”‚        â”‚ src/requests/__init__.py:149:0: C0413: Import "from logging import NullHandler" should  â”‚ src/requests/cookies.py:131:56: W0212: Access to a protected member _original_response â”‚
â”‚        â”‚        â”‚ be placed at the top of the module (wrong-import-position)                              â”‚ of a client class (protected-access)                                                   â”‚
â”‚        â”‚        â”‚ src/requests/__init__.py:151:0: C0413: Import "from . import packages, utils" should be â”‚ src/requests/cookies.py:136:23: W0212: Access to a protected member _original_response â”‚
â”‚        â”‚        â”‚ placed at the top of the module (wrong-import-position)                                 â”‚ of a client class (protected-access)                                                   â”‚
â”‚        â”‚        â”‚ src/requests/__init__.py:152:0: C0413: Import "from .__version__ import __author__,     â”‚ src/requests/cookies.py:194:4: W0237: Parameter 'key' has been renamed to 'name' in    â”‚
â”‚        â”‚        â”‚ __author_email__, __build__, __cake__, __copyright__, __description__, __license__,     â”‚ overriding 'RequestsCookieJar.get' method (arguments-renamed)                          â”‚
â”‚        â”‚        â”‚ __title__, __url__, __version__" should be placed at the top of the module              â”‚ src/requests/cookies.py:358:4: W0221: Number of parameters was 1 in                    â”‚
â”‚        â”‚        â”‚ (wrong-import-position)                                                                 â”‚ 'MutableMapping.update' and is now 2 in overriding 'RequestsCookieJar.update' method   â”‚
â”‚        â”‚        â”‚ src/requests/__init__.py:164:0: C0413: Import "from .api import delete, get, head,      â”‚ (arguments-differ)                                                                     â”‚
â”‚        â”‚        â”‚ options, patch, post, put, request" should be placed at the top of the module           â”‚ src/requests/cookies.py:358:4: W0221: Variadics removed in overriding                  â”‚
â”‚        â”‚        â”‚ (wrong-import-position)                                                                 â”‚ 'RequestsCookieJar.update' method (arguments-differ)                                   â”‚
â”‚        â”‚        â”‚ src/requests/__init__.py:165:0: C0413: Import "from .exceptions import ConnectionError, â”‚ src/requests/cookies.py:500:12: W0707: Consider explicitly re-raising using 'except    â”‚
â”‚        â”‚        â”‚ ConnectTimeout, FileModeWarning, HTTPError, JSONDecodeError, ReadTimeout,               â”‚ ValueError as exc' and 'raise TypeError(f"max-age: {morsel['max-age']} must be         â”‚
â”‚        â”‚        â”‚ RequestException, Timeout, TooManyRedirects, URLRequired" should be placed at the top   â”‚ integer") from exc' (raise-missing-from)                                               â”‚
â”‚        â”‚        â”‚ of the module (wrong-import-position)                                                   â”‚ src/requests/auth.py:181:9: W0511: XXX not implemented yet (fixme)                     â”‚
â”‚        â”‚        â”‚ src/requests/__init__.py:177:0: C0413: Import "from .models import PreparedRequest,     â”‚ src/requests/auth.py:215:13: W0511: XXX handle auth-int. (fixme)                       â”‚
â”‚        â”‚        â”‚ Request, Response" should be placed at the top of the module (wrong-import-position)    â”‚ src/requests/auth.py:220:9: W0511: XXX should the partial digests be encoded too?      â”‚
â”‚        â”‚        â”‚ src/requests/__init__.py:178:0: C0413: Import "from .sessions import Session, session"  â”‚ (fixme)                                                                                â”‚
â”‚        â”‚        â”‚ should be placed at the top of the module (wrong-import-position)                       â”‚ src/requests/auth.py:17:0: W0622: Redefining built-in 'str' (redefined-builtin)        â”‚
â”‚        â”‚        â”‚ src/requests/__init__.py:179:0: C0413: Import "from .status_codes import codes" should  â”‚ src/requests/auth.py:236:0: W0613: Unused argument 'kwargs' (unused-argument)          â”‚
â”‚        â”‚        â”‚ be placed at the top of the module (wrong-import-position)                              â”‚ src/requests/auth.py:267:12: W0104: Statement seems to have no effect                  â”‚
â”‚        â”‚        â”‚ src/requests/__init__.py:143:0: C0411: third party import                               â”‚ (pointless-statement)                                                                  â”‚
â”‚        â”‚        â”‚ "urllib3.exceptions.DependencyWarning" should be placed before local import             â”‚ src/requests/auth.py:270:35: W0212: Access to a protected member _cookies of a client  â”‚
â”‚        â”‚        â”‚ "exceptions.RequestsDependencyWarning" (wrong-import-order)                             â”‚ class (protected-access)                                                               â”‚
â”‚        â”‚        â”‚ src/requests/__init__.py:148:0: C0411: standard import "logging" should be placed       â”‚ src/requests/auth.py:271:33: W0212: Access to a protected member _cookies of a client  â”‚
â”‚        â”‚        â”‚ before third party imports "urllib3", "urllib3.exceptions.DependencyWarning" and local  â”‚ class (protected-access)                                                               â”‚
â”‚        â”‚        â”‚ import "exceptions.RequestsDependencyWarning" (wrong-import-order)                      â”‚ src/requests/sessions.py:240:35: W0212: Access to a protected member _cookies of a     â”‚
â”‚        â”‚        â”‚ src/requests/__init__.py:149:0: C0411: standard import "logging.NullHandler" should be  â”‚ client class (protected-access)                                                        â”‚
â”‚        â”‚        â”‚ placed before third party imports "urllib3", "urllib3.exceptions.DependencyWarning" and â”‚ src/requests/sessions.py:241:26: W0212: Access to a protected member _cookies of a     â”‚
â”‚        â”‚        â”‚ local import "exceptions.RequestsDependencyWarning" (wrong-import-order)                â”‚ client class (protected-access)                                                        â”‚
â”‚        â”‚        â”‚ src/requests/__init__.py:143:0: C0412: Imports from package urllib3 are not grouped     â”‚ src/requests/sessions.py:242:45: W0212: Access to a protected member _cookies of a     â”‚
â”‚        â”‚        â”‚ (ungrouped-imports)                                                                     â”‚ client class (protected-access)                                                        â”‚
â”‚        â”‚        â”‚ src/requests/cookies.py:40:4: C0116: Missing function or method docstring               â”‚ src/requests/sessions.py:251:25: W0212: Access to a protected member _body_position of â”‚
â”‚        â”‚        â”‚ (missing-function-docstring)                                                            â”‚ a client class (protected-access)                                                      â”‚
â”‚        â”‚        â”‚ src/requests/cookies.py:43:4: C0116: Missing function or method docstring               â”‚ src/requests/sessions.py:739:16: W0212: Access to a protected member _next of a client â”‚
â”‚        â”‚        â”‚ (missing-function-docstring)                                                            â”‚ class (protected-access)                                                               â”‚
â”‚        â”‚        â”‚ src/requests/cookies.py:46:4: C0116: Missing function or method docstring               â”‚ src/requests/sessions.py:746:12: W0104: Statement seems to have no effect              â”‚
â”‚        â”‚        â”‚ (missing-function-docstring)                                                            â”‚ (pointless-statement)                                                                  â”‚
â”‚        â”‚        â”‚ src/requests/cookies.py:49:4: C0116: Missing function or method docstring               â”‚ src/requests/sessions.py:33:0: W0611: Unused REDIRECT_STATI imported from models       â”‚
â”‚        â”‚        â”‚ (missing-function-docstring)                                                            â”‚ (unused-import)                                                                        â”‚
â”‚        â”‚        â”‚ src/requests/cookies.py:69:4: C0116: Missing function or method docstring               â”‚ src/requests/sessions.py:41:0: W0611: Unused should_bypass_proxies imported from utils â”‚
â”‚        â”‚        â”‚ (missing-function-docstring)                                                            â”‚ (unused-import)                                                                        â”‚
â”‚        â”‚        â”‚ src/requests/cookies.py:72:4: C0116: Missing function or method docstring               â”‚ src/requests/hooks.py:19:1: W0511: TODO: response is the only one (fixme)              â”‚
â”‚        â”‚        â”‚ (missing-function-docstring)                                                            â”‚ src/requests/compat.py:102:0: W0622: Redefining built-in 'str' (redefined-builtin)     â”‚
â”‚        â”‚        â”‚ src/requests/cookies.py:75:4: C0116: Missing function or method docstring               â”‚ src/requests/compat.py:103:0: W0622: Redefining built-in 'bytes' (redefined-builtin)   â”‚
â”‚        â”‚        â”‚ (missing-function-docstring)                                                            â”‚ src/requests/compat.py:32:4: W0621: Redefining name 'chardet' from outer scope (line   â”‚
â”‚        â”‚        â”‚ src/requests/cookies.py:84:4: C0116: Missing function or method docstring               â”‚ 42) (redefined-outer-name)                                                             â”‚
â”‚        â”‚        â”‚ (missing-function-docstring)                                                            â”‚ src/requests/compat.py:102:0: W0127: Assigning the same variable 'str' to itself       â”‚
â”‚        â”‚        â”‚ src/requests/cookies.py:87:4: C0116: Missing function or method docstring               â”‚ (self-assigning-variable)                                                              â”‚
â”‚        â”‚        â”‚ (missing-function-docstring)                                                            â”‚ src/requests/compat.py:103:0: W0127: Assigning the same variable 'bytes' to itself     â”‚
â”‚        â”‚        â”‚ src/requests/cookies.py:91:4: C0116: Missing function or method docstring               â”‚ (self-assigning-variable)                                                              â”‚
â”‚        â”‚        â”‚ (missing-function-docstring)                                                            â”‚ src/requests/compat.py:60:4: W0611: Unused simplejson imported as json (unused-import) â”‚
â”‚        â”‚        â”‚ src/requests/cookies.py:95:4: C0116: Missing function or method docstring               â”‚ src/requests/compat.py:64:4: W0611: Unused import json (unused-import)                 â”‚
â”‚        â”‚        â”‚ (missing-function-docstring)                                                            â”‚ src/requests/compat.py:67:4: W0611: Unused JSONDecodeError imported from simplejson    â”‚
â”‚        â”‚        â”‚ src/requests/cookies.py:99:4: C0116: Missing function or method docstring               â”‚ (unused-import)                                                                        â”‚
â”‚        â”‚        â”‚ (missing-function-docstring)                                                            â”‚ src/requests/compat.py:72:0: W0611: Unused OrderedDict imported from collections       â”‚
â”‚        â”‚        â”‚ src/requests/cookies.py:117:4: C0116: Missing function or method docstring              â”‚ (unused-import)                                                                        â”‚
â”‚        â”‚        â”‚ (missing-function-docstring)                                                            â”‚ src/requests/compat.py:73:0: W0611: Unused Callable imported from collections.abc      â”‚
â”‚        â”‚        â”‚ src/requests/cookies.py:120:4: C0116: Missing function or method docstring              â”‚ (unused-import)                                                                        â”‚
â”‚        â”‚        â”‚ (missing-function-docstring)                                                            â”‚ src/requests/compat.py:73:0: W0611: Unused Mapping imported from collections.abc       â”‚
â”‚        â”‚        â”‚ src/requests/cookies.py:166:8: R1704: Redefining argument with the local name 'domain'  â”‚ (unused-import)                                                                        â”‚
â”‚        â”‚        â”‚ (redefined-argument-from-local)                                                         â”‚ src/requests/compat.py:73:0: W0611: Unused MutableMapping imported from                â”‚
â”‚        â”‚        â”‚ src/requests/cookies.py:166:16: R1704: Redefining argument with the local name 'path'   â”‚ collections.abc (unused-import)                                                        â”‚
â”‚        â”‚        â”‚ (redefined-argument-from-local)                                                         â”‚ src/requests/compat.py:74:0: W0611: Unused cookiejar imported from http as cookielib   â”‚
â”‚        â”‚        â”‚ src/requests/cookies.py:166:22: R1704: Redefining argument with the local name 'name'   â”‚ (unused-import)                                                                        â”‚
â”‚        â”‚        â”‚ (redefined-argument-from-local)                                                         â”‚ src/requests/compat.py:75:0: W0611: Unused Morsel imported from http.cookies           â”‚
â”‚        â”‚        â”‚ src/requests/cookies.py:206:4: R1710: Either all return statements in a function should â”‚ (unused-import)                                                                        â”‚
â”‚        â”‚        â”‚ return an expression, or none of them should. (inconsistent-return-statements)          â”‚ src/requests/compat.py:76:0: W0611: Unused StringIO imported from io (unused-import)   â”‚
â”‚        â”‚        â”‚ src/requests/cookies.py:398:8: C0103: Variable name "toReturn" doesn't conform to       â”‚ src/requests/compat.py:81:0: W0611: Unused quote imported from urllib.parse            â”‚
â”‚        â”‚        â”‚ snake_case naming style (invalid-name)                                                  â”‚ (unused-import)                                                                        â”‚
â”‚        â”‚        â”‚ src/requests/cookies.py:409:24: C0103: Variable name "toReturn" doesn't conform to      â”‚ src/requests/compat.py:81:0: W0611: Unused quote_plus imported from urllib.parse       â”‚
â”‚        â”‚        â”‚ snake_case naming style (invalid-name)                                                  â”‚ (unused-import)                                                                        â”‚
â”‚        â”‚        â”‚ src/requests/auth.py:37:12: C0209: Formatting a regular string which could be an        â”‚ src/requests/compat.py:81:0: W0611: Unused unquote imported from urllib.parse          â”‚
â”‚        â”‚        â”‚ f-string (consider-using-f-string)                                                      â”‚ (unused-import)                                                                        â”‚
â”‚        â”‚        â”‚ src/requests/auth.py:47:12: C0209: Formatting a regular string which could be an        â”‚ src/requests/compat.py:81:0: W0611: Unused unquote_plus imported from urllib.parse     â”‚
â”‚        â”‚        â”‚ f-string (consider-using-f-string)                                                      â”‚ (unused-import)                                                                        â”‚
â”‚        â”‚        â”‚ src/requests/auth.py:69:0: R0903: Too few public methods (1/2) (too-few-public-methods) â”‚ src/requests/compat.py:81:0: W0611: Unused urldefrag imported from urllib.parse        â”‚
â”‚        â”‚        â”‚ src/requests/auth.py:99:0: R0903: Too few public methods (1/2) (too-few-public-methods) â”‚ (unused-import)                                                                        â”‚
â”‚        â”‚        â”‚ src/requests/auth.py:116:4: C0116: Missing function or method docstring                 â”‚ src/requests/compat.py:81:0: W0611: Unused urlencode imported from urllib.parse        â”‚
â”‚        â”‚        â”‚ (missing-function-docstring)                                                            â”‚ (unused-import)                                                                        â”‚
â”‚        â”‚        â”‚ src/requests/auth.py:126:4: R0914: Too many local variables (28/15) (too-many-locals)   â”‚ src/requests/compat.py:81:0: W0611: Unused urljoin imported from urllib.parse          â”‚
â”‚        â”‚        â”‚ src/requests/auth.py:143:11: R1714: Consider merging these comparisons with 'in' by     â”‚ (unused-import)                                                                        â”‚
â”‚        â”‚        â”‚ using '_algorithm in ('MD5', 'MD5-SESS')'. Use a set instead if elements are hashable.  â”‚ src/requests/compat.py:81:0: W0611: Unused urlparse imported from urllib.parse         â”‚
â”‚        â”‚        â”‚ (consider-using-in)                                                                     â”‚ (unused-import)                                                                        â”‚
â”‚        â”‚        â”‚ src/requests/auth.py:176:13: C3001: Lambda expression assigned to a variable. Define a  â”‚ src/requests/compat.py:81:0: W0611: Unused urlsplit imported from urllib.parse         â”‚
â”‚        â”‚        â”‚ function using the "def" keyword instead. (unnecessary-lambda-assignment)               â”‚ (unused-import)                                                                        â”‚
â”‚        â”‚        â”‚ src/requests/auth.py:176:8: C0103: Variable name "KD" doesn't conform to snake_case     â”‚ src/requests/compat.py:81:0: W0611: Unused urlunparse imported from urllib.parse       â”‚
â”‚        â”‚        â”‚ naming style (invalid-name)                                                             â”‚ (unused-import)                                                                        â”‚
â”‚        â”‚        â”‚ src/requests/auth.py:189:8: C0103: Variable name "A1" doesn't conform to snake_case     â”‚ src/requests/compat.py:93:0: W0611: Unused getproxies imported from urllib.request     â”‚
â”‚        â”‚        â”‚ naming style (invalid-name)                                                             â”‚ (unused-import)                                                                        â”‚
â”‚        â”‚        â”‚ src/requests/auth.py:190:8: C0103: Variable name "A2" doesn't conform to snake_case     â”‚ src/requests/compat.py:93:0: W0611: Unused getproxies_environment imported from        â”‚
â”‚        â”‚        â”‚ naming style (invalid-name)                                                             â”‚ urllib.request (unused-import)                                                         â”‚
â”‚        â”‚        â”‚ src/requests/auth.py:192:8: C0103: Variable name "HA1" doesn't conform to snake_case    â”‚ src/requests/compat.py:93:0: W0611: Unused parse_http_list imported from               â”‚
â”‚        â”‚        â”‚ naming style (invalid-name)                                                             â”‚ urllib.request (unused-import)                                                         â”‚
â”‚        â”‚        â”‚ src/requests/auth.py:193:8: C0103: Variable name "HA2" doesn't conform to snake_case    â”‚ src/requests/compat.py:93:0: W0611: Unused proxy_bypass imported from urllib.request   â”‚
â”‚        â”‚        â”‚ naming style (invalid-name)                                                             â”‚ (unused-import)                                                                        â”‚
â”‚        â”‚        â”‚ src/requests/auth.py:207:12: C0103: Variable name "HA1" doesn't conform to snake_case   â”‚ src/requests/compat.py:93:0: W0611: Unused proxy_bypass_environment imported from      â”‚
â”‚        â”‚        â”‚ naming style (invalid-name)                                                             â”‚ urllib.request (unused-import)                                                         â”‚
â”‚        â”‚        â”‚ src/requests/auth.py:126:4: R0912: Too many branches (18/12) (too-many-branches)        â”‚ src/requests/models.py:41:0: W0622: Redefining built-in 'ConnectionError'              â”‚
â”‚        â”‚        â”‚ src/requests/auth.py:126:4: R0915: Too many statements (66/50) (too-many-statements)    â”‚ (redefined-builtin)                                                                    â”‚
â”‚        â”‚        â”‚ src/requests/sessions.py:106:0: C0115: Missing class docstring                          â”‚ src/requests/models.py:387:8: W0212: Access to a protected member _cookies of a client â”‚
â”‚        â”‚        â”‚ (missing-class-docstring)                                                               â”‚ class (protected-access)                                                               â”‚
â”‚        â”‚        â”‚ src/requests/sessions.py:159:4: R0913: Too many arguments (9/5) (too-many-arguments)    â”‚ src/requests/models.py:390:8: W0212: Access to a protected member _body_position of a  â”‚
â”‚        â”‚        â”‚ src/requests/sessions.py:159:4: R0917: Too many positional arguments (9/5)              â”‚ client class (protected-access)                                                        â”‚
â”‚        â”‚        â”‚ (too-many-positional-arguments)                                                         â”‚ src/requests/models.py:406:12: W0707: Consider explicitly re-raising using 'except     â”‚
â”‚        â”‚        â”‚ src/requests/sessions.py:159:4: R0914: Too many local variables (20/15)                 â”‚ Exception as exc' and 'raise UnicodeError from exc' (raise-missing-from)               â”‚
â”‚        â”‚        â”‚ (too-many-locals)                                                                       â”‚ src/requests/models.py:435:12: W0707: Consider explicitly re-raising using 'raise      â”‚
â”‚        â”‚        â”‚ src/requests/sessions.py:225:16: E1101: Instance of 'LookupDict' has no                 â”‚ InvalidURL(*e.args) from e' (raise-missing-from)                                       â”‚
â”‚        â”‚        â”‚ 'temporary_redirect' member (no-member)                                                 â”‚ src/requests/models.py:454:16: W0707: Consider explicitly re-raising using 'except     â”‚
â”‚        â”‚        â”‚ src/requests/sessions.py:226:16: E1101: Instance of 'LookupDict' has no                 â”‚ UnicodeError as exc' and 'raise InvalidURL('URL has an invalid label.') from exc'      â”‚
â”‚        â”‚        â”‚ 'permanent_redirect' member (no-member)                                                 â”‚ (raise-missing-from)                                                                   â”‚
â”‚        â”‚        â”‚ src/requests/sessions.py:159:4: R0912: Too many branches (13/12) (too-many-branches)    â”‚ src/requests/models.py:512:16: W0707: Consider explicitly re-raising using 'raise      â”‚
â”‚        â”‚        â”‚ src/requests/sessions.py:159:4: R0915: Too many statements (51/50)                      â”‚ InvalidJSONError(ve, request=self) from ve' (raise-missing-from)                       â”‚
â”‚        â”‚        â”‚ (too-many-statements)                                                                   â”‚ src/requests/models.py:588:33: W0613: Unused argument 'url' (unused-argument)          â”‚
â”‚        â”‚        â”‚ src/requests/sessions.py:340:35: E1101: Instance of 'LookupDict' has no 'see_other'     â”‚ src/requests/models.py:715:12: W0104: Statement seems to have no effect                â”‚
â”‚        â”‚        â”‚ member (no-member)                                                                      â”‚ (pointless-statement)                                                                  â”‚
â”‚        â”‚        â”‚ src/requests/sessions.py:345:35: E1101: Instance of 'LookupDict' has no 'found' member  â”‚ src/requests/models.py:822:20: W0707: Consider explicitly re-raising using 'raise      â”‚
â”‚        â”‚        â”‚ (no-member)                                                                             â”‚ ChunkedEncodingError(e) from e' (raise-missing-from)                                   â”‚
â”‚        â”‚        â”‚ src/requests/sessions.py:350:35: E1101: Instance of 'LookupDict' has no 'moved' member  â”‚ src/requests/models.py:824:20: W0707: Consider explicitly re-raising using 'raise      â”‚
â”‚        â”‚        â”‚ (no-member)                                                                             â”‚ ContentDecodingError(e) from e' (raise-missing-from)                                   â”‚
â”‚        â”‚        â”‚ src/requests/sessions.py:356:0: R0902: Too many instance attributes (12/7)              â”‚ src/requests/models.py:826:20: W0707: Consider explicitly re-raising using 'raise      â”‚
â”‚        â”‚        â”‚ (too-many-instance-attributes)                                                          â”‚ ConnectionError(e) from e' (raise-missing-from)                                        â”‚
â”‚        â”‚        â”‚ src/requests/sessions.py:500:4: R0913: Too many arguments (17/5) (too-many-arguments)   â”‚ src/requests/models.py:828:20: W0707: Consider explicitly re-raising using 'raise      â”‚
â”‚        â”‚        â”‚ src/requests/sessions.py:500:4: R0917: Too many positional arguments (17/5)             â”‚ RequestsSSLError(e) from e' (raise-missing-from)                                       â”‚
â”‚        â”‚        â”‚ (too-many-positional-arguments)                                                         â”‚ src/requests/models.py:971:20: W0707: Consider explicitly re-raising using 'raise      â”‚
â”‚        â”‚        â”‚ src/requests/sessions.py:500:4: R0914: Too many local variables (22/15)                 â”‚ RequestsJSONDecodeError(e.msg, e.doc, e.pos) from e' (raise-missing-from)              â”‚
â”‚        â”‚        â”‚ (too-many-locals)                                                                       â”‚ src/requests/models.py:978:12: W0707: Consider explicitly re-raising using 'raise      â”‚
â”‚        â”‚        â”‚ src/requests/sessions.py:724:22: R1721: Unnecessary use of a comprehension, use         â”‚ RequestsJSONDecodeError(e.msg, e.doc, e.pos) from e' (raise-missing-from)              â”‚
â”‚        â”‚        â”‚ list(gen) instead. (unnecessary-comprehension)                                          â”‚ src/requests/models.py:13:0: W0611: Unused import encodings.idna (unused-import)       â”‚
â”‚        â”‚        â”‚ src/requests/sessions.py:750:4: R0913: Too many arguments (6/5) (too-many-arguments)    â”‚ src/requests/status_codes.py:120:4: W0622: Redefining built-in '__doc__'               â”‚
â”‚        â”‚        â”‚ src/requests/sessions.py:750:4: R0917: Too many positional arguments (6/5)              â”‚ (redefined-builtin)                                                                    â”‚
â”‚        â”‚        â”‚ (too-many-positional-arguments)                                                         â”‚ src/requests/status_codes.py:120:4: W0603: Using the global statement                  â”‚
â”‚        â”‚        â”‚ src/requests/hooks.py:15:0: C0116: Missing function or method docstring                 â”‚ (global-statement)                                                                     â”‚
â”‚        â”‚        â”‚ (missing-function-docstring)                                                            â”‚ src/requests/api.py:73:11: W3101: Missing timeout argument for method 'request' can    â”‚
â”‚        â”‚        â”‚ src/requests/compat.py:23:4: C0103: Constant name "is_urllib3_1" doesn't conform to     â”‚ cause your program to hang indefinitely (missing-timeout)                              â”‚
â”‚        â”‚        â”‚ UPPER_CASE naming style (invalid-name)                                                  â”‚ src/requests/api.py:85:11: W3101: Missing timeout argument for method 'request' can    â”‚
â”‚        â”‚        â”‚ src/requests/compat.py:58:0: C0103: Constant name "has_simplejson" doesn't conform to   â”‚ cause your program to hang indefinitely (missing-timeout)                              â”‚
â”‚        â”‚        â”‚ UPPER_CASE naming style (invalid-name)                                                  â”‚ src/requests/api.pyğŸ’¯11: W3101: Missing timeout argument for method 'request' can      â”‚
â”‚        â”‚        â”‚ src/requests/compat.py:62:4: C0103: Constant name "has_simplejson" doesn't conform to   â”‚ cause your program to hang indefinitely (missing-timeout)                              â”‚
â”‚        â”‚        â”‚ UPPER_CASE naming style (invalid-name)                                                  â”‚ src/requests/api.py:115:11: W3101: Missing timeout argument for method 'request' can   â”‚
â”‚        â”‚        â”‚ src/requests/compat.py:67:4: E0401: Unable to import 'simplejson' (import-error)        â”‚ cause your program to hang indefinitely (missing-timeout)                              â”‚
â”‚        â”‚        â”‚ src/requests/compat.py:72:0: C0413: Import "from collections import OrderedDict" should â”‚ src/requests/api.py:130:11: W3101: Missing timeout argument for method 'request' can   â”‚
â”‚        â”‚        â”‚ be placed at the top of the module (wrong-import-position)                              â”‚ cause your program to hang indefinitely (missing-timeout)                              â”‚
â”‚        â”‚        â”‚ src/requests/compat.py:73:0: C0413: Import "from collections.abc import Callable,       â”‚ src/requests/api.py:145:11: W3101: Missing timeout argument for method 'request' can   â”‚
â”‚        â”‚        â”‚ Mapping, MutableMapping" should be placed at the top of the module                      â”‚ cause your program to hang indefinitely (missing-timeout)                              â”‚
â”‚        â”‚        â”‚ (wrong-import-position)                                                                 â”‚ src/requests/api.py:157:11: W3101: Missing timeout argument for method 'request' can   â”‚
â”‚        â”‚        â”‚ src/requests/compat.py:74:0: C0413: Import "from http import cookiejar as cookielib"    â”‚ cause your program to hang indefinitely (missing-timeout)                              â”‚
â”‚        â”‚        â”‚ should be placed at the top of the module (wrong-import-position)                       â”‚ src/requests/utils.py:34:0: W0622: Redefining built-in 'bytes' (redefined-builtin)     â”‚
â”‚        â”‚        â”‚ src/requests/compat.py:75:0: C0413: Import "from http.cookies import Morsel" should be  â”‚ src/requests/utils.py:44:0: W0622: Redefining built-in 'str' (redefined-builtin)       â”‚
â”‚        â”‚        â”‚ placed at the top of the module (wrong-import-position)                                 â”‚ src/requests/utils.py:652:16: W0707: Consider explicitly re-raising using 'except      â”‚
â”‚        â”‚        â”‚ src/requests/compat.py:76:0: C0413: Import "from io import StringIO" should be placed   â”‚ ValueError as exc' and 'raise InvalidURL(f"Invalid percent-escape sequence: '{h}'")    â”‚
â”‚        â”‚        â”‚ at the top of the module (wrong-import-position)                                        â”‚ from exc' (raise-missing-from)                                                         â”‚
â”‚        â”‚        â”‚ src/requests/compat.py:81:0: C0413: Import "from urllib.parse import quote, quote_plus, â”‚ src/requests/utils.py:999:18: W0612: Unused variable 'host' (unused-variable)          â”‚
â”‚        â”‚        â”‚ unquote, unquote_plus, urldefrag, urlencode, urljoin, urlparse, urlsplit, urlunparse"   â”‚ src/requests/utils.py:999:24: W0612: Unused variable 'port' (unused-variable)          â”‚
â”‚        â”‚        â”‚ should be placed at the top of the module (wrong-import-position)                       â”‚ src/requests/utils.py:1073:41: W0612: Unused variable 'fragment' (unused-variable)     â”‚
â”‚        â”‚        â”‚ src/requests/compat.py:93:0: C0413: Import "from urllib.request import getproxies,      â”‚ src/requests/utils.py:1090:8: W0212: Access to a protected member _body_position of a  â”‚
â”‚        â”‚        â”‚ getproxies_environment, parse_http_list, proxy_bypass, proxy_bypass_environment" should â”‚ client class (protected-access)                                                        â”‚
â”‚        â”‚        â”‚ be placed at the top of the module (wrong-import-position)                              â”‚ src/requests/utils.py:1093:22: W0212: Access to a protected member _body_position of a â”‚
â”‚        â”‚        â”‚ src/requests/compat.py:101:0: C0103: Class name "builtin_str" doesn't conform to        â”‚ client class (protected-access)                                                        â”‚
â”‚        â”‚        â”‚ PascalCase naming style (invalid-name)                                                  â”‚ src/requests/utils.py:1095:12: W0707: Consider explicitly re-raising using 'except     â”‚
â”‚        â”‚        â”‚ src/requests/compat.py:102:0: C0103: Class name "str" doesn't conform to PascalCase     â”‚ OSError as exc' and 'raise UnrewindableBodyError('An error occurred when rewinding     â”‚
â”‚        â”‚        â”‚ naming style (invalid-name)                                                             â”‚ request body for redirect.') from exc' (raise-missing-from)                            â”‚
â”‚        â”‚        â”‚ src/requests/compat.py:103:0: C0103: Class name "bytes" doesn't conform to PascalCase   â”‚ src/requests/utils.py:28:0: W0611: Unused HEADER_VALIDATORS imported from              â”‚
â”‚        â”‚        â”‚ naming style (invalid-name)                                                             â”‚ _internal_utils (unused-import)                                                        â”‚
â”‚        â”‚        â”‚ src/requests/compat.py:72:0: C0411: standard import "collections.OrderedDict" should be â”‚ src/requests/utils.py:28:0: W0611: Unused to_native_string imported from               â”‚
â”‚        â”‚        â”‚ placed before third party import "urllib3.__version__" (wrong-import-order)             â”‚ _internal_utils (unused-import)                                                        â”‚
â”‚        â”‚        â”‚ src/requests/compat.py:73:0: C0411: standard import "collections.abc.Callable" should   â”‚ src/requests/exceptions.py:59:0: W0622: Redefining built-in 'ConnectionError'          â”‚
â”‚        â”‚        â”‚ be placed before third party import "urllib3.__version__" (wrong-import-order)          â”‚ (redefined-builtin)                                                                    â”‚
â”‚        â”‚        â”‚ src/requests/compat.py:74:0: C0411: standard import "http.cookiejar" should be placed   â”‚ src/requests/adapters.py:686:17: W0511: TODO: Remove this in 3.0.0: see #2811 (fixme)  â”‚
â”‚        â”‚        â”‚ before third party import "urllib3.__version__" (wrong-import-order)                    â”‚ src/requests/adapters.py:35:0: W0622: Redefining built-in 'ConnectionError'            â”‚
â”‚        â”‚        â”‚ src/requests/compat.py:75:0: C0411: standard import "http.cookies.Morsel" should be     â”‚ (redefined-builtin)                                                                    â”‚
â”‚        â”‚        â”‚ placed before third party import "urllib3.__version__" (wrong-import-order)             â”‚ src/requests/adapters.py:140:4: W0246: Useless parent or super() delegation in method  â”‚
â”‚        â”‚        â”‚ src/requests/compat.py:76:0: C0411: standard import "io.StringIO" should be placed      â”‚ '__init__' (useless-parent-delegation)                                                 â”‚
â”‚        â”‚        â”‚ before third party import "urllib3.__version__" (wrong-import-order)                    â”‚ src/requests/adapters.py:474:12: W0707: Consider explicitly re-raising using 'raise    â”‚
â”‚        â”‚        â”‚ src/requests/compat.py:81:0: C0411: standard import "urllib.parse.quote" should be      â”‚ InvalidURL(e, request=request) from e' (raise-missing-from)                            â”‚
â”‚        â”‚        â”‚ placed before third party import "urllib3.__version__" (wrong-import-order)             â”‚ src/requests/adapters.py:590:8: W0107: Unnecessary pass statement (unnecessary-pass)   â”‚
â”‚        â”‚        â”‚ src/requests/compat.py:93:0: C0411: standard import "urllib.request.getproxies" should  â”‚ src/requests/adapters.py:637:12: W0707: Consider explicitly re-raising using 'raise    â”‚
â”‚        â”‚        â”‚ be placed before third party import "urllib3.__version__" (wrong-import-order)          â”‚ InvalidURL(e, request=request) from e' (raise-missing-from)                            â”‚
â”‚        â”‚        â”‚ src/requests/models.py:296:0: C0301: Line too long (102/100) (line-too-long)            â”‚ src/requests/adapters.py:657:16: W0707: Consider explicitly re-raising using 'except   â”‚
â”‚        â”‚        â”‚ src/requests/models.py:1:0: C0302: Too many lines in module (1037/1000)                 â”‚ ValueError as exc' and 'raise ValueError(f'Invalid timeout {timeout}. Pass a (connect, â”‚
â”‚        â”‚        â”‚ (too-many-lines)                                                                        â”‚ read) timeout tuple, or a single float to set both timeouts to the same value.') from  â”‚
â”‚        â”‚        â”‚ src/requests/models.py:72:4: E1101: Instance of 'LookupDict' has no 'moved' member      â”‚ exc' (raise-missing-from)                                                              â”‚
â”‚        â”‚        â”‚ (no-member)                                                                             â”‚ src/requests/adapters.py:682:12: W0707: Consider explicitly re-raising using 'raise    â”‚
â”‚        â”‚        â”‚ src/requests/models.py:73:4: E1101: Instance of 'LookupDict' has no 'found' member      â”‚ ConnectionError(err, request=request) from err' (raise-missing-from)                   â”‚
â”‚        â”‚        â”‚ (no-member)                                                                             â”‚ src/requests/adapters.py:688:20: W0707: Consider explicitly re-raising using 'raise    â”‚
â”‚        â”‚        â”‚ src/requests/models.py:74:4: E1101: Instance of 'LookupDict' has no 'other' member      â”‚ ConnectTimeout(e, request=request) from e' (raise-missing-from)                        â”‚
â”‚        â”‚        â”‚ (no-member)                                                                             â”‚ src/requests/adapters.py:691:16: W0707: Consider explicitly re-raising using 'raise    â”‚
â”‚        â”‚        â”‚ src/requests/models.py:75:4: E1101: Instance of 'LookupDict' has no                     â”‚ RetryError(e, request=request) from e' (raise-missing-from)                            â”‚
â”‚        â”‚        â”‚ 'temporary_redirect' member (no-member)                                                 â”‚ src/requests/adapters.py:694:16: W0707: Consider explicitly re-raising using 'raise    â”‚
â”‚        â”‚        â”‚ src/requests/models.py:76:4: E1101: Instance of 'LookupDict' has no                     â”‚ ProxyError(e, request=request) from e' (raise-missing-from)                            â”‚
â”‚        â”‚        â”‚ 'permanent_redirect' member (no-member)                                                 â”‚ src/requests/adapters.py:698:16: W0707: Consider explicitly re-raising using 'raise    â”‚
â”‚        â”‚        â”‚ src/requests/models.py:84:0: C0115: Missing class docstring (missing-class-docstring)   â”‚ SSLError(e, request=request) from e' (raise-missing-from)                              â”‚
â”‚        â”‚        â”‚ src/requests/models.py:115:8: R1705: Unnecessary "elif" after "return", remove the      â”‚ src/requests/adapters.py:700:12: W0707: Consider explicitly re-raising using 'raise    â”‚
â”‚        â”‚        â”‚ leading "el" from "elif" (no-else-return)                                               â”‚ ConnectionError(e, request=request) from e' (raise-missing-from)                       â”‚
â”‚        â”‚        â”‚ src/requests/models.py:137:4: R0914: Too many local variables (16/15) (too-many-locals) â”‚ src/requests/adapters.py:703:12: W0707: Consider explicitly re-raising using 'raise    â”‚
â”‚        â”‚        â”‚ src/requests/models.py:146:8: R1720: Unnecessary "elif" after "raise", remove the       â”‚ ConnectionError(e, request=request) from e' (raise-missing-from)                       â”‚
â”‚        â”‚        â”‚ leading "el" from "elif" (no-else-raise)                                                â”‚ src/requests/adapters.py:706:12: W0707: Consider explicitly re-raising using 'raise    â”‚
â”‚        â”‚        â”‚ src/requests/models.py:137:4: R0912: Too many branches (17/12) (too-many-branches)      â”‚ ProxyError(e) from e' (raise-missing-from)                                             â”‚
â”‚        â”‚        â”‚ src/requests/models.py:84:0: R0903: Too few public methods (1/2)                        â”‚ src/requests/adapters.py:711:16: W0707: Consider explicitly re-raising using 'raise    â”‚
â”‚        â”‚        â”‚ (too-few-public-methods)                                                                â”‚ SSLError(e, request=request) from e' (raise-missing-from)                              â”‚
â”‚        â”‚        â”‚ src/requests/models.py:206:0: C0115: Missing class docstring (missing-class-docstring)  â”‚ src/requests/adapters.py:713:16: W0707: Consider explicitly re-raising using 'raise    â”‚
â”‚        â”‚        â”‚ src/requests/models.py:230:0: R0902: Too many instance attributes (10/7)                â”‚ ReadTimeout(e, request=request) from e' (raise-missing-from)                           â”‚
â”‚        â”‚        â”‚ (too-many-instance-attributes)                                                          â”‚ src/requests/adapters.py:715:16: W0707: Consider explicitly re-raising using 'raise    â”‚
â”‚        â”‚        â”‚ src/requests/models.py:258:4: R0913: Too many arguments (11/5) (too-many-arguments)     â”‚ InvalidHeader(e, request=request) from e' (raise-missing-from)                         â”‚
â”‚        â”‚        â”‚ src/requests/models.py:258:4: R0917: Too many positional arguments (11/5)               â”‚ src/requests/adapters.py:10:0: W0611: Unused import socket (unused-import)             â”‚
â”‚        â”‚        â”‚ (too-many-positional-arguments)                                                         â”‚ src/requests/adapters.py:78:4: W0611: Unused import ssl (unused-import)                â”‚
â”‚        â”‚        â”‚ src/requests/models.py:351:4: R0913: Too many arguments (11/5) (too-many-arguments)     â”‚                                                                                        â”‚
â”‚        â”‚        â”‚ src/requests/models.py:351:4: R0917: Too many positional arguments (11/5)               â”‚                                                                                        â”‚
â”‚        â”‚        â”‚ (too-many-positional-arguments)                                                         â”‚                                                                                        â”‚
â”‚        â”‚        â”‚ src/requests/models.py:382:4: C0116: Missing function or method docstring               â”‚                                                                                        â”‚
â”‚        â”‚        â”‚ (missing-function-docstring)                                                            â”‚                                                                                        â”‚
â”‚        â”‚        â”‚ src/requests/models.py:401:8: C0415: Import outside toplevel (idna)                     â”‚                                                                                        â”‚
â”‚        â”‚        â”‚ (import-outside-toplevel)                                                               â”‚                                                                                        â”‚
â”‚        â”‚        â”‚ src/requests/models.py:409:4: R0912: Too many branches (16/12) (too-many-branches)      â”‚                                                                                        â”‚
â”‚        â”‚        â”‚ src/requests/models.py:494:4: R0912: Too many branches (16/12) (too-many-branches)      â”‚                                                                                        â”‚
â”‚        â”‚        â”‚ src/requests/models.py:640:0: R0902: Too many instance attributes (13/7)                â”‚                                                                                        â”‚
â”‚        â”‚        â”‚ (too-many-instance-attributes)                                                          â”‚                                                                                        â”‚
â”‚        â”‚        â”‚ src/requests/models.py:780:12: E1101: Instance of 'LookupDict' has no                   â”‚                                                                                        â”‚
â”‚        â”‚        â”‚ 'moved_permanently' member (no-member)                                                  â”‚                                                                                        â”‚
â”‚        â”‚        â”‚ src/requests/models.py:781:12: E1101: Instance of 'LookupDict' has no                   â”‚                                                                                        â”‚
â”‚        â”‚        â”‚ 'permanent_redirect' member (no-member)                                                 â”‚                                                                                        â”‚
â”‚        â”‚        â”‚ src/requests/models.py:792:8: R1705: Unnecessary "else" after "return", remove the      â”‚                                                                                        â”‚
â”‚        â”‚        â”‚ "else" and de-indent the code inside it (no-else-return)                                â”‚                                                                                        â”‚
â”‚        â”‚        â”‚ src/requests/models.py:839:8: R1720: Unnecessary "elif" after "raise", remove the       â”‚                                                                                        â”‚
â”‚        â”‚        â”‚ leading "el" from "elif" (no-else-raise)                                                â”‚                                                                                        â”‚
â”‚        â”‚        â”‚ src/requests/status_codes.py:118:15: C0209: Formatting a regular string which could be  â”‚                                                                                        â”‚
â”‚        â”‚        â”‚ an f-string (consider-using-f-string)                                                   â”‚                                                                                        â”‚
â”‚        â”‚        â”‚ src/requests/packages.py:1:0: C0114: Missing module docstring                           â”‚                                                                                        â”‚
â”‚        â”‚        â”‚ (missing-module-docstring)                                                              â”‚                                                                                        â”‚
â”‚        â”‚        â”‚ src/requests/__version__.py:1:0: C0114: Missing module docstring                        â”‚                                                                                        â”‚
â”‚        â”‚        â”‚ (missing-module-docstring)                                                              â”‚                                                                                        â”‚
â”‚        â”‚        â”‚ src/requests/api.py:17:0: C0301: Line too long (139/100) (line-too-long)                â”‚                                                                                        â”‚
â”‚        â”‚        â”‚ src/requests/api.py:23:0: C0301: Line too long (106/100) (line-too-long)                â”‚                                                                                        â”‚
â”‚        â”‚        â”‚ src/requests/api.py:26:0: C0301: Line too long (133/100) (line-too-long)                â”‚                                                                                        â”‚
â”‚        â”‚        â”‚ src/requests/api.py:27:0: C0301: Line too long (116/100) (line-too-long)                â”‚                                                                                        â”‚
â”‚        â”‚        â”‚ src/requests/api.py:28:0: C0301: Line too long (116/100) (line-too-long)                â”‚                                                                                        â”‚
â”‚        â”‚        â”‚ src/requests/api.py:29:0: C0301: Line too long (123/100) (line-too-long)                â”‚                                                                                        â”‚
â”‚        â”‚        â”‚ src/requests/api.py:36:0: C0301: Line too long (136/100) (line-too-long)                â”‚                                                                                        â”‚
â”‚        â”‚        â”‚ src/requests/api.py:43:0: C0301: Line too long (107/100) (line-too-long)                â”‚                                                                                        â”‚
â”‚        â”‚        â”‚ src/requests/api.py:109:0: C0301: Line too long (106/100) (line-too-long)               â”‚                                                                                        â”‚
â”‚        â”‚        â”‚ src/requests/api.py:124:0: C0301: Line too long (106/100) (line-too-long)               â”‚                                                                                        â”‚
â”‚        â”‚        â”‚ src/requests/api.py:139:0: C0301: Line too long (106/100) (line-too-long)               â”‚                                                                                        â”‚
â”‚        â”‚        â”‚ src/requests/utils.py:286:0: C0301: Line too long (128/100) (line-too-long)             â”‚                                                                                        â”‚
â”‚        â”‚        â”‚ src/requests/utils.py:287:0: C0301: Line too long (105/100) (line-too-long)             â”‚                                                                                        â”‚
â”‚        â”‚        â”‚ src/requests/utils.py:302:0: C0301: Line too long (117/100) (line-too-long)             â”‚                                                                                        â”‚
â”‚        â”‚        â”‚ src/requests/utils.py:563:0: C0301: Line too long (106/100) (line-too-long)             â”‚                                                                                        â”‚
â”‚        â”‚        â”‚ src/requests/utils.py:920:0: C0301: Line too long (118/100) (line-too-long)             â”‚                                                                                        â”‚
â”‚        â”‚        â”‚ src/requests/utils.py:1:0: C0302: Too many lines in module (1099/1000) (too-many-lines) â”‚                                                                                        â”‚
â”‚        â”‚        â”‚ src/requests/utils.py:77:4: C0116: Missing function or method docstring                 â”‚                                                                                        â”‚
â”‚        â”‚        â”‚ (missing-function-docstring)                                                            â”‚                                                                                        â”‚
â”‚        â”‚        â”‚ src/requests/utils.py:79:12: C0415: Import outside toplevel (winreg)                    â”‚                                                                                        â”‚
â”‚        â”‚        â”‚ (import-outside-toplevel)                                                               â”‚                                                                                        â”‚
â”‚        â”‚        â”‚ src/requests/utils.py:84:12: C0103: Variable name "internetSettings" doesn't conform to â”‚                                                                                        â”‚
â”‚        â”‚        â”‚ snake_case naming style (invalid-name)                                                  â”‚                                                                                        â”‚
â”‚        â”‚        â”‚ src/requests/utils.py:89:12: C0103: Variable name "proxyEnable" doesn't conform to      â”‚                                                                                        â”‚
â”‚        â”‚        â”‚ snake_case naming style (invalid-name)                                                  â”‚                                                                                        â”‚
â”‚        â”‚        â”‚ src/requests/utils.py:91:12: C0103: Variable name "proxyOverride" doesn't conform to    â”‚                                                                                        â”‚
â”‚        â”‚        â”‚ snake_case naming style (invalid-name)                                                  â”‚                                                                                        â”‚
â”‚        â”‚        â”‚ src/requests/utils.pyğŸ’¯8: C0103: Variable name "proxyOverride" doesn't conform to       â”‚                                                                                        â”‚
â”‚        â”‚        â”‚ snake_case naming style (invalid-name)                                                  â”‚                                                                                        â”‚
â”‚        â”‚        â”‚ src/requests/utils.py:102:8: C0103: Variable name "proxyOverride" doesn't conform to    â”‚                                                                                        â”‚
â”‚        â”‚        â”‚ snake_case naming style (invalid-name)                                                  â”‚                                                                                        â”‚
â”‚        â”‚        â”‚ src/requests/utils.py:115:4: E0102: function already defined line 44                    â”‚                                                                                        â”‚
â”‚        â”‚        â”‚ (function-redefined)                                                                    â”‚                                                                                        â”‚
â”‚        â”‚        â”‚ src/requests/utils.py:121:8: R1705: Unnecessary "else" after "return", remove the       â”‚                                                                                        â”‚
â”‚        â”‚        â”‚ "else" and de-indent the code inside it (no-else-return)                                â”‚                                                                                        â”‚
â”‚        â”‚        â”‚ src/requests/utils.py:136:0: C0116: Missing function or method docstring                â”‚                                                                                        â”‚
â”‚        â”‚        â”‚ (missing-function-docstring)                                                            â”‚                                                                                        â”‚
â”‚        â”‚        â”‚ src/requests/utils.py:136:0: R0912: Too many branches (14/12) (too-many-branches)       â”‚                                                                                        â”‚
â”‚        â”‚        â”‚ src/requests/utils.py:217:8: C0415: Import outside toplevel (netrc.NetrcParseError,     â”‚                                                                                        â”‚
â”‚        â”‚        â”‚ netrc.netrc) (import-outside-toplevel)                                                  â”‚                                                                                        â”‚
â”‚        â”‚        â”‚ src/requests/utils.py:207:0: R1710: Either all return statements in a function should   â”‚                                                                                        â”‚
â”‚        â”‚        â”‚ return an expression, or none of them should. (inconsistent-return-statements)          â”‚                                                                                        â”‚
â”‚        â”‚        â”‚ src/requests/utils.py:264:0: R1710: Either all return statements in a function should   â”‚                                                                                        â”‚
â”‚        â”‚        â”‚ return an expression, or none of them should. (inconsistent-return-statements)          â”‚                                                                                        â”‚
â”‚        â”‚        â”‚ src/requests/utils.py:294:15: R1732: Consider using 'with' for resource-allocating      â”‚                                                                                        â”‚
â”‚        â”‚        â”‚ operations (consider-using-with)                                                        â”‚                                                                                        â”‚
â”‚        â”‚        â”‚ src/requests/utils.py:542:0: R1710: Either all return statements in a function should   â”‚                                                                                        â”‚
â”‚        â”‚        â”‚ return an expression, or none of them should. (inconsistent-return-statements)          â”‚                                                                                        â”‚
â”‚        â”‚        â”‚ src/requests/utils.py:768:0: R0912: Too many branches (14/12) (too-many-branches)       â”‚                                                                                        â”‚
â”‚        â”‚        â”‚ src/requests/utils.py:835:4: R1705: Unnecessary "else" after "return", remove the       â”‚                                                                                        â”‚
â”‚        â”‚        â”‚ "else" and de-indent the code inside it (no-else-return)                                â”‚                                                                                        â”‚
â”‚        â”‚        â”‚ src/requests/utils.py:955:0: C0103: Constant name "_null" doesn't conform to UPPER_CASE â”‚                                                                                        â”‚
â”‚        â”‚        â”‚ naming style (invalid-name)                                                             â”‚                                                                                        â”‚
â”‚        â”‚        â”‚ src/requests/utils.py:956:0: C0103: Constant name "_null2" doesn't conform to           â”‚                                                                                        â”‚
â”‚        â”‚        â”‚ UPPER_CASE naming style (invalid-name)                                                  â”‚                                                                                        â”‚
â”‚        â”‚        â”‚ src/requests/utils.py:957:0: C0103: Constant name "_null3" doesn't conform to           â”‚                                                                                        â”‚
â”‚        â”‚        â”‚ UPPER_CASE naming style (invalid-name)                                                  â”‚                                                                                        â”‚
â”‚        â”‚        â”‚ src/requests/utils.py:960:0: R0911: Too many return statements (9/6)                    â”‚                                                                                        â”‚
â”‚        â”‚        â”‚ (too-many-return-statements)                                                            â”‚                                                                                        â”‚
â”‚        â”‚        â”‚ src/requests/structures.py:76:4: C0116: Missing function or method docstring            â”‚                                                                                        â”‚
â”‚        â”‚        â”‚ (missing-function-docstring)                                                            â”‚                                                                                        â”‚
â”‚        â”‚        â”‚ src/requests/help.py:50:33: C0209: Formatting a regular string which could be an        â”‚                                                                                        â”‚
â”‚        â”‚        â”‚ f-string (consider-using-f-string)                                                      â”‚                                                                                        â”‚
â”‚        â”‚        â”‚ src/requests/help.py:51:12: E1101: Module 'sys' has no 'pypy_version_info' member       â”‚                                                                                        â”‚
â”‚        â”‚        â”‚ (no-member)                                                                             â”‚                                                                                        â”‚
â”‚        â”‚        â”‚ src/requests/help.py:52:12: E1101: Module 'sys' has no 'pypy_version_info' member       â”‚                                                                                        â”‚
â”‚        â”‚        â”‚ (no-member)                                                                             â”‚                                                                                        â”‚
â”‚        â”‚        â”‚ src/requests/help.py:53:12: E1101: Module 'sys' has no 'pypy_version_info' member       â”‚                                                                                        â”‚
â”‚        â”‚        â”‚ (no-member)                                                                             â”‚                                                                                        â”‚
â”‚        â”‚        â”‚ src/requests/help.py:55:11: E1101: Module 'sys' has no 'pypy_version_info' member       â”‚                                                                                        â”‚
â”‚        â”‚        â”‚ (no-member)                                                                             â”‚                                                                                        â”‚
â”‚        â”‚        â”‚ src/requests/help.py:57:41: E1101: Module 'sys' has no 'pypy_version_info' member       â”‚                                                                                        â”‚
â”‚        â”‚        â”‚ (no-member)                                                                             â”‚                                                                                        â”‚
â”‚        â”‚        â”‚ src/requests/adapters.py:63:4: C0116: Missing function or method docstring              â”‚                                                                                        â”‚
â”‚        â”‚        â”‚ (missing-function-docstring)                                                            â”‚                                                                                        â”‚
â”‚        â”‚        â”‚ src/requests/adapters.py:63:4: C0103: Function name "SOCKSProxyManager" doesn't conform â”‚                                                                                        â”‚
â”‚        â”‚        â”‚ to snake_case naming style (invalid-name)                                               â”‚                                                                                        â”‚
â”‚        â”‚        â”‚ src/requests/adapters.py:87:4: C0103: Constant name "_preloaded_ssl_context" doesn't    â”‚                                                                                        â”‚
â”‚        â”‚        â”‚ conform to UPPER_CASE naming style (invalid-name)                                       â”‚                                                                                        â”‚
â”‚        â”‚        â”‚ src/requests/adapters.py:143:4: R0913: Too many arguments (7/5) (too-many-arguments)    â”‚                                                                                        â”‚
â”‚        â”‚        â”‚ src/requests/adapters.py:143:4: R0917: Too many positional arguments (7/5)              â”‚                                                                                        â”‚
â”‚        â”‚        â”‚ (too-many-positional-arguments)                                                         â”‚                                                                                        â”‚
â”‚        â”‚        â”‚ src/requests/adapters.py:613:4: R0913: Too many arguments (7/5) (too-many-arguments)    â”‚                                                                                        â”‚
â”‚        â”‚        â”‚ src/requests/adapters.py:613:4: R0917: Too many positional arguments (7/5)              â”‚                                                                                        â”‚
â”‚        â”‚        â”‚ (too-many-positional-arguments)                                                         â”‚                                                                                        â”‚
â”‚        â”‚        â”‚ src/requests/adapters.py:709:12: R1720: Unnecessary "elif" after "raise", remove the    â”‚                                                                                        â”‚
â”‚        â”‚        â”‚ leading "el" from "elif" (no-else-raise)                                                â”‚                                                                                        â”‚
â”‚        â”‚        â”‚ src/requests/adapters.py:613:4: R0912: Too many branches (19/12) (too-many-branches)    â”‚                                                                                        â”‚
â”‚        â”‚        â”‚ src/requests/adapters.py:613:4: R0915: Too many statements (51/50)                      â”‚                                                                                        â”‚
â”‚        â”‚        â”‚ (too-many-statements)                                                                   â”‚                                                                                        â”‚
â”‚        â”‚        â”‚ src/requests/adapters.py:1:0: R0801: Similar lines in 2 files                           â”‚                                                                                        â”‚
â””â”€â”€â”€â”€â”€â”€â”€â”€â”´â”€â”€â”€â”€â”€â”€â”€â”€â”´â”€â”€â”€â”€â”€â”€â”€â”€â”€â”€â”€â”€â”€â”€â”€â”€â”€â”€â”€â”€â”€â”€â”€â”€â”€â”€â”€â”€â”€â”€â”€â”€â”€â”€â”€â”€â”€â”€â”€â”€â”€â”€â”€â”€â”€â”€â”€â”€â”€â”€â”€â”€â”€â”€â”€â”€â”€â”€â”€â”€â”€â”€â”€â”€â”€â”€â”€â”€â”€â”€â”€â”€â”€â”€â”€â”€â”€â”€â”€â”€â”€â”€â”€â”€â”€â”€â”€â”€â”€â”´â”€â”€â”€â”€â”€â”€â”€â”€â”€â”€â”€â”€â”€â”€â”€â”€â”€â”€â”€â”€â”€â”€â”€â”€â”€â”€â”€â”€â”€â”€â”€â”€â”€â”€â”€â”€â”€â”€â”€â”€â”€â”€â”€â”€â”€â”€â”€â”€â”€â”€â”€â”€â”€â”€â”€â”€â”€â”€â”€â”€â”€â”€â”€â”€â”€â”€â”€â”€â”€â”€â”€â”€â”€â”€â”€â”€â”€â”€â”€â”€â”€â”€â”€â”€â”€â”€â”€â”€â”˜
Error: Overall Score (94.0) is below the threshold (100.0).
